#
# There is insufficient memory for the Java Runtime Environment to continue.
# Native memory allocation (malloc) failed to allocate 905456 bytes for Chunk::new
# Possible reasons:
#   The system is out of physical RAM or swap space
#   The process is running with CompressedOops enabled, and the Java Heap may be blocking the growth of the native heap
# Possible solutions:
#   Reduce memory load on the system
#   Increase physical memory or swap space
#   Check if swap backing store is full
#   Decrease Java heap size (-Xmx/-Xms)
#   Decrease number of Java threads
#   Decrease Java thread stack sizes (-Xss)
#   Set larger code cache with -XX:ReservedCodeCacheSize=
#   JVM is running with Unscaled Compressed Oops mode in which the Java heap is
#     placed in the first 4GB address space. The Java Heap base address is the
#     maximum limit for the native heap growth. Please use -XX:HeapBaseMinAddress
#     to set the Java Heap base and to place the Java Heap above 4GB virtual address.
# This output file may be truncated or incomplete.
#
#  Out of Memory Error (./src/hotspot/share/memory/arena.cpp:197), pid=122376, tid=123140
#
# JRE version: OpenJDK Runtime Environment (11.0.10) (build 11.0.10+0-b96-7249189)
# Java VM: OpenJDK 64-Bit Server VM (11.0.10+0-b96-7249189, mixed mode, tiered, compressed oops, g1 gc, windows-amd64)
# No core dump will be written. Minidumps are not enabled by default on client versions of Windows
#

---------------  S U M M A R Y ------------

Command Line: --add-opens=java.base/java.util=ALL-UNNAMED --add-opens=java.base/java.lang=ALL-UNNAMED --add-opens=java.base/java.lang.invoke=ALL-UNNAMED --add-opens=java.base/java.util=ALL-UNNAMED --add-opens=java.prefs/java.util.prefs=ALL-UNNAMED --add-opens=java.prefs/java.util.prefs=ALL-UNNAMED --add-opens=java.base/java.nio.charset=ALL-UNNAMED --add-opens=java.base/java.net=ALL-UNNAMED --add-opens=java.base/java.util.concurrent.atomic=ALL-UNNAMED -Xmx1536M -Dfile.encoding=windows-1252 -Duser.country=US -Duser.language=en -Duser.variant org.gradle.launcher.daemon.bootstrap.GradleDaemon 7.4

Host: AMD Ryzen 7 4700U with Radeon Graphics         , 8 cores, 7G,  Windows 10 , 64 bit Build 22000 (10.0.22000.708)
Time: Mon Oct 24 21:18:38 2022 Central America Standard Time elapsed time: 17.054800 seconds (0d 0h 0m 17s)

---------------  T H R E A D  ---------------

Current thread (0x000001c0b5b6b000):  JavaThread "C2 CompilerThread0" daemon [_thread_in_native, id=123140, stack(0x0000007c34500000,0x0000007c34600000)]


Current CompileTask:
C2:  17054 9289 %     4       org.gradle.internal.logging.text.AbstractLineChoppingStyledTextOutput::doAppend @ 10 (43 bytes)

Stack: [0x0000007c34500000,0x0000007c34600000]
Native frames: (J=compiled Java code, j=interpreted, Vv=VM code, C=native code)
V  [jvm.dll+0x5ecfaa]
V  [jvm.dll+0x722bd5]
V  [jvm.dll+0x72412d]
V  [jvm.dll+0x7247e3]
V  [jvm.dll+0x242928]
V  [jvm.dll+0xbc4fc]
V  [jvm.dll+0xbca0c]
V  [jvm.dll+0x352d3b]
V  [jvm.dll+0x320ad3]
V  [jvm.dll+0x31ffca]
V  [jvm.dll+0x1fb602]
V  [jvm.dll+0x1fa7f4]
V  [jvm.dll+0x18354c]
V  [jvm.dll+0x208ee7]
V  [jvm.dll+0x207731]
V  [jvm.dll+0x6eb1cf]
V  [jvm.dll+0x6e3d45]
V  [jvm.dll+0x5ebe96]
C  [ucrtbase.dll+0x26c0c]
C  [KERNEL32.DLL+0x154e0]
C  [ntdll.dll+0x485b]


---------------  P R O C E S S  ---------------

Threads class SMR info:
_java_thread_list=0x000001c0beab9b20, length=137, elements={
0x000001c09c084000, 0x000001c0b51d1000, 0x000001c0b51d3800, 0x000001c0b5b63800,
0x000001c0b5b64800, 0x000001c0b5b65800, 0x000001c0b5b6b000, 0x000001c0b5b6c800,
0x000001c0b5b71800, 0x000001c0b5cb9000, 0x000001c0b7636000, 0x000001c0b7625800,
0x000001c0b76c4800, 0x000001c0b730e800, 0x000001c0b745e000, 0x000001c0b7b04000,
0x000001c0b7370800, 0x000001c0b76a8800, 0x000001c0b7a80000, 0x000001c0b7a84000,
0x000001c0b7a7e000, 0x000001c0b7a80800, 0x000001c0b7a84800, 0x000001c0b7a7f000,
0x000001c0b7a83000, 0x000001c0b7a81800, 0x000001c0b7a82000, 0x000001c0b8831800,
0x000001c0b882e800, 0x000001c0b8832800, 0x000001c0b8831000, 0x000001c0b8830000,
0x000001c0b8835000, 0x000001c0ba057800, 0x000001c0ba055000, 0x000001c0ba052800,
0x000001c0ba059000, 0x000001c0ba056800, 0x000001c0ba053800, 0x000001c0ba055800,
0x000001c0ba05b800, 0x000001c0ba05a000, 0x000001c0ba05a800, 0x000001c0ba05c800,
0x000001c0ba05d000, 0x000001c0ba05e000, 0x000001c0ba05e800, 0x000001c0ba060800,
0x000001c0ba05f800, 0x000001c0ba061000, 0x000001c0ba22d000, 0x000001c0ba22e000,
0x000001c0ba230800, 0x000001c0ba22e800, 0x000001c0ba232000, 0x000001c0ba22f800,
0x000001c0ba231000, 0x000001c0ba22c000, 0x000001c0ba238800, 0x000001c0ba233800,
0x000001c0ba235000, 0x000001c0ba234800, 0x000001c0ba236000, 0x000001c0ba237000,
0x000001c0ba237800, 0x000001c0ba232800, 0x000001c0ba239800, 0x000001c0ba23b000,
0x000001c0ba23a000, 0x000001c0b8869800, 0x000001c0b886a800, 0x000001c0b886b800,
0x000001c0b886d000, 0x000001c0b886e800, 0x000001c0b8872000, 0x000001c0b886c000,
0x000001c0b886f800, 0x000001c0b8871000, 0x000001c0b8870000, 0x000001c0b8872800,
0x000001c0b8873800, 0x000001c0b886e000, 0x000001c0b8874800, 0x000001c0b8875000,
0x000001c0b8876000, 0x000001c0b8877000, 0x000001c0b8877800, 0x000001c0b8878800,
0x000001c0b601f000, 0x000001c0b6022800, 0x000001c0b6020000, 0x000001c0b601e000,
0x000001c0b6026800, 0x000001c0b6023000, 0x000001c0b6021800, 0x000001c0b6024000,
0x000001c0b6025000, 0x000001c0b6025800, 0x000001c0b6020800, 0x000001c0b602b800,
0x000001c0b6027000, 0x000001c0b602d000, 0x000001c0b6028000, 0x000001c0b602c000,
0x000001c0b602a800, 0x000001c0b6029000, 0x000001c0b6029800, 0x000001c0b8765800,
0x000001c0b8764800, 0x000001c0b8762000, 0x000001c0b8764000, 0x000001c0b8760800,
0x000001c0b8766800, 0x000001c0b8767000, 0x000001c0b8763000, 0x000001c0b8761800,
0x000001c0b876a800, 0x000001c0b876d800, 0x000001c0b876b000, 0x000001c0b8768800,
0x000001c0b8768000, 0x000001c0b876f000, 0x000001c0b876d000, 0x000001c0b8769800,
0x000001c0b876e800, 0x000001c0bea9f800, 0x000001c0beaa3000, 0x000001c0beaa0800,
0x000001c0beaa3800, 0x000001c0beaa1000, 0x000001c0beaa2000, 0x000001c0bea9e800,
0x000001c0bea9e000, 0x000001c0beaa7800, 0x000001c0beaa8800, 0x000001c0beaa4800,
0x000001c0beaab000
}

Java Threads: ( => current thread )
  0x000001c09c084000 JavaThread "main" [_thread_blocked, id=96260, stack(0x0000007c33800000,0x0000007c33900000)]
  0x000001c0b51d1000 JavaThread "Reference Handler" daemon [_thread_blocked, id=123064, stack(0x0000007c33f00000,0x0000007c34000000)]
  0x000001c0b51d3800 JavaThread "Finalizer" daemon [_thread_blocked, id=123964, stack(0x0000007c34000000,0x0000007c34100000)]
  0x000001c0b5b63800 JavaThread "Signal Dispatcher" daemon [_thread_blocked, id=110896, stack(0x0000007c34200000,0x0000007c34300000)]
  0x000001c0b5b64800 JavaThread "Attach Listener" daemon [_thread_blocked, id=124612, stack(0x0000007c34300000,0x0000007c34400000)]
  0x000001c0b5b65800 JavaThread "Service Thread" daemon [_thread_blocked, id=57144, stack(0x0000007c34400000,0x0000007c34500000)]
=>0x000001c0b5b6b000 JavaThread "C2 CompilerThread0" daemon [_thread_in_native, id=123140, stack(0x0000007c34500000,0x0000007c34600000)]
  0x000001c0b5b6c800 JavaThread "C1 CompilerThread0" daemon [_thread_blocked, id=122800, stack(0x0000007c34600000,0x0000007c34700000)]
  0x000001c0b5b71800 JavaThread "Sweeper thread" daemon [_thread_blocked, id=119592, stack(0x0000007c34700000,0x0000007c34800000)]
  0x000001c0b5cb9000 JavaThread "Common-Cleaner" daemon [_thread_blocked, id=122000, stack(0x0000007c34800000,0x0000007c34900000)]
  0x000001c0b7636000 JavaThread "Daemon health stats" [_thread_blocked, id=124056, stack(0x0000007c34b00000,0x0000007c34c00000)]
  0x000001c0b7625800 JavaThread "Incoming local TCP Connector on port 53641" [_thread_in_native, id=120304, stack(0x0000007c34c00000,0x0000007c34d00000)]
  0x000001c0b76c4800 JavaThread "Daemon periodic checks" [_thread_blocked, id=123220, stack(0x0000007c34d00000,0x0000007c34e00000)]
  0x000001c0b730e800 JavaThread "Daemon" [_thread_blocked, id=114208, stack(0x0000007c34e00000,0x0000007c34f00000)]
  0x000001c0b745e000 JavaThread "Handler for socket connection from /127.0.0.1:53641 to /127.0.0.1:53642" [_thread_in_native, id=124024, stack(0x0000007c34f00000,0x0000007c35000000)]
  0x000001c0b7b04000 JavaThread "Cancel handler" [_thread_blocked, id=124004, stack(0x0000007c35000000,0x0000007c35100000)]
  0x000001c0b7370800 JavaThread "Daemon worker" [_thread_blocked, id=124660, stack(0x0000007c35100000,0x0000007c35200000)]
  0x000001c0b76a8800 JavaThread "Asynchronous log dispatcher for DefaultDaemonConnection: socket connection from /127.0.0.1:53641 to /127.0.0.1:53642" [_thread_blocked, id=120848, stack(0x0000007c35200000,0x0000007c35300000)]
  0x000001c0b7a80000 JavaThread "Stdin handler" [_thread_blocked, id=123420, stack(0x0000007c35300000,0x0000007c35400000)]
  0x000001c0b7a84000 JavaThread "Daemon client event forwarder" [_thread_blocked, id=119940, stack(0x0000007c35400000,0x0000007c35500000)]
  0x000001c0b7a7e000 JavaThread "Cache worker for journal cache (C:\Users\Jaca\.gradle\caches\journal-1)" [_thread_blocked, id=122996, stack(0x0000007c35d00000,0x0000007c35e00000)]
  0x000001c0b7a80800 JavaThread "File lock request listener" [_thread_in_native, id=118320, stack(0x0000007c35e00000,0x0000007c35f00000)]
  0x000001c0b7a84800 JavaThread "Cache worker for file hash cache (C:\Users\Jaca\.gradle\caches\7.4\fileHashes)" [_thread_blocked, id=123980, stack(0x0000007c35f00000,0x0000007c36000000)]
  0x000001c0b7a7f000 JavaThread "File watcher server" daemon [_thread_in_native, id=123192, stack(0x0000007c36100000,0x0000007c36200000)]
  0x000001c0b7a83000 JavaThread "File watcher consumer" daemon [_thread_blocked, id=117676, stack(0x0000007c36200000,0x0000007c36300000)]
  0x000001c0b7a81800 JavaThread "Cache worker for checksums cache (C:\Users\Jaca\Desktop\Proyectos\AcademyApp\Flutter\acdemy\android\.gradle\7.4\checksums)" [_thread_blocked, id=116600, stack(0x0000007c36300000,0x0000007c36400000)]
  0x000001c0b7a82000 JavaThread "Cache worker for cache directory md-rule (C:\Users\Jaca\.gradle\caches\7.4\md-rule)" [_thread_blocked, id=123428, stack(0x0000007c36400000,0x0000007c36500000)]
  0x000001c0b8831800 JavaThread "Cache worker for file hash cache (C:\Users\Jaca\Desktop\Proyectos\AcademyApp\Flutter\acdemy\android\.gradle\7.4\fileHashes)" [_thread_blocked, id=124736, stack(0x0000007c36500000,0x0000007c36600000)]
  0x000001c0b882e800 JavaThread "Cache worker for cache directory md-supplier (C:\Users\Jaca\.gradle\caches\7.4\md-supplier)" [_thread_blocked, id=123936, stack(0x0000007c36600000,0x0000007c36700000)]
  0x000001c0b8832800 JavaThread "Cache worker for execution history cache (C:\Users\Jaca\.gradle\caches\7.4\executionHistory)" [_thread_blocked, id=122008, stack(0x0000007c36700000,0x0000007c36800000)]
  0x000001c0b8831000 JavaThread "jar transforms" [_thread_blocked, id=122524, stack(0x0000007c36800000,0x0000007c36900000)]
  0x000001c0b8830000 JavaThread "jar transforms Thread 2" [_thread_blocked, id=123248, stack(0x0000007c36900000,0x0000007c36a00000)]
  0x000001c0b8835000 JavaThread "Cache worker for file content cache (C:\Users\Jaca\.gradle\caches\7.4\fileContent)" [_thread_blocked, id=124752, stack(0x0000007c36a00000,0x0000007c36b00000)]
  0x000001c0ba057800 JavaThread "jar transforms Thread 3" [_thread_blocked, id=124624, stack(0x0000007c36b00000,0x0000007c36c00000)]
  0x000001c0ba055000 JavaThread "jar transforms Thread 4" [_thread_blocked, id=122344, stack(0x0000007c36c00000,0x0000007c36d00000)]
  0x000001c0ba052800 JavaThread "Cache worker for dependencies-accessors (C:\Users\Jaca\Desktop\Proyectos\AcademyApp\Flutter\acdemy\android\.gradle\7.4\dependencies-accessors)" [_thread_blocked, id=119228, stack(0x0000007c36d00000,0x0000007c36e00000)]
  0x000001c0ba059000 JavaThread "jar transforms Thread 5" [_thread_blocked, id=123580, stack(0x0000007c36e00000,0x0000007c36f00000)]
  0x000001c0ba056800 JavaThread "Cache worker for Build Output Cleanup Cache (C:\Users\Jaca\Desktop\Proyectos\AcademyApp\Flutter\acdemy\android\.gradle\buildOutputCleanup)" [_thread_blocked, id=124844, stack(0x0000007c36f00000,0x0000007c37000000)]
  0x000001c0ba053800 JavaThread "Unconstrained build operations" [_thread_blocked, id=120272, stack(0x0000007c37000000,0x0000007c37100000)]
  0x000001c0ba055800 JavaThread "Unconstrained build operations Thread 2" [_thread_blocked, id=123540, stack(0x0000007c37100000,0x0000007c37200000)]
  0x000001c0ba05b800 JavaThread "Unconstrained build operations Thread 3" [_thread_blocked, id=123288, stack(0x0000007c37200000,0x0000007c37300000)]
  0x000001c0ba05a000 JavaThread "Unconstrained build operations Thread 4" [_thread_blocked, id=124168, stack(0x0000007c37300000,0x0000007c37400000)]
  0x000001c0ba05a800 JavaThread "Unconstrained build operations Thread 5" [_thread_blocked, id=121896, stack(0x0000007c37400000,0x0000007c37500000)]
  0x000001c0ba05c800 JavaThread "Unconstrained build operations Thread 6" [_thread_blocked, id=124304, stack(0x0000007c37500000,0x0000007c37600000)]
  0x000001c0ba05d000 JavaThread "Unconstrained build operations Thread 7" [_thread_blocked, id=117400, stack(0x0000007c37600000,0x0000007c37700000)]
  0x000001c0ba05e000 JavaThread "Unconstrained build operations Thread 8" [_thread_blocked, id=124528, stack(0x0000007c37700000,0x0000007c37800000)]
  0x000001c0ba05e800 JavaThread "Unconstrained build operations Thread 9" [_thread_blocked, id=124756, stack(0x0000007c37800000,0x0000007c37900000)]
  0x000001c0ba060800 JavaThread "Unconstrained build operations Thread 10" [_thread_blocked, id=123912, stack(0x0000007c37900000,0x0000007c37a00000)]
  0x000001c0ba05f800 JavaThread "Unconstrained build operations Thread 11" [_thread_blocked, id=124924, stack(0x0000007c37a00000,0x0000007c37b00000)]
  0x000001c0ba061000 JavaThread "Unconstrained build operations Thread 12" [_thread_blocked, id=123548, stack(0x0000007c37b00000,0x0000007c37c00000)]
  0x000001c0ba22d000 JavaThread "Unconstrained build operations Thread 13" [_thread_blocked, id=121624, stack(0x0000007c37c00000,0x0000007c37d00000)]
  0x000001c0ba22e000 JavaThread "Unconstrained build operations Thread 14" [_thread_blocked, id=121332, stack(0x0000007c37d00000,0x0000007c37e00000)]
  0x000001c0ba230800 JavaThread "Unconstrained build operations Thread 15" [_thread_blocked, id=123144, stack(0x0000007c37e00000,0x0000007c37f00000)]
  0x000001c0ba22e800 JavaThread "Unconstrained build operations Thread 16" [_thread_blocked, id=120800, stack(0x0000007c37f00000,0x0000007c38000000)]
  0x000001c0ba232000 JavaThread "Unconstrained build operations Thread 17" [_thread_blocked, id=124664, stack(0x0000007c38000000,0x0000007c38100000)]
  0x000001c0ba22f800 JavaThread "Unconstrained build operations Thread 18" [_thread_blocked, id=118764, stack(0x0000007c38100000,0x0000007c38200000)]
  0x000001c0ba231000 JavaThread "Unconstrained build operations Thread 19" [_thread_blocked, id=119152, stack(0x0000007c38200000,0x0000007c38300000)]
  0x000001c0ba22c000 JavaThread "Unconstrained build operations Thread 20" [_thread_blocked, id=124560, stack(0x0000007c38300000,0x0000007c38400000)]
  0x000001c0ba238800 JavaThread "Unconstrained build operations Thread 21" [_thread_blocked, id=123868, stack(0x0000007c38400000,0x0000007c38500000)]
  0x000001c0ba233800 JavaThread "Unconstrained build operations Thread 22" [_thread_blocked, id=124220, stack(0x0000007c38500000,0x0000007c38600000)]
  0x000001c0ba235000 JavaThread "Unconstrained build operations Thread 23" [_thread_blocked, id=122372, stack(0x0000007c38600000,0x0000007c38700000)]
  0x000001c0ba234800 JavaThread "Unconstrained build operations Thread 24" [_thread_blocked, id=122056, stack(0x0000007c38700000,0x0000007c38800000)]
  0x000001c0ba236000 JavaThread "Unconstrained build operations Thread 25" [_thread_blocked, id=124276, stack(0x0000007c38800000,0x0000007c38900000)]
  0x000001c0ba237000 JavaThread "Unconstrained build operations Thread 26" [_thread_blocked, id=123496, stack(0x0000007c38900000,0x0000007c38a00000)]
  0x000001c0ba237800 JavaThread "Unconstrained build operations Thread 27" [_thread_blocked, id=122980, stack(0x0000007c38a00000,0x0000007c38b00000)]
  0x000001c0ba232800 JavaThread "Unconstrained build operations Thread 28" [_thread_blocked, id=120120, stack(0x0000007c38b00000,0x0000007c38c00000)]
  0x000001c0ba239800 JavaThread "Unconstrained build operations Thread 29" [_thread_blocked, id=120564, stack(0x0000007c38c00000,0x0000007c38d00000)]
  0x000001c0ba23b000 JavaThread "Unconstrained build operations Thread 30" [_thread_blocked, id=124124, stack(0x0000007c38d00000,0x0000007c38e00000)]
  0x000001c0ba23a000 JavaThread "Unconstrained build operations Thread 31" [_thread_blocked, id=120648, stack(0x0000007c38e00000,0x0000007c38f00000)]
  0x000001c0b8869800 JavaThread "Unconstrained build operations Thread 32" [_thread_blocked, id=123280, stack(0x0000007c38f00000,0x0000007c39000000)]
  0x000001c0b886a800 JavaThread "Unconstrained build operations Thread 33" [_thread_blocked, id=122624, stack(0x0000007c39000000,0x0000007c39100000)]
  0x000001c0b886b800 JavaThread "Unconstrained build operations Thread 34" [_thread_blocked, id=51940, stack(0x0000007c39100000,0x0000007c39200000)]
  0x000001c0b886d000 JavaThread "Unconstrained build operations Thread 35" [_thread_blocked, id=121740, stack(0x0000007c39200000,0x0000007c39300000)]
  0x000001c0b886e800 JavaThread "Unconstrained build operations Thread 36" [_thread_blocked, id=124200, stack(0x0000007c39300000,0x0000007c39400000)]
  0x000001c0b8872000 JavaThread "Unconstrained build operations Thread 37" [_thread_blocked, id=122648, stack(0x0000007c39400000,0x0000007c39500000)]
  0x000001c0b886c000 JavaThread "Unconstrained build operations Thread 38" [_thread_blocked, id=120400, stack(0x0000007c39500000,0x0000007c39600000)]
  0x000001c0b886f800 JavaThread "Unconstrained build operations Thread 39" [_thread_blocked, id=120712, stack(0x0000007c39600000,0x0000007c39700000)]
  0x000001c0b8871000 JavaThread "Unconstrained build operations Thread 40" [_thread_blocked, id=119908, stack(0x0000007c39700000,0x0000007c39800000)]
  0x000001c0b8870000 JavaThread "Unconstrained build operations Thread 41" [_thread_blocked, id=123636, stack(0x0000007c39800000,0x0000007c39900000)]
  0x000001c0b8872800 JavaThread "Unconstrained build operations Thread 42" [_thread_blocked, id=124716, stack(0x0000007c39900000,0x0000007c39a00000)]
  0x000001c0b8873800 JavaThread "Unconstrained build operations Thread 43" [_thread_blocked, id=122040, stack(0x0000007c39a00000,0x0000007c39b00000)]
  0x000001c0b886e000 JavaThread "Unconstrained build operations Thread 44" [_thread_blocked, id=124608, stack(0x0000007c39b00000,0x0000007c39c00000)]
  0x000001c0b8874800 JavaThread "Unconstrained build operations Thread 45" [_thread_blocked, id=123128, stack(0x0000007c39c00000,0x0000007c39d00000)]
  0x000001c0b8875000 JavaThread "Unconstrained build operations Thread 46" [_thread_blocked, id=122836, stack(0x0000007c39d00000,0x0000007c39e00000)]
  0x000001c0b8876000 JavaThread "Unconstrained build operations Thread 47" [_thread_blocked, id=124192, stack(0x0000007c39e00000,0x0000007c39f00000)]
  0x000001c0b8877000 JavaThread "Unconstrained build operations Thread 48" [_thread_blocked, id=118736, stack(0x0000007c39f00000,0x0000007c3a000000)]
  0x000001c0b8877800 JavaThread "Unconstrained build operations Thread 49" [_thread_blocked, id=114092, stack(0x0000007c3a000000,0x0000007c3a100000)]
  0x000001c0b8878800 JavaThread "Unconstrained build operations Thread 50" [_thread_blocked, id=122480, stack(0x0000007c3a100000,0x0000007c3a200000)]
  0x000001c0b601f000 JavaThread "Unconstrained build operations Thread 51" [_thread_blocked, id=122868, stack(0x0000007c3a200000,0x0000007c3a300000)]
  0x000001c0b6022800 JavaThread "Unconstrained build operations Thread 52" [_thread_blocked, id=122968, stack(0x0000007c3a300000,0x0000007c3a400000)]
  0x000001c0b6020000 JavaThread "Unconstrained build operations Thread 53" [_thread_blocked, id=119532, stack(0x0000007c3a400000,0x0000007c3a500000)]
  0x000001c0b601e000 JavaThread "Unconstrained build operations Thread 54" [_thread_blocked, id=115176, stack(0x0000007c3a500000,0x0000007c3a600000)]
  0x000001c0b6026800 JavaThread "Unconstrained build operations Thread 55" [_thread_blocked, id=124552, stack(0x0000007c3a600000,0x0000007c3a700000)]
  0x000001c0b6023000 JavaThread "Unconstrained build operations Thread 56" [_thread_blocked, id=122628, stack(0x0000007c3a700000,0x0000007c3a800000)]
  0x000001c0b6021800 JavaThread "Unconstrained build operations Thread 57" [_thread_blocked, id=123716, stack(0x0000007c3a800000,0x0000007c3a900000)]
  0x000001c0b6024000 JavaThread "Unconstrained build operations Thread 58" [_thread_blocked, id=124500, stack(0x0000007c3a900000,0x0000007c3aa00000)]
  0x000001c0b6025000 JavaThread "Unconstrained build operations Thread 59" [_thread_blocked, id=124524, stack(0x0000007c3aa00000,0x0000007c3ab00000)]
  0x000001c0b6025800 JavaThread "Unconstrained build operations Thread 60" [_thread_blocked, id=121396, stack(0x0000007c3ab00000,0x0000007c3ac00000)]
  0x000001c0b6020800 JavaThread "Unconstrained build operations Thread 61" [_thread_blocked, id=123884, stack(0x0000007c3ac00000,0x0000007c3ad00000)]
  0x000001c0b602b800 JavaThread "Unconstrained build operations Thread 62" [_thread_blocked, id=123788, stack(0x0000007c3ad00000,0x0000007c3ae00000)]
  0x000001c0b6027000 JavaThread "Unconstrained build operations Thread 63" [_thread_blocked, id=122756, stack(0x0000007c3ae00000,0x0000007c3af00000)]
  0x000001c0b602d000 JavaThread "Unconstrained build operations Thread 64" [_thread_blocked, id=123764, stack(0x0000007c3af00000,0x0000007c3b000000)]
  0x000001c0b6028000 JavaThread "Unconstrained build operations Thread 65" [_thread_blocked, id=105132, stack(0x0000007c3b000000,0x0000007c3b100000)]
  0x000001c0b602c000 JavaThread "Unconstrained build operations Thread 66" [_thread_blocked, id=122448, stack(0x0000007c3b100000,0x0000007c3b200000)]
  0x000001c0b602a800 JavaThread "Unconstrained build operations Thread 67" [_thread_blocked, id=118016, stack(0x0000007c3b200000,0x0000007c3b300000)]
  0x000001c0b6029000 JavaThread "Unconstrained build operations Thread 68" [_thread_blocked, id=120344, stack(0x0000007c3b300000,0x0000007c3b400000)]
  0x000001c0b6029800 JavaThread "Unconstrained build operations Thread 69" [_thread_blocked, id=122776, stack(0x0000007c3b400000,0x0000007c3b500000)]
  0x000001c0b8765800 JavaThread "Unconstrained build operations Thread 70" [_thread_blocked, id=124212, stack(0x0000007c3b500000,0x0000007c3b600000)]
  0x000001c0b8764800 JavaThread "Unconstrained build operations Thread 71" [_thread_blocked, id=124668, stack(0x0000007c3b600000,0x0000007c3b700000)]
  0x000001c0b8762000 JavaThread "Unconstrained build operations Thread 72" [_thread_blocked, id=117508, stack(0x0000007c3b700000,0x0000007c3b800000)]
  0x000001c0b8764000 JavaThread "Unconstrained build operations Thread 73" [_thread_blocked, id=123000, stack(0x0000007c3b800000,0x0000007c3b900000)]
  0x000001c0b8760800 JavaThread "Unconstrained build operations Thread 74" [_thread_blocked, id=123960, stack(0x0000007c3b900000,0x0000007c3ba00000)]
  0x000001c0b8766800 JavaThread "Unconstrained build operations Thread 75" [_thread_blocked, id=122972, stack(0x0000007c3ba00000,0x0000007c3bb00000)]
  0x000001c0b8767000 JavaThread "Unconstrained build operations Thread 76" [_thread_blocked, id=124252, stack(0x0000007c3bb00000,0x0000007c3bc00000)]
  0x000001c0b8763000 JavaThread "Unconstrained build operations Thread 77" [_thread_blocked, id=121016, stack(0x0000007c3bc00000,0x0000007c3bd00000)]
  0x000001c0b8761800 JavaThread "Unconstrained build operations Thread 78" [_thread_blocked, id=123448, stack(0x0000007c3bd00000,0x0000007c3be00000)]
  0x000001c0b876a800 JavaThread "Unconstrained build operations Thread 79" [_thread_blocked, id=122772, stack(0x0000007c3be00000,0x0000007c3bf00000)]
  0x000001c0b876d800 JavaThread "Unconstrained build operations Thread 80" [_thread_blocked, id=124540, stack(0x0000007c3bf00000,0x0000007c3c000000)]
  0x000001c0b876b000 JavaThread "jar transforms Thread 6" [_thread_blocked, id=118528, stack(0x0000007c3c000000,0x0000007c3c100000)]
  0x000001c0b8768800 JavaThread "jar transforms Thread 7" [_thread_blocked, id=115624, stack(0x0000007c3c100000,0x0000007c3c200000)]
  0x000001c0b8768000 JavaThread "jar transforms Thread 8" [_thread_blocked, id=119968, stack(0x0000007c3c200000,0x0000007c3c300000)]
  0x000001c0b876f000 JavaThread "Memory manager" [_thread_blocked, id=123492, stack(0x0000007c3c300000,0x0000007c3c400000)]
  0x000001c0b876d000 JavaThread "build event listener" [_thread_blocked, id=119548, stack(0x0000007c3c400000,0x0000007c3c500000)]
  0x000001c0b8769800 JavaThread "pool-3-thread-1" [_thread_blocked, id=122788, stack(0x0000007c3c500000,0x0000007c3c600000)]
  0x000001c0b876e800 JavaThread "build event listener" [_thread_blocked, id=123320, stack(0x0000007c3c600000,0x0000007c3c700000)]
  0x000001c0bea9f800 JavaThread "included builds" [_thread_blocked, id=122900, stack(0x0000007c3c700000,0x0000007c3c800000)]
  0x000001c0beaa3000 JavaThread "Execution worker for ':'" [_thread_blocked, id=122932, stack(0x0000007c3c800000,0x0000007c3c900000)]
  0x000001c0beaa0800 JavaThread "Execution worker for ':' Thread 2" [_thread_blocked, id=117952, stack(0x0000007c3c900000,0x0000007c3ca00000)]
  0x000001c0beaa3800 JavaThread "Execution worker for ':' Thread 3" [_thread_blocked, id=123972, stack(0x0000007c3ca00000,0x0000007c3cb00000)]
  0x000001c0beaa1000 JavaThread "Execution worker for ':' Thread 4" [_thread_blocked, id=121588, stack(0x0000007c3cb00000,0x0000007c3cc00000)]
  0x000001c0beaa2000 JavaThread "Execution worker for ':' Thread 5" [_thread_blocked, id=122876, stack(0x0000007c3cc00000,0x0000007c3cd00000)]
  0x000001c0bea9e800 JavaThread "Execution worker for ':' Thread 6" [_thread_blocked, id=123976, stack(0x0000007c3cd00000,0x0000007c3ce00000)]
  0x000001c0bea9e000 JavaThread "Execution worker for ':' Thread 7" [_thread_blocked, id=120780, stack(0x0000007c3ce00000,0x0000007c3cf00000)]
  0x000001c0beaa7800 JavaThread "Cache worker for execution history cache (C:\Users\Jaca\Desktop\Proyectos\AcademyApp\Flutter\acdemy\android\.gradle\7.4\executionHistory)" [_thread_blocked, id=124836, stack(0x0000007c3cf00000,0x0000007c3d000000)]
  0x000001c0beaa8800 JavaThread "Exec process" [_thread_in_native, id=121684, stack(0x0000007c3d000000,0x0000007c3d100000)]
  0x000001c0beaa4800 JavaThread "Exec process Thread 2" [_thread_in_native, id=122324, stack(0x0000007c3d100000,0x0000007c3d200000)]
  0x000001c0beaab000 JavaThread "Exec process Thread 3" [_thread_in_native, id=123556, stack(0x0000007c3d200000,0x0000007c3d300000)]

Other Threads:
  0x000001c0b51cf000 VMThread "VM Thread" [stack: 0x0000007c33e00000,0x0000007c33f00000] [id=124488]
  0x000001c0b5d27800 WatcherThread [stack: 0x0000007c34900000,0x0000007c34a00000] [id=121568]
  0x000001c09c09e800 GCTaskThread "GC Thread#0" [stack: 0x0000007c33900000,0x0000007c33a00000] [id=118468]
  0x000001c0b6593000 GCTaskThread "GC Thread#1" [stack: 0x0000007c34a00000,0x0000007c34b00000] [id=124848]
  0x000001c0b6ebb800 GCTaskThread "GC Thread#2" [stack: 0x0000007c35500000,0x0000007c35600000] [id=124636]
  0x000001c0b6ebc000 GCTaskThread "GC Thread#3" [stack: 0x0000007c35600000,0x0000007c35700000] [id=124312]
  0x000001c0b7503800 GCTaskThread "GC Thread#4" [stack: 0x0000007c35700000,0x0000007c35800000] [id=122672]
  0x000001c0b7504000 GCTaskThread "GC Thread#5" [stack: 0x0000007c35800000,0x0000007c35900000] [id=116184]
  0x000001c0b7505000 GCTaskThread "GC Thread#6" [stack: 0x0000007c35900000,0x0000007c35a00000] [id=120476]
  0x000001c0b7505800 GCTaskThread "GC Thread#7" [stack: 0x0000007c35a00000,0x0000007c35b00000] [id=124216]
  0x000001c09c0c5000 ConcurrentGCThread "G1 Main Marker" [stack: 0x0000007c33a00000,0x0000007c33b00000] [id=123932]
  0x000001c09c0c7000 ConcurrentGCThread "G1 Conc#0" [stack: 0x0000007c33b00000,0x0000007c33c00000] [id=124508]
  0x000001c0b7a7a000 ConcurrentGCThread "G1 Conc#1" [stack: 0x0000007c36000000,0x0000007c36100000] [id=117956]
  0x000001c09c153800 ConcurrentGCThread "G1 Refine#0" [stack: 0x0000007c33c00000,0x0000007c33d00000] [id=123768]
  0x000001c0b6881800 ConcurrentGCThread "G1 Refine#1" [stack: 0x0000007c35b00000,0x0000007c35c00000] [id=124264]
  0x000001c0b792c800 ConcurrentGCThread "G1 Refine#2" [stack: 0x0000007c35c00000,0x0000007c35d00000] [id=124288]
  0x000001c09c156800 ConcurrentGCThread "G1 Young RemSet Sampling" [stack: 0x0000007c33d00000,0x0000007c33e00000] [id=102888]

Threads with active compile tasks:
C2 CompilerThread0  17076 9289 %     4       org.gradle.internal.logging.text.AbstractLineChoppingStyledTextOutput::doAppend @ 10 (43 bytes)

VM state:not at safepoint (normal execution)

VM Mutex/Monitor currently owned by a thread: None

Heap address: 0x00000000a0000000, size: 1536 MB, Compressed Oops mode: 32-bit
Narrow klass base: 0x0000000000000000, Narrow klass shift: 3
Compressed class space size: 1073741824 Address: 0x0000000100000000

Heap:
 garbage-first heap   total 175104K, used 116633K [0x00000000a0000000, 0x0000000100000000)
  region size 1024K, 29 young (29696K), 4 survivors (4096K)
 Metaspace       used 89094K, capacity 91544K, committed 91724K, reserved 1128448K
  class space    used 11638K, capacity 12571K, committed 12620K, reserved 1048576K
Heap Regions: E=young(eden), S=young(survivor), O=old, HS=humongous(starts), HC=humongous(continues), CS=collection set, F=free, A=archive, TAMS=top-at-mark-start (previous, next)
|   0|0x00000000a0000000, 0x00000000a0100000, 0x00000000a0100000|100%| O|  |TAMS 0x00000000a0100000, 0x00000000a0000000| Untracked 
|   1|0x00000000a0100000, 0x00000000a0200000, 0x00000000a0200000|100%| O|  |TAMS 0x00000000a0200000, 0x00000000a0100000| Untracked 
|   2|0x00000000a0200000, 0x00000000a0300000, 0x00000000a0300000|100%| O|  |TAMS 0x00000000a0300000, 0x00000000a0200000| Untracked 
|   3|0x00000000a0300000, 0x00000000a0400000, 0x00000000a0400000|100%|HS|  |TAMS 0x00000000a0400000, 0x00000000a0300000| Complete 
|   4|0x00000000a0400000, 0x00000000a0500000, 0x00000000a0500000|100%|HC|  |TAMS 0x00000000a0500000, 0x00000000a0400000| Complete 
|   5|0x00000000a0500000, 0x00000000a0600000, 0x00000000a0600000|100%|HC|  |TAMS 0x00000000a0600000, 0x00000000a0500000| Complete 
|   6|0x00000000a0600000, 0x00000000a0700000, 0x00000000a0700000|100%| O|  |TAMS 0x00000000a0700000, 0x00000000a0600000| Untracked 
|   7|0x00000000a0700000, 0x00000000a0800000, 0x00000000a0800000|100%| O|  |TAMS 0x00000000a0800000, 0x00000000a0700000| Untracked 
|   8|0x00000000a0800000, 0x00000000a0900000, 0x00000000a0900000|100%| O|  |TAMS 0x00000000a0900000, 0x00000000a0800000| Untracked 
|   9|0x00000000a0900000, 0x00000000a0a00000, 0x00000000a0a00000|100%| O|  |TAMS 0x00000000a0a00000, 0x00000000a0900000| Untracked 
|  10|0x00000000a0a00000, 0x00000000a0b00000, 0x00000000a0b00000|100%| O|  |TAMS 0x00000000a0b00000, 0x00000000a0a00000| Untracked 
|  11|0x00000000a0b00000, 0x00000000a0c00000, 0x00000000a0c00000|100%| O|  |TAMS 0x00000000a0c00000, 0x00000000a0b00000| Untracked 
|  12|0x00000000a0c00000, 0x00000000a0d00000, 0x00000000a0d00000|100%| O|  |TAMS 0x00000000a0d00000, 0x00000000a0c00000| Untracked 
|  13|0x00000000a0d00000, 0x00000000a0e00000, 0x00000000a0e00000|100%| O|  |TAMS 0x00000000a0e00000, 0x00000000a0d00000| Untracked 
|  14|0x00000000a0e00000, 0x00000000a0f00000, 0x00000000a0f00000|100%| O|  |TAMS 0x00000000a0f00000, 0x00000000a0e00000| Untracked 
|  15|0x00000000a0f00000, 0x00000000a1000000, 0x00000000a1000000|100%| O|  |TAMS 0x00000000a1000000, 0x00000000a0f00000| Untracked 
|  16|0x00000000a1000000, 0x00000000a1100000, 0x00000000a1100000|100%| O|  |TAMS 0x00000000a1100000, 0x00000000a1000000| Untracked 
|  17|0x00000000a1100000, 0x00000000a1200000, 0x00000000a1200000|100%|HS|  |TAMS 0x00000000a1200000, 0x00000000a1100000| Complete 
|  18|0x00000000a1200000, 0x00000000a1300000, 0x00000000a1300000|100%| O|  |TAMS 0x00000000a1300000, 0x00000000a1200000| Untracked 
|  19|0x00000000a1300000, 0x00000000a1400000, 0x00000000a1400000|100%| O|  |TAMS 0x00000000a1400000, 0x00000000a1300000| Untracked 
|  20|0x00000000a1400000, 0x00000000a1500000, 0x00000000a1500000|100%| O|  |TAMS 0x00000000a1500000, 0x00000000a1400000| Untracked 
|  21|0x00000000a1500000, 0x00000000a1600000, 0x00000000a1600000|100%| O|  |TAMS 0x00000000a1600000, 0x00000000a1500000| Untracked 
|  22|0x00000000a1600000, 0x00000000a1700000, 0x00000000a1700000|100%| O|  |TAMS 0x00000000a1700000, 0x00000000a1600000| Untracked 
|  23|0x00000000a1700000, 0x00000000a1800000, 0x00000000a1800000|100%| O|  |TAMS 0x00000000a1800000, 0x00000000a1700000| Untracked 
|  24|0x00000000a1800000, 0x00000000a1900000, 0x00000000a1900000|100%| O|  |TAMS 0x00000000a1900000, 0x00000000a1800000| Untracked 
|  25|0x00000000a1900000, 0x00000000a1a00000, 0x00000000a1a00000|100%| O|  |TAMS 0x00000000a1a00000, 0x00000000a1900000| Untracked 
|  26|0x00000000a1a00000, 0x00000000a1b00000, 0x00000000a1b00000|100%| O|  |TAMS 0x00000000a1b00000, 0x00000000a1a00000| Untracked 
|  27|0x00000000a1b00000, 0x00000000a1c00000, 0x00000000a1c00000|100%|HS|  |TAMS 0x00000000a1c00000, 0x00000000a1b00000| Complete 
|  28|0x00000000a1c00000, 0x00000000a1d00000, 0x00000000a1d00000|100%|HS|  |TAMS 0x00000000a1d00000, 0x00000000a1c00000| Complete 
|  29|0x00000000a1d00000, 0x00000000a1e00000, 0x00000000a1e00000|100%|HS|  |TAMS 0x00000000a1e00000, 0x00000000a1d00000| Complete 
|  30|0x00000000a1e00000, 0x00000000a1f00000, 0x00000000a1f00000|100%|HS|  |TAMS 0x00000000a1f00000, 0x00000000a1e00000| Complete 
|  31|0x00000000a1f00000, 0x00000000a2000000, 0x00000000a2000000|100%|HC|  |TAMS 0x00000000a2000000, 0x00000000a1f00000| Complete 
|  32|0x00000000a2000000, 0x00000000a2100000, 0x00000000a2100000|100%|HC|  |TAMS 0x00000000a2100000, 0x00000000a2000000| Complete 
|  33|0x00000000a2100000, 0x00000000a2200000, 0x00000000a2200000|100%|HS|  |TAMS 0x00000000a2200000, 0x00000000a2100000| Complete 
|  34|0x00000000a2200000, 0x00000000a2300000, 0x00000000a2300000|100%|HC|  |TAMS 0x00000000a2300000, 0x00000000a2200000| Complete 
|  35|0x00000000a2300000, 0x00000000a2400000, 0x00000000a2400000|100%| O|  |TAMS 0x00000000a2400000, 0x00000000a2300000| Untracked 
|  36|0x00000000a2400000, 0x00000000a2500000, 0x00000000a2500000|100%| O|  |TAMS 0x00000000a2500000, 0x00000000a2400000| Untracked 
|  37|0x00000000a2500000, 0x00000000a2600000, 0x00000000a2600000|100%| O|  |TAMS 0x00000000a2600000, 0x00000000a2500000| Untracked 
|  38|0x00000000a2600000, 0x00000000a2700000, 0x00000000a2700000|100%| O|  |TAMS 0x00000000a2700000, 0x00000000a2600000| Untracked 
|  39|0x00000000a2700000, 0x00000000a2800000, 0x00000000a2800000|100%| O|  |TAMS 0x00000000a2800000, 0x00000000a2700000| Untracked 
|  40|0x00000000a2800000, 0x00000000a2900000, 0x00000000a2900000|100%| O|  |TAMS 0x00000000a2900000, 0x00000000a2800000| Untracked 
|  41|0x00000000a2900000, 0x00000000a2a00000, 0x00000000a2a00000|100%| O|  |TAMS 0x00000000a2a00000, 0x00000000a2900000| Untracked 
|  42|0x00000000a2a00000, 0x00000000a2b00000, 0x00000000a2b00000|100%| O|  |TAMS 0x00000000a2b00000, 0x00000000a2a00000| Untracked 
|  43|0x00000000a2b00000, 0x00000000a2c00000, 0x00000000a2c00000|100%| O|  |TAMS 0x00000000a2c00000, 0x00000000a2b00000| Untracked 
|  44|0x00000000a2c00000, 0x00000000a2d00000, 0x00000000a2d00000|100%| O|  |TAMS 0x00000000a2d00000, 0x00000000a2c00000| Untracked 
|  45|0x00000000a2d00000, 0x00000000a2e00000, 0x00000000a2e00000|100%| O|  |TAMS 0x00000000a2e00000, 0x00000000a2d00000| Untracked 
|  46|0x00000000a2e00000, 0x00000000a2f00000, 0x00000000a2f00000|100%| O|  |TAMS 0x00000000a2f00000, 0x00000000a2e00000| Untracked 
|  47|0x00000000a2f00000, 0x00000000a3000000, 0x00000000a3000000|100%| O|  |TAMS 0x00000000a3000000, 0x00000000a2f00000| Untracked 
|  48|0x00000000a3000000, 0x00000000a3100000, 0x00000000a3100000|100%| O|  |TAMS 0x00000000a3100000, 0x00000000a3000000| Untracked 
|  49|0x00000000a3100000, 0x00000000a3200000, 0x00000000a3200000|100%| O|  |TAMS 0x00000000a3200000, 0x00000000a3100000| Untracked 
|  50|0x00000000a3200000, 0x00000000a3300000, 0x00000000a3300000|100%| O|  |TAMS 0x00000000a3300000, 0x00000000a3200000| Untracked 
|  51|0x00000000a3300000, 0x00000000a3400000, 0x00000000a3400000|100%| O|  |TAMS 0x00000000a3400000, 0x00000000a3300000| Untracked 
|  52|0x00000000a3400000, 0x00000000a3500000, 0x00000000a3500000|100%| O|  |TAMS 0x00000000a3500000, 0x00000000a3400000| Untracked 
|  53|0x00000000a3500000, 0x00000000a3600000, 0x00000000a3600000|100%| O|  |TAMS 0x00000000a3600000, 0x00000000a3500000| Untracked 
|  54|0x00000000a3600000, 0x00000000a3700000, 0x00000000a3700000|100%| O|  |TAMS 0x00000000a3700000, 0x00000000a3600000| Untracked 
|  55|0x00000000a3700000, 0x00000000a3800000, 0x00000000a3800000|100%| O|  |TAMS 0x00000000a3800000, 0x00000000a3700000| Untracked 
|  56|0x00000000a3800000, 0x00000000a3900000, 0x00000000a3900000|100%|HS|  |TAMS 0x00000000a3900000, 0x00000000a3800000| Complete 
|  57|0x00000000a3900000, 0x00000000a3a00000, 0x00000000a3a00000|100%|HS|  |TAMS 0x00000000a3a00000, 0x00000000a3900000| Complete 
|  58|0x00000000a3a00000, 0x00000000a3b00000, 0x00000000a3b00000|100%|HC|  |TAMS 0x00000000a3b00000, 0x00000000a3a00000| Complete 
|  59|0x00000000a3b00000, 0x00000000a3c00000, 0x00000000a3c00000|100%| O|  |TAMS 0x00000000a3c00000, 0x00000000a3b00000| Untracked 
|  60|0x00000000a3c00000, 0x00000000a3d00000, 0x00000000a3d00000|100%| O|  |TAMS 0x00000000a3d00000, 0x00000000a3c00000| Untracked 
|  61|0x00000000a3d00000, 0x00000000a3e00000, 0x00000000a3e00000|100%| O|  |TAMS 0x00000000a3e00000, 0x00000000a3d00000| Untracked 
|  62|0x00000000a3e00000, 0x00000000a3f00000, 0x00000000a3f00000|100%| O|  |TAMS 0x00000000a3f00000, 0x00000000a3e00000| Untracked 
|  63|0x00000000a3f00000, 0x00000000a4000000, 0x00000000a4000000|100%| O|  |TAMS 0x00000000a4000000, 0x00000000a3f00000| Untracked 
|  64|0x00000000a4000000, 0x00000000a4100000, 0x00000000a4100000|100%| O|  |TAMS 0x00000000a4100000, 0x00000000a4000000| Untracked 
|  65|0x00000000a4100000, 0x00000000a4200000, 0x00000000a4200000|100%| O|  |TAMS 0x00000000a4200000, 0x00000000a4100000| Untracked 
|  66|0x00000000a4200000, 0x00000000a4300000, 0x00000000a4300000|100%| O|  |TAMS 0x00000000a4300000, 0x00000000a4200000| Untracked 
|  67|0x00000000a4300000, 0x00000000a4400000, 0x00000000a4400000|100%| O|  |TAMS 0x00000000a4400000, 0x00000000a4300000| Untracked 
|  68|0x00000000a4400000, 0x00000000a4500000, 0x00000000a4500000|100%| O|  |TAMS 0x00000000a4500000, 0x00000000a4400000| Untracked 
|  69|0x00000000a4500000, 0x00000000a4600000, 0x00000000a4600000|100%| O|  |TAMS 0x00000000a4600000, 0x00000000a4500000| Untracked 
|  70|0x00000000a4600000, 0x00000000a4700000, 0x00000000a4700000|100%| O|  |TAMS 0x00000000a4700000, 0x00000000a4600000| Untracked 
|  71|0x00000000a4700000, 0x00000000a4800000, 0x00000000a4800000|100%| O|  |TAMS 0x00000000a4800000, 0x00000000a4700000| Untracked 
|  72|0x00000000a4800000, 0x00000000a4900000, 0x00000000a4900000|100%| O|  |TAMS 0x00000000a4900000, 0x00000000a4800000| Untracked 
|  73|0x00000000a4900000, 0x00000000a4a00000, 0x00000000a4a00000|100%| O|  |TAMS 0x00000000a4a00000, 0x00000000a4900000| Untracked 
|  74|0x00000000a4a00000, 0x00000000a4b00000, 0x00000000a4b00000|100%| O|  |TAMS 0x00000000a4b00000, 0x00000000a4a00000| Untracked 
|  75|0x00000000a4b00000, 0x00000000a4c00000, 0x00000000a4c00000|100%| O|  |TAMS 0x00000000a4c00000, 0x00000000a4b00000| Untracked 
|  76|0x00000000a4c00000, 0x00000000a4d00000, 0x00000000a4d00000|100%| O|  |TAMS 0x00000000a4d00000, 0x00000000a4c00000| Untracked 
|  77|0x00000000a4d00000, 0x00000000a4e00000, 0x00000000a4e00000|100%| O|  |TAMS 0x00000000a4e00000, 0x00000000a4d00000| Untracked 
|  78|0x00000000a4e00000, 0x00000000a4f00000, 0x00000000a4f00000|100%| O|  |TAMS 0x00000000a4f00000, 0x00000000a4e00000| Untracked 
|  79|0x00000000a4f00000, 0x00000000a5000000, 0x00000000a5000000|100%| O|  |TAMS 0x00000000a5000000, 0x00000000a4f00000| Untracked 
|  80|0x00000000a5000000, 0x00000000a5100000, 0x00000000a5100000|100%| O|  |TAMS 0x00000000a5100000, 0x00000000a5000000| Untracked 
|  81|0x00000000a5100000, 0x00000000a5200000, 0x00000000a5200000|100%| O|  |TAMS 0x00000000a5200000, 0x00000000a5100000| Untracked 
|  82|0x00000000a5200000, 0x00000000a5300000, 0x00000000a5300000|100%| O|  |TAMS 0x00000000a5300000, 0x00000000a5200000| Untracked 
|  83|0x00000000a5300000, 0x00000000a5400000, 0x00000000a5400000|100%| O|  |TAMS 0x00000000a5400000, 0x00000000a5300000| Untracked 
|  84|0x00000000a5400000, 0x00000000a5500000, 0x00000000a5500000|100%| O|  |TAMS 0x00000000a5500000, 0x00000000a5400000| Untracked 
|  85|0x00000000a5500000, 0x00000000a55e6400, 0x00000000a5600000| 89%| O|  |TAMS 0x00000000a55e6400, 0x00000000a5500000| Untracked 
|  86|0x00000000a5600000, 0x00000000a5600000, 0x00000000a5700000|  0%| F|  |TAMS 0x00000000a5600000, 0x00000000a5600000| Untracked 
|  87|0x00000000a5700000, 0x00000000a5700000, 0x00000000a5800000|  0%| F|  |TAMS 0x00000000a5700000, 0x00000000a5700000| Untracked 
|  88|0x00000000a5800000, 0x00000000a5800000, 0x00000000a5900000|  0%| F|  |TAMS 0x00000000a5800000, 0x00000000a5800000| Untracked 
|  89|0x00000000a5900000, 0x00000000a5900000, 0x00000000a5a00000|  0%| F|  |TAMS 0x00000000a5900000, 0x00000000a5900000| Untracked 
|  90|0x00000000a5a00000, 0x00000000a5a00000, 0x00000000a5b00000|  0%| F|  |TAMS 0x00000000a5a00000, 0x00000000a5a00000| Untracked 
|  91|0x00000000a5b00000, 0x00000000a5b00000, 0x00000000a5c00000|  0%| F|  |TAMS 0x00000000a5b00000, 0x00000000a5b00000| Untracked 
|  92|0x00000000a5c00000, 0x00000000a5c00000, 0x00000000a5d00000|  0%| F|  |TAMS 0x00000000a5c00000, 0x00000000a5c00000| Untracked 
|  93|0x00000000a5d00000, 0x00000000a5d00000, 0x00000000a5e00000|  0%| F|  |TAMS 0x00000000a5d00000, 0x00000000a5d00000| Untracked 
|  94|0x00000000a5e00000, 0x00000000a5e00000, 0x00000000a5f00000|  0%| F|  |TAMS 0x00000000a5e00000, 0x00000000a5e00000| Untracked 
|  95|0x00000000a5f00000, 0x00000000a5f00000, 0x00000000a6000000|  0%| F|  |TAMS 0x00000000a5f00000, 0x00000000a5f00000| Untracked 
|  96|0x00000000a6000000, 0x00000000a6000000, 0x00000000a6100000|  0%| F|  |TAMS 0x00000000a6000000, 0x00000000a6000000| Untracked 
|  97|0x00000000a6100000, 0x00000000a6100000, 0x00000000a6200000|  0%| F|  |TAMS 0x00000000a6100000, 0x00000000a6100000| Untracked 
|  98|0x00000000a6200000, 0x00000000a6200000, 0x00000000a6300000|  0%| F|  |TAMS 0x00000000a6200000, 0x00000000a6200000| Untracked 
|  99|0x00000000a6300000, 0x00000000a6300000, 0x00000000a6400000|  0%| F|  |TAMS 0x00000000a6300000, 0x00000000a6300000| Untracked 
| 100|0x00000000a6400000, 0x00000000a6400000, 0x00000000a6500000|  0%| F|  |TAMS 0x00000000a6400000, 0x00000000a6400000| Untracked 
| 101|0x00000000a6500000, 0x00000000a6500000, 0x00000000a6600000|  0%| F|  |TAMS 0x00000000a6500000, 0x00000000a6500000| Untracked 
| 102|0x00000000a6600000, 0x00000000a6600000, 0x00000000a6700000|  0%| F|  |TAMS 0x00000000a6600000, 0x00000000a6600000| Untracked 
| 103|0x00000000a6700000, 0x00000000a6700000, 0x00000000a6800000|  0%| F|  |TAMS 0x00000000a6700000, 0x00000000a6700000| Untracked 
| 104|0x00000000a6800000, 0x00000000a6800000, 0x00000000a6900000|  0%| F|  |TAMS 0x00000000a6800000, 0x00000000a6800000| Untracked 
| 105|0x00000000a6900000, 0x00000000a6a00000, 0x00000000a6a00000|100%| S|CS|TAMS 0x00000000a6900000, 0x00000000a6900000| Complete 
| 106|0x00000000a6a00000, 0x00000000a6b00000, 0x00000000a6b00000|100%| S|CS|TAMS 0x00000000a6a00000, 0x00000000a6a00000| Complete 
| 107|0x00000000a6b00000, 0x00000000a6c00000, 0x00000000a6c00000|100%| S|CS|TAMS 0x00000000a6b00000, 0x00000000a6b00000| Complete 
| 108|0x00000000a6c00000, 0x00000000a6c00000, 0x00000000a6d00000|  0%| F|  |TAMS 0x00000000a6c00000, 0x00000000a6c00000| Untracked 
| 109|0x00000000a6d00000, 0x00000000a6d00000, 0x00000000a6e00000|  0%| F|  |TAMS 0x00000000a6d00000, 0x00000000a6d00000| Untracked 
| 110|0x00000000a6e00000, 0x00000000a6e00000, 0x00000000a6f00000|  0%| F|  |TAMS 0x00000000a6e00000, 0x00000000a6e00000| Untracked 
| 111|0x00000000a6f00000, 0x00000000a6f00000, 0x00000000a7000000|  0%| F|  |TAMS 0x00000000a6f00000, 0x00000000a6f00000| Untracked 
| 112|0x00000000a7000000, 0x00000000a7100000, 0x00000000a7100000|100%| S|CS|TAMS 0x00000000a7000000, 0x00000000a7000000| Complete 
| 113|0x00000000a7100000, 0x00000000a7100000, 0x00000000a7200000|  0%| F|  |TAMS 0x00000000a7100000, 0x00000000a7100000| Untracked 
| 114|0x00000000a7200000, 0x00000000a7200000, 0x00000000a7300000|  0%| F|  |TAMS 0x00000000a7200000, 0x00000000a7200000| Untracked 
| 115|0x00000000a7300000, 0x00000000a7300000, 0x00000000a7400000|  0%| F|  |TAMS 0x00000000a7300000, 0x00000000a7300000| Untracked 
| 116|0x00000000a7400000, 0x00000000a7400000, 0x00000000a7500000|  0%| F|  |TAMS 0x00000000a7400000, 0x00000000a7400000| Untracked 
| 117|0x00000000a7500000, 0x00000000a7500000, 0x00000000a7600000|  0%| F|  |TAMS 0x00000000a7500000, 0x00000000a7500000| Untracked 
| 118|0x00000000a7600000, 0x00000000a7600000, 0x00000000a7700000|  0%| F|  |TAMS 0x00000000a7600000, 0x00000000a7600000| Untracked 
| 119|0x00000000a7700000, 0x00000000a7700000, 0x00000000a7800000|  0%| F|  |TAMS 0x00000000a7700000, 0x00000000a7700000| Untracked 
| 120|0x00000000a7800000, 0x00000000a7800000, 0x00000000a7900000|  0%| F|  |TAMS 0x00000000a7800000, 0x00000000a7800000| Untracked 
| 121|0x00000000a7900000, 0x00000000a7900000, 0x00000000a7a00000|  0%| F|  |TAMS 0x00000000a7900000, 0x00000000a7900000| Untracked 
| 122|0x00000000a7a00000, 0x00000000a7a00000, 0x00000000a7b00000|  0%| F|  |TAMS 0x00000000a7a00000, 0x00000000a7a00000| Untracked 
| 123|0x00000000a7b00000, 0x00000000a7b00000, 0x00000000a7c00000|  0%| F|  |TAMS 0x00000000a7b00000, 0x00000000a7b00000| Untracked 
| 124|0x00000000a7c00000, 0x00000000a7c00000, 0x00000000a7d00000|  0%| F|  |TAMS 0x00000000a7c00000, 0x00000000a7c00000| Untracked 
| 125|0x00000000a7d00000, 0x00000000a7d00000, 0x00000000a7e00000|  0%| F|  |TAMS 0x00000000a7d00000, 0x00000000a7d00000| Untracked 
| 126|0x00000000a7e00000, 0x00000000a7e00000, 0x00000000a7f00000|  0%| F|  |TAMS 0x00000000a7e00000, 0x00000000a7e00000| Untracked 
| 127|0x00000000a7f00000, 0x00000000a7f00000, 0x00000000a8000000|  0%| F|  |TAMS 0x00000000a7f00000, 0x00000000a7f00000| Untracked 
| 128|0x00000000a8000000, 0x00000000a8000000, 0x00000000a8100000|  0%| F|  |TAMS 0x00000000a8000000, 0x00000000a8000000| Untracked 
| 129|0x00000000a8100000, 0x00000000a8100000, 0x00000000a8200000|  0%| F|  |TAMS 0x00000000a8100000, 0x00000000a8100000| Untracked 
| 130|0x00000000a8200000, 0x00000000a8200000, 0x00000000a8300000|  0%| F|  |TAMS 0x00000000a8200000, 0x00000000a8200000| Untracked 
| 131|0x00000000a8300000, 0x00000000a8300000, 0x00000000a8400000|  0%| F|  |TAMS 0x00000000a8300000, 0x00000000a8300000| Untracked 
| 132|0x00000000a8400000, 0x00000000a8400000, 0x00000000a8500000|  0%| F|  |TAMS 0x00000000a8400000, 0x00000000a8400000| Untracked 
| 133|0x00000000a8500000, 0x00000000a8500000, 0x00000000a8600000|  0%| F|  |TAMS 0x00000000a8500000, 0x00000000a8500000| Untracked 
| 134|0x00000000a8600000, 0x00000000a8600000, 0x00000000a8700000|  0%| F|  |TAMS 0x00000000a8600000, 0x00000000a8600000| Untracked 
| 135|0x00000000a8700000, 0x00000000a8700000, 0x00000000a8800000|  0%| F|  |TAMS 0x00000000a8700000, 0x00000000a8700000| Untracked 
| 136|0x00000000a8800000, 0x00000000a8800000, 0x00000000a8900000|  0%| F|  |TAMS 0x00000000a8800000, 0x00000000a8800000| Untracked 
| 137|0x00000000a8900000, 0x00000000a8900000, 0x00000000a8a00000|  0%| F|  |TAMS 0x00000000a8900000, 0x00000000a8900000| Untracked 
| 138|0x00000000a8a00000, 0x00000000a8a00000, 0x00000000a8b00000|  0%| F|  |TAMS 0x00000000a8a00000, 0x00000000a8a00000| Untracked 
| 139|0x00000000a8b00000, 0x00000000a8b00000, 0x00000000a8c00000|  0%| F|  |TAMS 0x00000000a8b00000, 0x00000000a8b00000| Untracked 
| 140|0x00000000a8c00000, 0x00000000a8c00000, 0x00000000a8d00000|  0%| F|  |TAMS 0x00000000a8c00000, 0x00000000a8c00000| Untracked 
| 141|0x00000000a8d00000, 0x00000000a8d00000, 0x00000000a8e00000|  0%| F|  |TAMS 0x00000000a8d00000, 0x00000000a8d00000| Untracked 
| 142|0x00000000a8e00000, 0x00000000a8e00000, 0x00000000a8f00000|  0%| F|  |TAMS 0x00000000a8e00000, 0x00000000a8e00000| Untracked 
| 143|0x00000000a8f00000, 0x00000000a8f00000, 0x00000000a9000000|  0%| F|  |TAMS 0x00000000a8f00000, 0x00000000a8f00000| Untracked 
| 144|0x00000000a9000000, 0x00000000a9000000, 0x00000000a9100000|  0%| F|  |TAMS 0x00000000a9000000, 0x00000000a9000000| Untracked 
| 145|0x00000000a9100000, 0x00000000a9100000, 0x00000000a9200000|  0%| F|  |TAMS 0x00000000a9100000, 0x00000000a9100000| Untracked 
| 146|0x00000000a9200000, 0x00000000a92077c0, 0x00000000a9300000|  2%| E|  |TAMS 0x00000000a9200000, 0x00000000a9200000| Complete 
| 147|0x00000000a9300000, 0x00000000a9400000, 0x00000000a9400000|100%| E|CS|TAMS 0x00000000a9300000, 0x00000000a9300000| Complete 
| 148|0x00000000a9400000, 0x00000000a9500000, 0x00000000a9500000|100%| E|CS|TAMS 0x00000000a9400000, 0x00000000a9400000| Complete 
| 149|0x00000000a9500000, 0x00000000a9600000, 0x00000000a9600000|100%| E|CS|TAMS 0x00000000a9500000, 0x00000000a9500000| Complete 
| 150|0x00000000a9600000, 0x00000000a9700000, 0x00000000a9700000|100%| E|CS|TAMS 0x00000000a9600000, 0x00000000a9600000| Complete 
| 151|0x00000000a9700000, 0x00000000a9800000, 0x00000000a9800000|100%| E|CS|TAMS 0x00000000a9700000, 0x00000000a9700000| Complete 
| 152|0x00000000a9800000, 0x00000000a9900000, 0x00000000a9900000|100%| E|CS|TAMS 0x00000000a9800000, 0x00000000a9800000| Complete 
| 153|0x00000000a9900000, 0x00000000a9a00000, 0x00000000a9a00000|100%| E|CS|TAMS 0x00000000a9900000, 0x00000000a9900000| Complete 
| 154|0x00000000a9a00000, 0x00000000a9b00000, 0x00000000a9b00000|100%| E|CS|TAMS 0x00000000a9a00000, 0x00000000a9a00000| Complete 
| 155|0x00000000a9b00000, 0x00000000a9c00000, 0x00000000a9c00000|100%| E|CS|TAMS 0x00000000a9b00000, 0x00000000a9b00000| Complete 
| 156|0x00000000a9c00000, 0x00000000a9d00000, 0x00000000a9d00000|100%| E|CS|TAMS 0x00000000a9c00000, 0x00000000a9c00000| Complete 
| 157|0x00000000a9d00000, 0x00000000a9e00000, 0x00000000a9e00000|100%| E|CS|TAMS 0x00000000a9d00000, 0x00000000a9d00000| Complete 
| 158|0x00000000a9e00000, 0x00000000a9f00000, 0x00000000a9f00000|100%| E|CS|TAMS 0x00000000a9e00000, 0x00000000a9e00000| Complete 
| 159|0x00000000a9f00000, 0x00000000aa000000, 0x00000000aa000000|100%| E|CS|TAMS 0x00000000a9f00000, 0x00000000a9f00000| Complete 
| 160|0x00000000aa000000, 0x00000000aa100000, 0x00000000aa100000|100%| E|CS|TAMS 0x00000000aa000000, 0x00000000aa000000| Complete 
| 161|0x00000000aa100000, 0x00000000aa200000, 0x00000000aa200000|100%| E|CS|TAMS 0x00000000aa100000, 0x00000000aa100000| Complete 
| 162|0x00000000aa200000, 0x00000000aa300000, 0x00000000aa300000|100%| E|CS|TAMS 0x00000000aa200000, 0x00000000aa200000| Complete 
| 163|0x00000000aa300000, 0x00000000aa400000, 0x00000000aa400000|100%| E|CS|TAMS 0x00000000aa300000, 0x00000000aa300000| Complete 
| 164|0x00000000aa400000, 0x00000000aa500000, 0x00000000aa500000|100%| E|CS|TAMS 0x00000000aa400000, 0x00000000aa400000| Complete 
| 165|0x00000000aa500000, 0x00000000aa600000, 0x00000000aa600000|100%| E|CS|TAMS 0x00000000aa500000, 0x00000000aa500000| Complete 
| 166|0x00000000aa600000, 0x00000000aa700000, 0x00000000aa700000|100%| E|CS|TAMS 0x00000000aa600000, 0x00000000aa600000| Complete 
| 167|0x00000000aa700000, 0x00000000aa800000, 0x00000000aa800000|100%| E|CS|TAMS 0x00000000aa700000, 0x00000000aa700000| Complete 
| 168|0x00000000aa800000, 0x00000000aa900000, 0x00000000aa900000|100%| E|CS|TAMS 0x00000000aa800000, 0x00000000aa800000| Complete 
| 169|0x00000000aa900000, 0x00000000aaa00000, 0x00000000aaa00000|100%| E|CS|TAMS 0x00000000aa900000, 0x00000000aa900000| Complete 
| 170|0x00000000aaa00000, 0x00000000aab00000, 0x00000000aab00000|100%| E|CS|TAMS 0x00000000aaa00000, 0x00000000aaa00000| Complete 

Card table byte_map: [0x000001c0af1a0000,0x000001c0af4a0000] _byte_map_base: 0x000001c0aeca0000

Marking Bits (Prev, Next): (CMBitMap*) 0x000001c09c0be100, (CMBitMap*) 0x000001c09c0be0c8
 Prev Bits: [0x000001c0b0fa0000, 0x000001c0b27a0000)
 Next Bits: [0x000001c0af7a0000, 0x000001c0b0fa0000)

Polling page: 0x000001c099fe0000

Metaspace:

Usage:
  Non-class:     77.12 MB capacity,    75.64 MB ( 98%) used,     1.25 MB (  2%) free+waste,   240.63 KB ( <1%) overhead. 
      Class:     12.28 MB capacity,    11.37 MB ( 93%) used,   820.24 KB (  7%) free+waste,   112.50 KB ( <1%) overhead. 
       Both:     89.40 MB capacity,    87.01 MB ( 97%) used,     2.05 MB (  2%) free+waste,   353.13 KB ( <1%) overhead. 

Virtual space:
  Non-class space:       78.00 MB reserved,      77.25 MB (>99%) committed 
      Class space:        1.00 GB reserved,      12.32 MB (  1%) committed 
             Both:        1.08 GB reserved,      89.57 MB (  8%) committed 

Chunk freelists:
   Non-Class:  3.00 KB
       Class:  5.00 KB
        Both:  8.00 KB

MaxMetaspaceSize: 17179869184.00 GB
CompressedClassSpaceSize: 1.00 GB

CodeHeap 'non-profiled nmethods': size=120000Kb used=4230Kb max_used=4230Kb free=115769Kb
 bounds [0x000001c0a7640000, 0x000001c0a7a70000, 0x000001c0aeb70000]
CodeHeap 'profiled nmethods': size=120000Kb used=18244Kb max_used=18244Kb free=101755Kb
 bounds [0x000001c0a0110000, 0x000001c0a12f0000, 0x000001c0a7640000]
CodeHeap 'non-nmethods': size=5760Kb used=2283Kb max_used=2328Kb free=3476Kb
 bounds [0x000001c09fb70000, 0x000001c09fde0000, 0x000001c0a0110000]
 total_blobs=10058 nmethods=9174 adapters=795
 compilation: enabled
              stopped_count=0, restarted_count=0
 full_count=0

Compilation events (20 events):
Event: 17.012 Thread 0x000001c0b5b6c800 9350       3       org.gradle.internal.logging.serializer.SpanSerializer::write (25 bytes)
Event: 17.013 Thread 0x000001c0b5b6c800 nmethod 9350 0x000001c0a12d7f90 code [0x000001c0a12d8160, 0x000001c0a12d8438]
Event: 17.013 Thread 0x000001c0b5b6c800 9351   !   3       java.nio.DirectByteBuffer::put (151 bytes)
Event: 17.014 Thread 0x000001c0b5b6c800 nmethod 9351 0x000001c0a12d8590 code [0x000001c0a12d88c0, 0x000001c0a12d9828]
Event: 17.014 Thread 0x000001c0b5b6c800 9352   !   3       sun.nio.ch.SocketChannelImpl::write (173 bytes)
Event: 17.015 Thread 0x000001c0b5b6c800 nmethod 9352 0x000001c0a12da010 code [0x000001c0a12da340, 0x000001c0a12db598]
Event: 17.015 Thread 0x000001c0b5b6c800 9353   !   3       sun.nio.ch.SocketChannelImpl::beginWrite (59 bytes)
Event: 17.015 Thread 0x000001c0b5b6c800 nmethod 9353 0x000001c0a12dbd90 code [0x000001c0a12dc000, 0x000001c0a12dc8f8]
Event: 17.015 Thread 0x000001c0b5b6c800 9354       3       sun.nio.ch.IOUtil::write (11 bytes)
Event: 17.015 Thread 0x000001c0b5b6c800 nmethod 9354 0x000001c0a12dcd90 code [0x000001c0a12dcf40, 0x000001c0a12dd048]
Event: 17.015 Thread 0x000001c0b5b6c800 9355   !   3       sun.nio.ch.IOUtil::write (174 bytes)
Event: 17.016 Thread 0x000001c0b5b6c800 nmethod 9355 0x000001c0a12dd110 code [0x000001c0a12dd380, 0x000001c0a12ddbe8]
Event: 17.016 Thread 0x000001c0b5b6c800 9356       3       sun.nio.ch.IOUtil::writeFromNativeBuffer (157 bytes)
Event: 17.016 Thread 0x000001c0b5b6c800 nmethod 9356 0x000001c0a12ddf90 code [0x000001c0a12de1e0, 0x000001c0a12deb28]
Event: 17.016 Thread 0x000001c0b5b6c800 9357       3       sun.nio.ch.SocketDispatcher::write (8 bytes)
Event: 17.016 Thread 0x000001c0b5b6c800 nmethod 9357 0x000001c0a12dee10 code [0x000001c0a12defc0, 0x000001c0a12df0e8]
Event: 17.016 Thread 0x000001c0b5b6c800 9359   !   3       sun.nio.ch.SocketChannelImpl::endWrite (49 bytes)
Event: 17.016 Thread 0x000001c0b5b6c800 nmethod 9359 0x000001c0a12df190 code [0x000001c0a12df360, 0x000001c0a12df718]
Event: 17.016 Thread 0x000001c0b5b6c800 9360   !   3       org.gradle.launcher.daemon.server.SynchronizedDispatchConnection::dispatchAndFlush (118 bytes)
Event: 17.017 Thread 0x000001c0b5b6c800 nmethod 9360 0x000001c0a12df890 code [0x000001c0a12dfb80, 0x000001c0a12e0c28]

GC Heap History (20 events):
Event: 10.282 GC heap before
{Heap before GC invocations=24 (full 0):
 garbage-first heap   total 120832K, used 97663K [0x00000000a0000000, 0x0000000100000000)
  region size 1024K, 29 young (29696K), 2 survivors (2048K)
 Metaspace       used 69108K, capacity 71054K, committed 71244K, reserved 1112064K
  class space    used 8753K, capacity 9417K, committed 9548K, reserved 1048576K
}
Event: 10.285 GC heap after
{Heap after GC invocations=25 (full 0):
 garbage-first heap   total 120832K, used 71959K [0x00000000a0000000, 0x0000000100000000)
  region size 1024K, 4 young (4096K), 4 survivors (4096K)
 Metaspace       used 69108K, capacity 71054K, committed 71244K, reserved 1112064K
  class space    used 8753K, capacity 9417K, committed 9548K, reserved 1048576K
}
Event: 10.569 GC heap before
{Heap before GC invocations=25 (full 0):
 garbage-first heap   total 120832K, used 98583K [0x00000000a0000000, 0x0000000100000000)
  region size 1024K, 30 young (30720K), 4 survivors (4096K)
 Metaspace       used 71479K, capacity 73319K, committed 73548K, reserved 1114112K
  class space    used 9070K, capacity 9742K, committed 9804K, reserved 1048576K
}
Event: 10.573 GC heap after
{Heap after GC invocations=26 (full 0):
 garbage-first heap   total 120832K, used 73447K [0x00000000a0000000, 0x0000000100000000)
  region size 1024K, 4 young (4096K), 4 survivors (4096K)
 Metaspace       used 71479K, capacity 73319K, committed 73548K, reserved 1114112K
  class space    used 9070K, capacity 9742K, committed 9804K, reserved 1048576K
}
Event: 10.972 GC heap before
{Heap before GC invocations=27 (full 0):
 garbage-first heap   total 120832K, used 98023K [0x00000000a0000000, 0x0000000100000000)
  region size 1024K, 29 young (29696K), 4 survivors (4096K)
 Metaspace       used 74287K, capacity 76255K, committed 76364K, reserved 1116160K
  class space    used 9601K, capacity 10272K, committed 10316K, reserved 1048576K
}
Event: 10.976 GC heap after
{Heap after GC invocations=28 (full 0):
 garbage-first heap   total 120832K, used 75012K [0x00000000a0000000, 0x0000000100000000)
  region size 1024K, 3 young (3072K), 3 survivors (3072K)
 Metaspace       used 74287K, capacity 76255K, committed 76364K, reserved 1116160K
  class space    used 9601K, capacity 10272K, committed 10316K, reserved 1048576K
}
Event: 11.223 GC heap before
{Heap before GC invocations=28 (full 0):
 garbage-first heap   total 120832K, used 99588K [0x00000000a0000000, 0x0000000100000000)
  region size 1024K, 28 young (28672K), 3 survivors (3072K)
 Metaspace       used 75699K, capacity 77655K, committed 77900K, reserved 1116160K
  class space    used 9783K, capacity 10458K, committed 10572K, reserved 1048576K
}
Event: 11.230 GC heap after
{Heap after GC invocations=29 (full 0):
 garbage-first heap   total 120832K, used 76790K [0x00000000a0000000, 0x0000000100000000)
  region size 1024K, 4 young (4096K), 4 survivors (4096K)
 Metaspace       used 75699K, capacity 77655K, committed 77900K, reserved 1116160K
  class space    used 9783K, capacity 10458K, committed 10572K, reserved 1048576K
}
Event: 11.472 GC heap before
{Heap before GC invocations=30 (full 0):
 garbage-first heap   total 120832K, used 101366K [0x00000000a0000000, 0x0000000100000000)
  region size 1024K, 28 young (28672K), 4 survivors (4096K)
 Metaspace       used 76457K, capacity 78428K, committed 78540K, reserved 1118208K
  class space    used 9925K, capacity 10653K, committed 10700K, reserved 1048576K
}
Event: 11.476 GC heap after
{Heap after GC invocations=31 (full 0):
 garbage-first heap   total 120832K, used 79230K [0x00000000a0000000, 0x0000000100000000)
  region size 1024K, 4 young (4096K), 4 survivors (4096K)
 Metaspace       used 76457K, capacity 78428K, committed 78540K, reserved 1118208K
  class space    used 9925K, capacity 10653K, committed 10700K, reserved 1048576K
}
Event: 11.672 GC heap before
{Heap before GC invocations=31 (full 0):
 garbage-first heap   total 120832K, used 101758K [0x00000000a0000000, 0x0000000100000000)
  region size 1024K, 26 young (26624K), 4 survivors (4096K)
 Metaspace       used 77386K, capacity 79616K, committed 79820K, reserved 1118208K
  class space    used 10066K, capacity 10872K, committed 10956K, reserved 1048576K
}
Event: 11.677 GC heap after
{Heap after GC invocations=32 (full 0):
 garbage-first heap   total 145408K, used 81579K [0x00000000a0000000, 0x0000000100000000)
  region size 1024K, 3 young (3072K), 3 survivors (3072K)
 Metaspace       used 77386K, capacity 79616K, committed 79820K, reserved 1118208K
  class space    used 10066K, capacity 10872K, committed 10956K, reserved 1048576K
}
Event: 12.067 GC heap before
{Heap before GC invocations=33 (full 0):
 garbage-first heap   total 145408K, used 111275K [0x00000000a0000000, 0x0000000100000000)
  region size 1024K, 32 young (32768K), 3 survivors (3072K)
 Metaspace       used 80009K, capacity 82150K, committed 82252K, reserved 1120256K
  class space    used 10453K, capacity 11239K, committed 11340K, reserved 1048576K
}
Event: 12.071 GC heap after
{Heap after GC invocations=34 (full 0):
 garbage-first heap   total 145408K, used 82935K [0x00000000a0000000, 0x0000000100000000)
  region size 1024K, 4 young (4096K), 4 survivors (4096K)
 Metaspace       used 80009K, capacity 82150K, committed 82252K, reserved 1120256K
  class space    used 10453K, capacity 11239K, committed 11340K, reserved 1048576K
}
Event: 12.483 GC heap before
{Heap before GC invocations=34 (full 0):
 garbage-first heap   total 145408K, used 113655K [0x00000000a0000000, 0x0000000100000000)
  region size 1024K, 34 young (34816K), 4 survivors (4096K)
 Metaspace       used 83700K, capacity 85967K, committed 86092K, reserved 1124352K
  class space    used 10964K, capacity 11815K, committed 11852K, reserved 1048576K
}
Event: 12.490 GC heap after
{Heap after GC invocations=35 (full 0):
 garbage-first heap   total 145408K, used 84789K [0x00000000a0000000, 0x0000000100000000)
  region size 1024K, 4 young (4096K), 4 survivors (4096K)
 Metaspace       used 83700K, capacity 85967K, committed 86092K, reserved 1124352K
  class space    used 10964K, capacity 11815K, committed 11852K, reserved 1048576K
}
Event: 12.870 GC heap before
{Heap before GC invocations=36 (full 0):
 garbage-first heap   total 145408K, used 115509K [0x00000000a0000000, 0x0000000100000000)
  region size 1024K, 34 young (34816K), 4 survivors (4096K)
 Metaspace       used 85572K, capacity 87895K, committed 88140K, reserved 1126400K
  class space    used 11187K, capacity 12022K, committed 12108K, reserved 1048576K
}
Event: 12.875 GC heap after
{Heap after GC invocations=37 (full 0):
 garbage-first heap   total 145408K, used 88009K [0x00000000a0000000, 0x0000000100000000)
  region size 1024K, 5 young (5120K), 5 survivors (5120K)
 Metaspace       used 85572K, capacity 87895K, committed 88140K, reserved 1126400K
  class space    used 11187K, capacity 12022K, committed 12108K, reserved 1048576K
}
Event: 13.272 GC heap before
{Heap before GC invocations=37 (full 0):
 garbage-first heap   total 145408K, used 116681K [0x00000000a0000000, 0x0000000100000000)
  region size 1024K, 34 young (34816K), 5 survivors (5120K)
 Metaspace       used 88233K, capacity 90609K, committed 90828K, reserved 1128448K
  class space    used 11498K, capacity 12383K, committed 12492K, reserved 1048576K
}
Event: 13.281 GC heap after
{Heap after GC invocations=38 (full 0):
 garbage-first heap   total 175104K, used 92057K [0x00000000a0000000, 0x0000000100000000)
  region size 1024K, 4 young (4096K), 4 survivors (4096K)
 Metaspace       used 88233K, capacity 90609K, committed 90828K, reserved 1128448K
  class space    used 11498K, capacity 12383K, committed 12492K, reserved 1048576K
}

Deoptimization events (20 events):
Event: 13.505 Thread 0x000001c0beaa3000 DEOPT PACKING pc=0x000001c0a056559b sp=0x0000007c3c8fbc30
Event: 13.505 Thread 0x000001c0beaa3000 DEOPT UNPACKING pc=0x000001c09fb976ce sp=0x0000007c3c8fb170 mode 0
Event: 13.505 Thread 0x000001c0beaa3000 DEOPT PACKING pc=0x000001c0a1093eb8 sp=0x0000007c3c8fc240
Event: 13.505 Thread 0x000001c0beaa3000 DEOPT UNPACKING pc=0x000001c09fb976ce sp=0x0000007c3c8fb748 mode 0
Event: 13.506 Thread 0x000001c0beaa3000 DEOPT PACKING pc=0x000001c0a1093eb8 sp=0x0000007c3c8fc230
Event: 13.506 Thread 0x000001c0beaa3000 DEOPT UNPACKING pc=0x000001c09fb976ce sp=0x0000007c3c8fb738 mode 0
Event: 13.506 Thread 0x000001c0beaa3000 DEOPT PACKING pc=0x000001c0a1093eb8 sp=0x0000007c3c8fc230
Event: 13.506 Thread 0x000001c0beaa3000 DEOPT UNPACKING pc=0x000001c09fb976ce sp=0x0000007c3c8fb738 mode 0
Event: 13.507 Thread 0x000001c0beaa3000 DEOPT PACKING pc=0x000001c0a056559b sp=0x0000007c3c8fbc20
Event: 13.507 Thread 0x000001c0beaa3000 DEOPT UNPACKING pc=0x000001c09fb976ce sp=0x0000007c3c8fb160 mode 0
Event: 13.507 Thread 0x000001c0beaa3000 DEOPT PACKING pc=0x000001c0a1093eb8 sp=0x0000007c3c8fc230
Event: 13.507 Thread 0x000001c0beaa3000 DEOPT UNPACKING pc=0x000001c09fb976ce sp=0x0000007c3c8fb738 mode 0
Event: 13.507 Thread 0x000001c0beaa3000 DEOPT PACKING pc=0x000001c0a1093eb8 sp=0x0000007c3c8fc230
Event: 13.507 Thread 0x000001c0beaa3000 DEOPT UNPACKING pc=0x000001c09fb976ce sp=0x0000007c3c8fb738 mode 0
Event: 13.508 Thread 0x000001c0beaa3000 DEOPT PACKING pc=0x000001c0a056559b sp=0x0000007c3c8fbc20
Event: 13.508 Thread 0x000001c0beaa3000 DEOPT UNPACKING pc=0x000001c09fb976ce sp=0x0000007c3c8fb160 mode 0
Event: 13.508 Thread 0x000001c0beaa3000 DEOPT PACKING pc=0x000001c0a1093eb8 sp=0x0000007c3c8fc230
Event: 13.508 Thread 0x000001c0beaa3000 DEOPT UNPACKING pc=0x000001c09fb976ce sp=0x0000007c3c8fb738 mode 0
Event: 16.994 Thread 0x000001c0beaa4800 DEOPT PACKING pc=0x000001c0a11c6cc7 sp=0x0000007c3d1fe210
Event: 16.994 Thread 0x000001c0beaa4800 DEOPT UNPACKING pc=0x000001c09fb976ce sp=0x0000007c3d1fd770 mode 0

Classes redefined (0 events):
No events

Internal exceptions (20 events):
Event: 13.594 Thread 0x000001c0beaa3000 Exception <a 'java/lang/ClassNotFoundException'{0x00000000a9714c88}: org/gradle/process/internal/DefaultExecActionBeanInfo> (0x00000000a9714c88) thrown at [./src/hotspot/share/classfile/systemDictionary.cpp, line 231]
Event: 13.594 Thread 0x000001c0beaa3000 Exception <a 'java/lang/ClassNotFoundException'{0x00000000a9746540}: org/gradle/process/internal/DefaultExecHandleBuilderBeanInfo> (0x00000000a9746540) thrown at [./src/hotspot/share/classfile/systemDictionary.cpp, line 231]
Event: 13.595 Thread 0x000001c0beaa3000 Exception <a 'java/lang/ClassNotFoundException'{0x00000000a9778468}: org/gradle/process/internal/AbstractExecHandleBuilderBeanInfo> (0x00000000a9778468) thrown at [./src/hotspot/share/classfile/systemDictionary.cpp, line 231]
Event: 13.595 Thread 0x000001c0beaa3000 Exception <a 'java/lang/ClassNotFoundException'{0x00000000a97aaba8}: org/gradle/process/internal/DefaultProcessForkOptionsBeanInfo> (0x00000000a97aaba8) thrown at [./src/hotspot/share/classfile/systemDictionary.cpp, line 231]
Event: 13.596 Thread 0x000001c0beaa3000 Exception <a 'java/lang/ClassNotFoundException'{0x00000000a97dd618}: org/gradle/process/internal/DefaultProcessForkOptionsCustomizer> (0x00000000a97dd618) thrown at [./src/hotspot/share/classfile/systemDictionary.cpp, line 231]
Event: 13.598 Thread 0x000001c0beaa3000 Exception <a 'java/lang/ClassNotFoundException'{0x00000000a961cf80}: org/gradle/process/internal/AbstractExecHandleBuilderCustomizer> (0x00000000a961cf80) thrown at [./src/hotspot/share/classfile/systemDictionary.cpp, line 231]
Event: 13.599 Thread 0x000001c0beaa3000 Exception <a 'java/lang/ClassNotFoundException'{0x00000000a9660810}: org/gradle/process/internal/DefaultExecHandleBuilderCustomizer> (0x00000000a9660810) thrown at [./src/hotspot/share/classfile/systemDictionary.cpp, line 231]
Event: 13.601 Thread 0x000001c0beaa3000 Exception <a 'java/lang/ClassNotFoundException'{0x00000000a96bba48}: org/gradle/process/internal/DefaultExecActionCustomizer> (0x00000000a96bba48) thrown at [./src/hotspot/share/classfile/systemDictionary.cpp, line 231]
Event: 13.601 Thread 0x000001c0beaa3000 Exception <a 'java/lang/ClassNotFoundException'{0x00000000a96f77f8}: org/gradle/process/internal/DefaultExecAction_DecoratedCustomizer> (0x00000000a96f77f8) thrown at [./src/hotspot/share/classfile/systemDictionary.cpp, line 231]
Event: 13.604 Thread 0x000001c0beaa3000 Exception <a 'java/lang/ClassNotFoundException'{0x00000000a954fec0}: org/gradle/api/logging/LogLevelBeanInfo> (0x00000000a954fec0) thrown at [./src/hotspot/share/classfile/systemDictionary.cpp, line 231]
Event: 13.604 Thread 0x000001c0beaa3000 Exception <a 'java/lang/ClassNotFoundException'{0x00000000a95792e0}: org/gradle/api/logging/LogLevelCustomizer> (0x00000000a95792e0) thrown at [./src/hotspot/share/classfile/systemDictionary.cpp, line 231]
Event: 13.607 Thread 0x000001c0beaa3000 Exception <a 'java/lang/ClassNotFoundException'{0x00000000a95e84a0}: org/gradle/internal/logging/services/DefaultLoggingManagerBeanInfo> (0x00000000a95e84a0) thrown at [./src/hotspot/share/classfile/systemDictionary.cpp, line 231]
Event: 13.608 Thread 0x000001c0beaa3000 Exception <a 'java/lang/ClassNotFoundException'{0x00000000a941b998}: org/gradle/internal/logging/services/DefaultLoggingManagerCustomizer> (0x00000000a941b998) thrown at [./src/hotspot/share/classfile/systemDictionary.cpp, line 231]
Event: 13.611 Thread 0x000001c0beaa3000 Exception <a 'java/lang/ClassNotFoundException'{0x00000000a9455598}: java/lang/BooleanBeanInfo> (0x00000000a9455598) thrown at [./src/hotspot/share/classfile/systemDictionary.cpp, line 231]
Event: 13.611 Thread 0x000001c0beaa3000 Exception <a 'java/lang/ClassNotFoundException'{0x00000000a945f038}: java/lang/BooleanCustomizer> (0x00000000a945f038) thrown at [./src/hotspot/share/classfile/systemDictionary.cpp, line 231]
Event: 13.625 Thread 0x000001c0beaa8800 Exception <a 'java/lang/NoSuchMethodError'{0x00000000a94daac0}: 'void java.lang.invoke.DirectMethodHandle$Holder.invokeStatic(java.lang.Object, long)'> (0x00000000a94daac0) thrown at [./src/hotspot/share/interpreter/linkResolver.cpp, line 773]
Event: 13.625 Thread 0x000001c0beaa8800 Exception <a 'java/lang/NoSuchMethodError'{0x00000000a94dfa30}: 'java.lang.Object java.lang.invoke.DirectMethodHandle$Holder.invokeStatic(java.lang.Object, long)'> (0x00000000a94dfa30) thrown at [./src/hotspot/share/interpreter/linkResolver.cpp, line 773]
Event: 13.628 Thread 0x000001c0beaa8800 Exception <a 'java/lang/NoSuchMethodError'{0x00000000a94edd08}: 'java.lang.Object java.lang.invoke.DirectMethodHandle$Holder.invokeStaticInit(java.lang.Object, java.lang.Object, long, java.lang.Object)'> (0x00000000a94edd08) thrown at [./src/hotspot/share/interpreter/linkResolver.cpp, line 773]
Event: 13.629 Thread 0x000001c0beaa8800 Exception <a 'java/lang/NoSuchMethodError'{0x00000000a94f3bf8}: 'java.lang.Object java.lang.invoke.DirectMethodHandle$Holder.invokeStatic(java.lang.Object, java.lang.Object, long)'> (0x00000000a94f3bf8) thrown at [./src/hotspot/share/interpreter/linkResolver.cpp, line 773]
Event: 13.629 Thread 0x000001c0beaa8800 Exception <a 'java/lang/NoSuchMethodError'{0x00000000a94fa138}: 'java.lang.Object java.lang.invoke.Invokers$Holder.linkToTargetMethod(java.lang.Object, long, java.lang.Object)'> (0x00000000a94fa138) thrown at [./src/hotspot/share/interpreter/linkResolver.cpp, line 773]

Events (20 events):
Event: 13.629 loading class java/lang/ProcessImpl$2
Event: 13.629 loading class java/lang/ProcessImpl$2 done
Event: 13.629 loading class java/lang/Process$PipeInputStream
Event: 13.629 loading class java/lang/Process$PipeInputStream done
Event: 13.629 Executing VM operation: Deoptimize
Event: 13.631 Executing VM operation: Deoptimize done
Event: 13.631 loading class org/gradle/process/internal/streams/ExecOutputHandleRunner
Event: 13.631 loading class org/gradle/process/internal/streams/ExecOutputHandleRunner done
Event: 13.633 Thread 0x000001c0beaa4800 Thread added: 0x000001c0beaa4800
Event: 13.633 Thread 0x000001c0beaab000 Thread added: 0x000001c0beaab000
Event: 16.973 loading class org/gradle/internal/logging/events/StyledTextOutputEvent$Span
Event: 16.973 loading class org/gradle/internal/logging/events/StyledTextOutputEvent$Span done
Event: 16.974 loading class org/gradle/internal/logging/events/operations/StyledTextBuildOperationProgressDetails$Span
Event: 16.974 loading class org/gradle/internal/logging/events/operations/StyledTextBuildOperationProgressDetails$Span done
Event: 16.974 loading class org/gradle/internal/operations/logging/StyledTextBuildOperationProgressDetails$Span
Event: 16.974 loading class org/gradle/internal/operations/logging/StyledTextBuildOperationProgressDetails$Span done
Event: 16.974 Executing VM operation: RevokeBias
Event: 16.974 Executing VM operation: RevokeBias done
Event: 16.975 Executing VM operation: RevokeBias
Event: 16.975 Executing VM operation: RevokeBias done


Dynamic libraries:
0x00007ff602b20000 - 0x00007ff602b2a000 	C:\Program Files\Android\Android Studio\jre\bin\java.exe
0x00007ffce71a0000 - 0x00007ffce73a9000 	C:\WINDOWS\SYSTEM32\ntdll.dll
0x00007ffce5cc0000 - 0x00007ffce5d7d000 	C:\WINDOWS\System32\KERNEL32.DLL
0x00007ffce49b0000 - 0x00007ffce4d2c000 	C:\WINDOWS\System32\KERNELBASE.dll
0x00007ffce4890000 - 0x00007ffce49a1000 	C:\WINDOWS\System32\ucrtbase.dll
0x00007ffcd00a0000 - 0x00007ffcd00b9000 	C:\Program Files\Android\Android Studio\jre\bin\jli.dll
0x00007ffcc76f0000 - 0x00007ffcc7707000 	C:\Program Files\Android\Android Studio\jre\bin\VCRUNTIME140.dll
0x00007ffce6fb0000 - 0x00007ffce715d000 	C:\WINDOWS\System32\USER32.dll
0x00007ffce4d30000 - 0x00007ffce4d56000 	C:\WINDOWS\System32\win32u.dll
0x00007ffcd16c0000 - 0x00007ffcd1965000 	C:\WINDOWS\WinSxS\amd64_microsoft.windows.common-controls_6595b64144ccf1df_6.0.22000.120_none_9d947278b86cc467\COMCTL32.dll
0x00007ffce5090000 - 0x00007ffce50b9000 	C:\WINDOWS\System32\GDI32.dll
0x00007ffce6110000 - 0x00007ffce61b3000 	C:\WINDOWS\System32\msvcrt.dll
0x00007ffce4d60000 - 0x00007ffce4e79000 	C:\WINDOWS\System32\gdi32full.dll
0x00007ffce47f0000 - 0x00007ffce488d000 	C:\WINDOWS\System32\msvcp_win.dll
0x00007ffce5d80000 - 0x00007ffce5db1000 	C:\WINDOWS\System32\IMM32.DLL
0x00007ffcac290000 - 0x00007ffcac32d000 	C:\Program Files\Android\Android Studio\jre\bin\msvcp140.dll
0x00007ffc75030000 - 0x00007ffc75aff000 	C:\Program Files\Android\Android Studio\jre\bin\server\jvm.dll
0x00007ffce5890000 - 0x00007ffce593e000 	C:\WINDOWS\System32\ADVAPI32.dll
0x00007ffce6440000 - 0x00007ffce64de000 	C:\WINDOWS\System32\sechost.dll
0x00007ffce50c0000 - 0x00007ffce51e0000 	C:\WINDOWS\System32\RPCRT4.dll
0x00007ffce61e0000 - 0x00007ffce61e8000 	C:\WINDOWS\System32\PSAPI.DLL
0x00007ffcb7be0000 - 0x00007ffcb7be9000 	C:\WINDOWS\SYSTEM32\WSOCK32.dll
0x00007ffce5740000 - 0x00007ffce57af000 	C:\WINDOWS\System32\WS2_32.dll
0x00007ffcde9c0000 - 0x00007ffcde9f3000 	C:\WINDOWS\SYSTEM32\WINMM.dll
0x00007ffcdbb70000 - 0x00007ffcdbb7a000 	C:\WINDOWS\SYSTEM32\VERSION.dll
0x00007ffce3740000 - 0x00007ffce3758000 	C:\WINDOWS\SYSTEM32\kernel.appcore.dll
0x00007ffcb7d50000 - 0x00007ffcb7d61000 	C:\Program Files\Android\Android Studio\jre\bin\verify.dll
0x00007ffce20a0000 - 0x00007ffce22c1000 	C:\WINDOWS\SYSTEM32\DBGHELP.DLL
0x00007ffccf970000 - 0x00007ffccf9a1000 	C:\WINDOWS\SYSTEM32\dbgcore.DLL
0x00007ffce4fb0000 - 0x00007ffce502f000 	C:\WINDOWS\System32\bcryptPrimitives.dll
0x00007ffcb2000000 - 0x00007ffcb2029000 	C:\Program Files\Android\Android Studio\jre\bin\java.dll
0x00007ffce0910000 - 0x00007ffce091b000 	C:\Program Files\Android\Android Studio\jre\bin\jimage.dll
0x00007ffcb3560000 - 0x00007ffcb3578000 	C:\Program Files\Android\Android Studio\jre\bin\zip.dll
0x00007ffce64e0000 - 0x00007ffce6c98000 	C:\WINDOWS\System32\SHELL32.dll
0x00007ffce27a0000 - 0x00007ffce3008000 	C:\WINDOWS\SYSTEM32\windows.storage.dll
0x00007ffce5940000 - 0x00007ffce5cb9000 	C:\WINDOWS\System32\combase.dll
0x00007ffce2630000 - 0x00007ffce2796000 	C:\WINDOWS\SYSTEM32\wintypes.dll
0x00007ffce6ca0000 - 0x00007ffce6d8a000 	C:\WINDOWS\System32\SHCORE.dll
0x00007ffce5030000 - 0x00007ffce508d000 	C:\WINDOWS\System32\shlwapi.dll
0x00007ffce45b0000 - 0x00007ffce45d1000 	C:\WINDOWS\SYSTEM32\profapi.dll
0x00007ffcb2ef0000 - 0x00007ffcb2f0a000 	C:\Program Files\Android\Android Studio\jre\bin\net.dll
0x00007ffcdd250000 - 0x00007ffcdd35c000 	C:\WINDOWS\SYSTEM32\WINHTTP.dll
0x00007ffce3c10000 - 0x00007ffce3c77000 	C:\WINDOWS\system32\mswsock.dll
0x00007ffcac270000 - 0x00007ffcac284000 	C:\Program Files\Android\Android Studio\jre\bin\nio.dll
0x00007ffcac240000 - 0x00007ffcac267000 	C:\Users\Jaca\.gradle\native\e1d6ef7f7dcc3fd88c89a11ec53ec762bb8ba0a96d01ffa2cd45eb1d1d8dd5c5\windows-amd64\native-platform.dll
0x00007ffcabdd0000 - 0x00007ffcabf14000 	C:\Users\Jaca\.gradle\native\0d407fdbe67a94daf76414ababcb853783967236a71b16ec16e742cd7a986fd3\windows-amd64\native-platform-file-events.dll
0x00007ffcdf940000 - 0x00007ffcdf94a000 	C:\Program Files\Android\Android Studio\jre\bin\management.dll
0x00007ffcdc350000 - 0x00007ffcdc35c000 	C:\Program Files\Android\Android Studio\jre\bin\management_ext.dll
0x00007ffce3e50000 - 0x00007ffce3e68000 	C:\WINDOWS\SYSTEM32\CRYPTSP.dll
0x00007ffce36a0000 - 0x00007ffce36d5000 	C:\WINDOWS\system32\rsaenh.dll
0x00007ffce3d00000 - 0x00007ffce3d29000 	C:\WINDOWS\SYSTEM32\USERENV.dll
0x00007ffce3fe0000 - 0x00007ffce4007000 	C:\WINDOWS\SYSTEM32\bcrypt.dll
0x00007ffce3e70000 - 0x00007ffce3e7c000 	C:\WINDOWS\SYSTEM32\CRYPTBASE.dll
0x00007ffce3260000 - 0x00007ffce328d000 	C:\WINDOWS\SYSTEM32\IPHLPAPI.DLL
0x00007ffce60d0000 - 0x00007ffce60d9000 	C:\WINDOWS\System32\NSI.dll
0x00007ffcdca30000 - 0x00007ffcdca49000 	C:\WINDOWS\SYSTEM32\dhcpcsvc6.DLL
0x00007ffcde990000 - 0x00007ffcde9ae000 	C:\WINDOWS\SYSTEM32\dhcpcsvc.DLL
0x00007ffce32e0000 - 0x00007ffce33c8000 	C:\WINDOWS\SYSTEM32\DNSAPI.dll

dbghelp: loaded successfully - version: 4.0.5 - missing functions: none
symbol engine: initialized successfully - sym options: 0x614 - pdb path: .;C:\Program Files\Android\Android Studio\jre\bin;C:\WINDOWS\SYSTEM32;C:\WINDOWS\WinSxS\amd64_microsoft.windows.common-controls_6595b64144ccf1df_6.0.22000.120_none_9d947278b86cc467;C:\Program Files\Android\Android Studio\jre\bin\server;C:\Users\Jaca\.gradle\native\e1d6ef7f7dcc3fd88c89a11ec53ec762bb8ba0a96d01ffa2cd45eb1d1d8dd5c5\windows-amd64;C:\Users\Jaca\.gradle\native\0d407fdbe67a94daf76414ababcb853783967236a71b16ec16e742cd7a986fd3\windows-amd64

VM Arguments:
jvm_args: --add-opens=java.base/java.util=ALL-UNNAMED --add-opens=java.base/java.lang=ALL-UNNAMED --add-opens=java.base/java.lang.invoke=ALL-UNNAMED --add-opens=java.base/java.util=ALL-UNNAMED --add-opens=java.prefs/java.util.prefs=ALL-UNNAMED --add-opens=java.prefs/java.util.prefs=ALL-UNNAMED --add-opens=java.base/java.nio.charset=ALL-UNNAMED --add-opens=java.base/java.net=ALL-UNNAMED --add-opens=java.base/java.util.concurrent.atomic=ALL-UNNAMED -Xmx1536M -Dfile.encoding=windows-1252 -Duser.country=US -Duser.language=en -Duser.variant 
java_command: org.gradle.launcher.daemon.bootstrap.GradleDaemon 7.4
java_class_path (initial): C:\Users\Jaca\.gradle\wrapper\dists\gradle-7.4-all\aadb4xli5jkdsnukm30eibyiu\gradle-7.4\lib\gradle-launcher-7.4.jar
Launcher Type: SUN_STANDARD

[Global flags]
     intx CICompilerCount                          = 4                                         {product} {ergonomic}
     uint ConcGCThreads                            = 2                                         {product} {ergonomic}
     uint G1ConcRefinementThreads                  = 8                                         {product} {ergonomic}
   size_t G1HeapRegionSize                         = 1048576                                   {product} {ergonomic}
    uintx GCDrainStackTargetSize                   = 64                                        {product} {ergonomic}
   size_t InitialHeapSize                          = 123731968                                 {product} {ergonomic}
   size_t MarkStackSize                            = 4194304                                   {product} {ergonomic}
   size_t MaxHeapSize                              = 1610612736                                {product} {command line}
   size_t MaxNewSize                               = 965738496                                 {product} {ergonomic}
   size_t MinHeapDeltaBytes                        = 1048576                                   {product} {ergonomic}
    uintx NonNMethodCodeHeapSize                   = 5836300                                {pd product} {ergonomic}
    uintx NonProfiledCodeHeapSize                  = 122910970                              {pd product} {ergonomic}
    uintx ProfiledCodeHeapSize                     = 122910970                              {pd product} {ergonomic}
    uintx ReservedCodeCacheSize                    = 251658240                              {pd product} {ergonomic}
     bool SegmentedCodeCache                       = true                                      {product} {ergonomic}
     bool UseCompressedClassPointers               = true                                 {lp64_product} {ergonomic}
     bool UseCompressedOops                        = true                                 {lp64_product} {ergonomic}
     bool UseG1GC                                  = true                                      {product} {ergonomic}
     bool UseLargePagesIndividualAllocation        = false                                  {pd product} {ergonomic}

Logging:
Log output configuration:
 #0: stdout all=warning uptime,level,tags
 #1: stderr all=off uptime,level,tags

Environment Variables:
JAVA_HOME=C:\Program Files\Android\Android Studio\jre
CLASSPATH=C:\Users\Jaca\Desktop\Proyectos\AcademyApp\Flutter\acdemy\android\\gradle\wrapper\gradle-wrapper.jar
PATH=C:\ProgramData\Oracle\Java\javapath;C:\Users\Jaca\Downloads\WINDOWS.X64_193000_db_home\bin;C:\Program Files\Microsoft MPI\Bin\;C:\Python310\Scripts\;C:\Python310\;C:\Program Files\Common Files\Oracle\Java\javapath;C:\Program Files (x86)\Common Files\Oracle\Java\javapath;C:\WINDOWS\system32;C:\WINDOWS;C:\WINDOWS\System32\Wbem;C:\WINDOWS\System32\WindowsPowerShell\v1.0\;C:\WINDOWS\System32\OpenSSH\;C:\Program Files\Git\cmd;C:\Program Files (x86)\GitExtensions\;C:\Program Files\nodejs\;C:\ProgramData\chocolatey\bin;C:\Program Files (x86)\WinMerge;C:\xampp\php\php.ini;C:\xampp\php\;C:\ProgramData\ComposerSetup\bin;C:\flutter\bin;C:\Program Files (x86)\Microsoft SQL Server\150\Tools\Binn\;C:\Program Files\Microsoft SQL Server\150\Tools\Binn\;C:\Program Files (x86)\Microsoft SQL Server\150\DTS\Binn\;C:\Program Files\Microsoft SQL Server\150\DTS\Binn\;C:\Program Files\Microsoft SQL Server\Client SDK\ODBC\170\Tools\Binn\;C:\Program Files\Azure Data Studio\bin;C:\Program Files\dotnet\;C:\Program Files\Microsoft SQL Server\130\Tools\Binn\;C:\Program Files (x86)\Microsoft SQL Server\110\DTS\Binn\;C:\Program Files (x86)\Microsoft SQL Server\120\DTS\Binn\;C:\Program Files (x86)\Microsoft SQL Server\130\DTS\Binn\;C:\Program Files (x86)\Microsoft SQL Server\140\DTS\Binn\;C:\WINDOWS\system32;C:\WINDOWS;C:\WINDOWS\System32\Wbem;C:\WINDOWS\System32\WindowsPowerShell\v1.0\;C:\WINDOWS\System32\OpenSSH\;C;C:\Program Files\Graphviz\bin;C:\Users\Jaca\AppData\Local\Microsoft\WindowsApps;C:\Users\Jaca\AppData\Local\Programs\Microsoft VS Code\bin;C:\Users\Jaca\AppData\Roaming\npm;C:\xampp\php\;C:\xampp\php\php.ini;C:\Users\Jaca\AppData\Roaming\Composer\vendor\bin;C:\flutter\bin;;C:\Program Files\Azure Data Studio\bin;C:\Program Files\JetBrains\PyCharm Community Edition 2021.3.3\bin;;C:\Program Files\JetBrains\IntelliJ IDEA Community Edition 2021.3.3\bin;;C:\Users\Jaca\.dotnet\tools;C:\flutter\bin\mingit\cmd
USERNAME=Jaca
OS=Windows_NT
PROCESSOR_IDENTIFIER=AMD64 Family 23 Model 96 Stepping 1, AuthenticAMD



---------------  S Y S T E M  ---------------

OS: Windows 10 , 64 bit Build 22000 (10.0.22000.708)
OS uptime: 0 days 11:58 hours
Hyper-V role detected

CPU:total 8 (initial active 8) (8 cores per cpu, 1 threads per core) family 23 model 96 stepping 1 microcode 0x0, cmov, cx8, fxsr, mmx, sse, sse2, sse3, ssse3, sse4.1, sse4.2, popcnt, avx, avx2, aes, clmul, mmxext, 3dnowpref, lzcnt, sse4a, tsc, tscinvbit, tscinv, bmi1, bmi2, adx, sha, 

Memory: 4k page, system-wide physical 7550M (52M free)
TotalPageFile size 30586M (AvailPageFile size 2M)
current process WorkingSet (physical memory assigned to process): 393M, peak: 415M
current process commit charge ("private bytes"): 441M, peak: 460M

vm_info: OpenJDK 64-Bit Server VM (11.0.10+0-b96-7249189) for windows-amd64 JRE (11.0.10+0-b96-7249189), built on Mar 31 2021 21:44:00 by "builder" with MS VC++ 14.0 (VS2015)

END.
