#
# There is insufficient memory for the Java Runtime Environment to continue.
# Native memory allocation (malloc) failed to allocate 32784 bytes for Chunk::new
# Possible reasons:
#   The system is out of physical RAM or swap space
#   The process is running with CompressedOops enabled, and the Java Heap may be blocking the growth of the native heap
# Possible solutions:
#   Reduce memory load on the system
#   Increase physical memory or swap space
#   Check if swap backing store is full
#   Decrease Java heap size (-Xmx/-Xms)
#   Decrease number of Java threads
#   Decrease Java thread stack sizes (-Xss)
#   Set larger code cache with -XX:ReservedCodeCacheSize=
#   JVM is running with Unscaled Compressed Oops mode in which the Java heap is
#     placed in the first 4GB address space. The Java Heap base address is the
#     maximum limit for the native heap growth. Please use -XX:HeapBaseMinAddress
#     to set the Java Heap base and to place the Java Heap above 4GB virtual address.
# This output file may be truncated or incomplete.
#
#  Out of Memory Error (./src/hotspot/share/memory/arena.cpp:197), pid=122564, tid=123488
#
# JRE version: OpenJDK Runtime Environment (11.0.10) (build 11.0.10+0-b96-7249189)
# Java VM: OpenJDK 64-Bit Server VM (11.0.10+0-b96-7249189, mixed mode, tiered, compressed oops, g1 gc, windows-amd64)
# No core dump will be written. Minidumps are not enabled by default on client versions of Windows
#

---------------  S U M M A R Y ------------

Command Line: --add-opens=java.base/java.util=ALL-UNNAMED --add-opens=java.base/java.lang=ALL-UNNAMED --add-opens=java.base/java.lang.invoke=ALL-UNNAMED --add-opens=java.base/java.util=ALL-UNNAMED --add-opens=java.prefs/java.util.prefs=ALL-UNNAMED --add-opens=java.prefs/java.util.prefs=ALL-UNNAMED --add-opens=java.base/java.nio.charset=ALL-UNNAMED --add-opens=java.base/java.net=ALL-UNNAMED --add-opens=java.base/java.util.concurrent.atomic=ALL-UNNAMED -Xmx1536M -Dfile.encoding=windows-1252 -Duser.country=US -Duser.language=en -Duser.variant org.gradle.launcher.daemon.bootstrap.GradleDaemon 7.4

Host: AMD Ryzen 7 4700U with Radeon Graphics         , 8 cores, 7G,  Windows 10 , 64 bit Build 22000 (10.0.22000.708)
Time: Mon Oct 24 21:15:51 2022 Central America Standard Time elapsed time: 20.644774 seconds (0d 0h 0m 20s)

---------------  T H R E A D  ---------------

Current thread (0x0000024816094800):  JavaThread "C2 CompilerThread0" daemon [_thread_in_native, id=123488, stack(0x0000007367800000,0x0000007367900000)]


Current CompileTask:
C2:  20644 9371       4       org.gradle.internal.logging.text.AbstractLineChoppingStyledTextOutput::doAppend (43 bytes)

Stack: [0x0000007367800000,0x0000007367900000]
Native frames: (J=compiled Java code, j=interpreted, Vv=VM code, C=native code)
V  [jvm.dll+0x5ecfaa]
V  [jvm.dll+0x722bd5]
V  [jvm.dll+0x72412d]
V  [jvm.dll+0x7247e3]
V  [jvm.dll+0x242928]
V  [jvm.dll+0xbc4fc]
V  [jvm.dll+0xbca0c]
V  [jvm.dll+0xbc608]
V  [jvm.dll+0x5cc470]
V  [jvm.dll+0x201cde]
V  [jvm.dll+0x617564]
V  [jvm.dll+0x6175fb]
V  [jvm.dll+0x1fc81f]
V  [jvm.dll+0x1fa77f]
V  [jvm.dll+0x18354c]
V  [jvm.dll+0x208ee7]
V  [jvm.dll+0x207731]
V  [jvm.dll+0x6eb1cf]
V  [jvm.dll+0x6e3d45]
V  [jvm.dll+0x5ebe96]
C  [ucrtbase.dll+0x26c0c]
C  [KERNEL32.DLL+0x154e0]
C  [ntdll.dll+0x485b]


---------------  P R O C E S S  ---------------

Threads class SMR info:
_java_thread_list=0x000002481663e1c0, length=137, elements={
0x000002487a6d5800, 0x000002481582a000, 0x000002481582b000, 0x000002481608d800,
0x0000024816090800, 0x0000024816091800, 0x0000024816094800, 0x0000024816097000,
0x000002481609a000, 0x00000248161fa800, 0x0000024818109000, 0x0000024817cc6000,
0x00000248180c8800, 0x000002481832e000, 0x000002481832e800, 0x000002481832a800,
0x00000248182e0000, 0x000002481852b800, 0x00000248182d1000, 0x00000248182d3000,
0x00000248182d4800, 0x00000248182d6000, 0x00000248182d3800, 0x00000248182d0800,
0x00000248182d5800, 0x00000248182d7000, 0x00000248182d2000, 0x0000024818ea9000,
0x0000024818ea4000, 0x0000024818ea3800, 0x0000024818eaa800, 0x0000024818ea6800,
0x0000024818ea7800, 0x0000024818ea6000, 0x0000024818ead000, 0x0000024818eac800,
0x0000024818eae000, 0x0000024818ea8800, 0x0000024818eb0800, 0x0000024818eb1800,
0x0000024818eb2000, 0x0000024818eaf000, 0x0000024818eaf800, 0x000002481a1db000,
0x000002481a1de800, 0x000002481a1da800, 0x000002481a1df800, 0x000002481a1d9800,
0x000002481a1dd800, 0x000002481a1e0000, 0x000002481a1e1000, 0x000002481a1e1800,
0x000002481a1dd000, 0x000002481a1dc000, 0x000002481a1e3800, 0x000002481a1e5000,
0x000002481a1e6800, 0x000002481a1e7800, 0x000002481a1e8800, 0x000002481a1e6000,
0x000002481a1e4000, 0x000002481a1e2800, 0x000002481a23f800, 0x000002481a23a800,
0x000002481a240800, 0x000002481a241800, 0x000002481a23b800, 0x000002481a242000,
0x000002481a23c800, 0x000002481a243000, 0x000002481a23d000, 0x000002481a243800,
0x000002481a23e000, 0x000002481a23f000, 0x000002481a247000, 0x000002481a244800,
0x000002481a246000, 0x000002481a248000, 0x000002481a249800, 0x000002481a248800,
0x000002481a245800, 0x000002481c2ab800, 0x000002481c2ab000, 0x000002481c2aa000,
0x000002481c2ac800, 0x000002481c2ad000, 0x000002481c2a9000, 0x000002481c2ae000,
0x000002481c2a8800, 0x000002481c2b0800, 0x000002481c2af000, 0x000002481c2b1800,
0x000002481c2b2000, 0x000002481c2b3000, 0x000002481c2b5800, 0x000002481c2b3800,
0x000002481c2af800, 0x000002481c2b6000, 0x000002481c2b7000, 0x000002481c2b4800,
0x000002481c425800, 0x000002481c426800, 0x000002481c427000, 0x000002481c428000,
0x000002481c424800, 0x000002481c429000, 0x000002481c423000, 0x000002481c429800,
0x000002481c424000, 0x000002481c42d000, 0x000002481c42d800, 0x000002481c430000,
0x000002481c42a800, 0x000002481c431000, 0x000002481c42f800, 0x000002481c42e800,
0x000002481c42b000, 0x000002481c431800, 0x000002481c42c000, 0x000002481ad99800,
0x000002481ad9e000, 0x000002481ad9b000, 0x000002481ad98800, 0x000002481ad9c000,
0x000002481ad9c800, 0x000002481ad9d800, 0x000002481ad9f000, 0x000002481ada0000,
0x000002481ad9a000, 0x000002481ada4000, 0x000002481ada4800, 0x000002481ada0800,
0x000002481ada1800, 0x000002481ada5800, 0x000002481ada6800, 0x000002481ada7000,
0x000002481ada2800
}

Java Threads: ( => current thread )
  0x000002487a6d5800 JavaThread "main" [_thread_blocked, id=123184, stack(0x0000007366c00000,0x0000007366d00000)]
  0x000002481582a000 JavaThread "Reference Handler" daemon [_thread_blocked, id=116768, stack(0x0000007367300000,0x0000007367400000)]
  0x000002481582b000 JavaThread "Finalizer" daemon [_thread_blocked, id=122628, stack(0x0000007367400000,0x0000007367500000)]
  0x000002481608d800 JavaThread "Signal Dispatcher" daemon [_thread_blocked, id=77328, stack(0x0000007367500000,0x0000007367600000)]
  0x0000024816090800 JavaThread "Attach Listener" daemon [_thread_blocked, id=110668, stack(0x0000007367600000,0x0000007367700000)]
  0x0000024816091800 JavaThread "Service Thread" daemon [_thread_blocked, id=123652, stack(0x0000007367700000,0x0000007367800000)]
=>0x0000024816094800 JavaThread "C2 CompilerThread0" daemon [_thread_in_native, id=123488, stack(0x0000007367800000,0x0000007367900000)]
  0x0000024816097000 JavaThread "C1 CompilerThread0" daemon [_thread_blocked, id=123464, stack(0x0000007367900000,0x0000007367a00000)]
  0x000002481609a000 JavaThread "Sweeper thread" daemon [_thread_blocked, id=123824, stack(0x0000007367a00000,0x0000007367b00000)]
  0x00000248161fa800 JavaThread "Common-Cleaner" daemon [_thread_blocked, id=121976, stack(0x0000007367b00000,0x0000007367c00000)]
  0x0000024818109000 JavaThread "Daemon health stats" [_thread_blocked, id=118764, stack(0x0000007367e00000,0x0000007367f00000)]
  0x0000024817cc6000 JavaThread "Incoming local TCP Connector on port 53295" [_thread_in_native, id=123116, stack(0x0000007367f00000,0x0000007368000000)]
  0x00000248180c8800 JavaThread "Daemon periodic checks" [_thread_blocked, id=123608, stack(0x0000007368000000,0x0000007368100000)]
  0x000002481832e000 JavaThread "Daemon" [_thread_blocked, id=123572, stack(0x0000007368100000,0x0000007368200000)]
  0x000002481832e800 JavaThread "Handler for socket connection from /127.0.0.1:53295 to /127.0.0.1:53296" [_thread_in_native, id=123720, stack(0x0000007368200000,0x0000007368300000)]
  0x000002481832a800 JavaThread "Cancel handler" [_thread_blocked, id=119428, stack(0x0000007368300000,0x0000007368400000)]
  0x00000248182e0000 JavaThread "Daemon worker" [_thread_blocked, id=100720, stack(0x0000007368400000,0x0000007368500000)]
  0x000002481852b800 JavaThread "Asynchronous log dispatcher for DefaultDaemonConnection: socket connection from /127.0.0.1:53295 to /127.0.0.1:53296" [_thread_blocked, id=121020, stack(0x0000007368500000,0x0000007368600000)]
  0x00000248182d1000 JavaThread "Stdin handler" [_thread_blocked, id=121764, stack(0x0000007368600000,0x0000007368700000)]
  0x00000248182d3000 JavaThread "Daemon client event forwarder" [_thread_blocked, id=115820, stack(0x0000007368700000,0x0000007368800000)]
  0x00000248182d4800 JavaThread "Cache worker for journal cache (C:\Users\Jaca\.gradle\caches\journal-1)" [_thread_blocked, id=123128, stack(0x0000007368e00000,0x0000007368f00000)]
  0x00000248182d6000 JavaThread "File lock request listener" [_thread_in_native, id=122152, stack(0x0000007368f00000,0x0000007369000000)]
  0x00000248182d3800 JavaThread "Cache worker for file hash cache (C:\Users\Jaca\.gradle\caches\7.4\fileHashes)" [_thread_blocked, id=121384, stack(0x0000007369000000,0x0000007369100000)]
  0x00000248182d0800 JavaThread "File watcher server" daemon [_thread_in_native, id=120248, stack(0x0000007369200000,0x0000007369300000)]
  0x00000248182d5800 JavaThread "File watcher consumer" daemon [_thread_blocked, id=89592, stack(0x0000007369300000,0x0000007369400000)]
  0x00000248182d7000 JavaThread "Cache worker for checksums cache (C:\Users\Jaca\Desktop\Proyectos\AcademyApp\Flutter\acdemy\android\.gradle\7.4\checksums)" [_thread_blocked, id=119604, stack(0x0000007369400000,0x0000007369500000)]
  0x00000248182d2000 JavaThread "Cache worker for cache directory md-rule (C:\Users\Jaca\.gradle\caches\7.4\md-rule)" [_thread_blocked, id=123284, stack(0x0000007369500000,0x0000007369600000)]
  0x0000024818ea9000 JavaThread "Cache worker for file hash cache (C:\Users\Jaca\Desktop\Proyectos\AcademyApp\Flutter\acdemy\android\.gradle\7.4\fileHashes)" [_thread_blocked, id=121616, stack(0x0000007369600000,0x0000007369700000)]
  0x0000024818ea4000 JavaThread "Cache worker for cache directory md-supplier (C:\Users\Jaca\.gradle\caches\7.4\md-supplier)" [_thread_blocked, id=123660, stack(0x0000007369700000,0x0000007369800000)]
  0x0000024818ea3800 JavaThread "Cache worker for execution history cache (C:\Users\Jaca\.gradle\caches\7.4\executionHistory)" [_thread_blocked, id=119968, stack(0x0000007369800000,0x0000007369900000)]
  0x0000024818eaa800 JavaThread "jar transforms" [_thread_blocked, id=122996, stack(0x0000007369900000,0x0000007369a00000)]
  0x0000024818ea6800 JavaThread "jar transforms Thread 2" [_thread_blocked, id=116612, stack(0x0000007369a00000,0x0000007369b00000)]
  0x0000024818ea7800 JavaThread "Cache worker for file content cache (C:\Users\Jaca\.gradle\caches\7.4\fileContent)" [_thread_blocked, id=123112, stack(0x0000007369b00000,0x0000007369c00000)]
  0x0000024818ea6000 JavaThread "jar transforms Thread 3" [_thread_blocked, id=121404, stack(0x0000007369c00000,0x0000007369d00000)]
  0x0000024818ead000 JavaThread "jar transforms Thread 4" [_thread_blocked, id=122492, stack(0x0000007369d00000,0x0000007369e00000)]
  0x0000024818eac800 JavaThread "Cache worker for dependencies-accessors (C:\Users\Jaca\Desktop\Proyectos\AcademyApp\Flutter\acdemy\android\.gradle\7.4\dependencies-accessors)" [_thread_blocked, id=121396, stack(0x0000007369e00000,0x0000007369f00000)]
  0x0000024818eae000 JavaThread "jar transforms Thread 5" [_thread_blocked, id=116088, stack(0x0000007369f00000,0x000000736a000000)]
  0x0000024818ea8800 JavaThread "Cache worker for Build Output Cleanup Cache (C:\Users\Jaca\Desktop\Proyectos\AcademyApp\Flutter\acdemy\android\.gradle\buildOutputCleanup)" [_thread_blocked, id=58792, stack(0x000000736a000000,0x000000736a100000)]
  0x0000024818eb0800 JavaThread "Unconstrained build operations" [_thread_blocked, id=122900, stack(0x000000736a100000,0x000000736a200000)]
  0x0000024818eb1800 JavaThread "Unconstrained build operations Thread 2" [_thread_blocked, id=120624, stack(0x000000736a200000,0x000000736a300000)]
  0x0000024818eb2000 JavaThread "Unconstrained build operations Thread 3" [_thread_blocked, id=120720, stack(0x000000736a300000,0x000000736a400000)]
  0x0000024818eaf000 JavaThread "Unconstrained build operations Thread 4" [_thread_blocked, id=123028, stack(0x000000736a400000,0x000000736a500000)]
  0x0000024818eaf800 JavaThread "Unconstrained build operations Thread 5" [_thread_blocked, id=113140, stack(0x000000736a500000,0x000000736a600000)]
  0x000002481a1db000 JavaThread "Unconstrained build operations Thread 6" [_thread_blocked, id=122656, stack(0x000000736a600000,0x000000736a700000)]
  0x000002481a1de800 JavaThread "Unconstrained build operations Thread 7" [_thread_blocked, id=122080, stack(0x000000736a700000,0x000000736a800000)]
  0x000002481a1da800 JavaThread "Unconstrained build operations Thread 8" [_thread_blocked, id=115048, stack(0x000000736a800000,0x000000736a900000)]
  0x000002481a1df800 JavaThread "Unconstrained build operations Thread 9" [_thread_blocked, id=123048, stack(0x000000736a900000,0x000000736aa00000)]
  0x000002481a1d9800 JavaThread "Unconstrained build operations Thread 10" [_thread_blocked, id=119336, stack(0x000000736aa00000,0x000000736ab00000)]
  0x000002481a1dd800 JavaThread "Unconstrained build operations Thread 11" [_thread_blocked, id=123328, stack(0x000000736ab00000,0x000000736ac00000)]
  0x000002481a1e0000 JavaThread "Unconstrained build operations Thread 12" [_thread_blocked, id=123764, stack(0x000000736ac00000,0x000000736ad00000)]
  0x000002481a1e1000 JavaThread "Unconstrained build operations Thread 13" [_thread_blocked, id=120288, stack(0x000000736ad00000,0x000000736ae00000)]
  0x000002481a1e1800 JavaThread "Unconstrained build operations Thread 14" [_thread_blocked, id=117676, stack(0x000000736ae00000,0x000000736af00000)]
  0x000002481a1dd000 JavaThread "Unconstrained build operations Thread 15" [_thread_blocked, id=122264, stack(0x000000736af00000,0x000000736b000000)]
  0x000002481a1dc000 JavaThread "Unconstrained build operations Thread 16" [_thread_blocked, id=113392, stack(0x000000736b000000,0x000000736b100000)]
  0x000002481a1e3800 JavaThread "Unconstrained build operations Thread 17" [_thread_blocked, id=123012, stack(0x000000736b100000,0x000000736b200000)]
  0x000002481a1e5000 JavaThread "Unconstrained build operations Thread 18" [_thread_blocked, id=119864, stack(0x000000736b200000,0x000000736b300000)]
  0x000002481a1e6800 JavaThread "Unconstrained build operations Thread 19" [_thread_blocked, id=123696, stack(0x000000736b300000,0x000000736b400000)]
  0x000002481a1e7800 JavaThread "Unconstrained build operations Thread 20" [_thread_blocked, id=122664, stack(0x000000736b400000,0x000000736b500000)]
  0x000002481a1e8800 JavaThread "Unconstrained build operations Thread 21" [_thread_blocked, id=3148, stack(0x000000736b500000,0x000000736b600000)]
  0x000002481a1e6000 JavaThread "Unconstrained build operations Thread 22" [_thread_blocked, id=122940, stack(0x000000736b600000,0x000000736b700000)]
  0x000002481a1e4000 JavaThread "Unconstrained build operations Thread 23" [_thread_blocked, id=118068, stack(0x000000736b700000,0x000000736b800000)]
  0x000002481a1e2800 JavaThread "Unconstrained build operations Thread 24" [_thread_blocked, id=15464, stack(0x000000736b800000,0x000000736b900000)]
  0x000002481a23f800 JavaThread "Unconstrained build operations Thread 25" [_thread_blocked, id=117956, stack(0x000000736b900000,0x000000736ba00000)]
  0x000002481a23a800 JavaThread "Unconstrained build operations Thread 26" [_thread_blocked, id=62856, stack(0x000000736ba00000,0x000000736bb00000)]
  0x000002481a240800 JavaThread "Unconstrained build operations Thread 27" [_thread_blocked, id=122312, stack(0x000000736bb00000,0x000000736bc00000)]
  0x000002481a241800 JavaThread "Unconstrained build operations Thread 28" [_thread_blocked, id=123804, stack(0x000000736bc00000,0x000000736bd00000)]
  0x000002481a23b800 JavaThread "Unconstrained build operations Thread 29" [_thread_blocked, id=117488, stack(0x000000736bd00000,0x000000736be00000)]
  0x000002481a242000 JavaThread "Unconstrained build operations Thread 30" [_thread_blocked, id=123692, stack(0x000000736be00000,0x000000736bf00000)]
  0x000002481a23c800 JavaThread "Unconstrained build operations Thread 31" [_thread_blocked, id=120252, stack(0x000000736bf00000,0x000000736c000000)]
  0x000002481a243000 JavaThread "Unconstrained build operations Thread 32" [_thread_blocked, id=123060, stack(0x000000736c000000,0x000000736c100000)]
  0x000002481a23d000 JavaThread "Unconstrained build operations Thread 33" [_thread_blocked, id=120092, stack(0x000000736c100000,0x000000736c200000)]
  0x000002481a243800 JavaThread "Unconstrained build operations Thread 34" [_thread_blocked, id=123192, stack(0x000000736c200000,0x000000736c300000)]
  0x000002481a23e000 JavaThread "Unconstrained build operations Thread 35" [_thread_blocked, id=123872, stack(0x000000736c300000,0x000000736c400000)]
  0x000002481a23f000 JavaThread "Unconstrained build operations Thread 36" [_thread_blocked, id=120128, stack(0x000000736c400000,0x000000736c500000)]
  0x000002481a247000 JavaThread "Unconstrained build operations Thread 37" [_thread_blocked, id=121056, stack(0x000000736c500000,0x000000736c600000)]
  0x000002481a244800 JavaThread "Unconstrained build operations Thread 38" [_thread_blocked, id=105052, stack(0x000000736c600000,0x000000736c700000)]
  0x000002481a246000 JavaThread "Unconstrained build operations Thread 39" [_thread_blocked, id=120352, stack(0x000000736c700000,0x000000736c800000)]
  0x000002481a248000 JavaThread "Unconstrained build operations Thread 40" [_thread_blocked, id=87952, stack(0x000000736c800000,0x000000736c900000)]
  0x000002481a249800 JavaThread "Unconstrained build operations Thread 41" [_thread_blocked, id=123316, stack(0x000000736c900000,0x000000736ca00000)]
  0x000002481a248800 JavaThread "Unconstrained build operations Thread 42" [_thread_blocked, id=105844, stack(0x000000736ca00000,0x000000736cb00000)]
  0x000002481a245800 JavaThread "Unconstrained build operations Thread 43" [_thread_blocked, id=123000, stack(0x000000736cb00000,0x000000736cc00000)]
  0x000002481c2ab800 JavaThread "Unconstrained build operations Thread 44" [_thread_blocked, id=118128, stack(0x000000736cc00000,0x000000736cd00000)]
  0x000002481c2ab000 JavaThread "Unconstrained build operations Thread 45" [_thread_blocked, id=121196, stack(0x000000736cd00000,0x000000736ce00000)]
  0x000002481c2aa000 JavaThread "Unconstrained build operations Thread 46" [_thread_blocked, id=123072, stack(0x000000736ce00000,0x000000736cf00000)]
  0x000002481c2ac800 JavaThread "Unconstrained build operations Thread 47" [_thread_blocked, id=119152, stack(0x000000736cf00000,0x000000736d000000)]
  0x000002481c2ad000 JavaThread "Unconstrained build operations Thread 48" [_thread_blocked, id=118548, stack(0x000000736d000000,0x000000736d100000)]
  0x000002481c2a9000 JavaThread "Unconstrained build operations Thread 49" [_thread_blocked, id=117856, stack(0x000000736d100000,0x000000736d200000)]
  0x000002481c2ae000 JavaThread "Unconstrained build operations Thread 50" [_thread_blocked, id=121120, stack(0x000000736d200000,0x000000736d300000)]
  0x000002481c2a8800 JavaThread "Unconstrained build operations Thread 51" [_thread_blocked, id=119908, stack(0x000000736d300000,0x000000736d400000)]
  0x000002481c2b0800 JavaThread "Unconstrained build operations Thread 52" [_thread_blocked, id=121232, stack(0x000000736d400000,0x000000736d500000)]
  0x000002481c2af000 JavaThread "Unconstrained build operations Thread 53" [_thread_blocked, id=123868, stack(0x000000736d500000,0x000000736d600000)]
  0x000002481c2b1800 JavaThread "Unconstrained build operations Thread 54" [_thread_blocked, id=120956, stack(0x000000736d600000,0x000000736d700000)]
  0x000002481c2b2000 JavaThread "Unconstrained build operations Thread 55" [_thread_blocked, id=15440, stack(0x000000736d700000,0x000000736d800000)]
  0x000002481c2b3000 JavaThread "Unconstrained build operations Thread 56" [_thread_blocked, id=120800, stack(0x000000736d800000,0x000000736d900000)]
  0x000002481c2b5800 JavaThread "Unconstrained build operations Thread 57" [_thread_blocked, id=122208, stack(0x000000736d900000,0x000000736da00000)]
  0x000002481c2b3800 JavaThread "Unconstrained build operations Thread 58" [_thread_blocked, id=122980, stack(0x000000736da00000,0x000000736db00000)]
  0x000002481c2af800 JavaThread "Unconstrained build operations Thread 59" [_thread_blocked, id=121132, stack(0x000000736db00000,0x000000736dc00000)]
  0x000002481c2b6000 JavaThread "Unconstrained build operations Thread 60" [_thread_blocked, id=121456, stack(0x000000736dc00000,0x000000736dd00000)]
  0x000002481c2b7000 JavaThread "Unconstrained build operations Thread 61" [_thread_blocked, id=114208, stack(0x000000736dd00000,0x000000736de00000)]
  0x000002481c2b4800 JavaThread "Unconstrained build operations Thread 62" [_thread_blocked, id=122296, stack(0x000000736de00000,0x000000736df00000)]
  0x000002481c425800 JavaThread "Unconstrained build operations Thread 63" [_thread_blocked, id=65132, stack(0x000000736df00000,0x000000736e000000)]
  0x000002481c426800 JavaThread "Unconstrained build operations Thread 64" [_thread_blocked, id=122020, stack(0x000000736e000000,0x000000736e100000)]
  0x000002481c427000 JavaThread "Unconstrained build operations Thread 65" [_thread_blocked, id=120936, stack(0x000000736e100000,0x000000736e200000)]
  0x000002481c428000 JavaThread "Unconstrained build operations Thread 66" [_thread_blocked, id=120980, stack(0x000000736e200000,0x000000736e300000)]
  0x000002481c424800 JavaThread "Unconstrained build operations Thread 67" [_thread_blocked, id=121344, stack(0x000000736e300000,0x000000736e400000)]
  0x000002481c429000 JavaThread "Unconstrained build operations Thread 68" [_thread_blocked, id=117460, stack(0x000000736e400000,0x000000736e500000)]
  0x000002481c423000 JavaThread "Unconstrained build operations Thread 69" [_thread_blocked, id=122128, stack(0x000000736e500000,0x000000736e600000)]
  0x000002481c429800 JavaThread "Unconstrained build operations Thread 70" [_thread_blocked, id=123668, stack(0x000000736e600000,0x000000736e700000)]
  0x000002481c424000 JavaThread "Unconstrained build operations Thread 71" [_thread_blocked, id=121728, stack(0x000000736e700000,0x000000736e800000)]
  0x000002481c42d000 JavaThread "Unconstrained build operations Thread 72" [_thread_blocked, id=118968, stack(0x000000736e800000,0x000000736e900000)]
  0x000002481c42d800 JavaThread "Unconstrained build operations Thread 73" [_thread_blocked, id=123452, stack(0x000000736e900000,0x000000736ea00000)]
  0x000002481c430000 JavaThread "Unconstrained build operations Thread 74" [_thread_blocked, id=122920, stack(0x000000736ea00000,0x000000736eb00000)]
  0x000002481c42a800 JavaThread "Unconstrained build operations Thread 75" [_thread_blocked, id=123336, stack(0x000000736eb00000,0x000000736ec00000)]
  0x000002481c431000 JavaThread "Unconstrained build operations Thread 76" [_thread_blocked, id=120052, stack(0x000000736ec00000,0x000000736ed00000)]
  0x000002481c42f800 JavaThread "Unconstrained build operations Thread 77" [_thread_blocked, id=122268, stack(0x000000736ed00000,0x000000736ee00000)]
  0x000002481c42e800 JavaThread "Unconstrained build operations Thread 78" [_thread_blocked, id=122820, stack(0x000000736ee00000,0x000000736ef00000)]
  0x000002481c42b000 JavaThread "Unconstrained build operations Thread 79" [_thread_blocked, id=123448, stack(0x000000736ef00000,0x000000736f000000)]
  0x000002481c431800 JavaThread "Unconstrained build operations Thread 80" [_thread_blocked, id=123840, stack(0x000000736f000000,0x000000736f100000)]
  0x000002481c42c000 JavaThread "jar transforms Thread 6" [_thread_blocked, id=119800, stack(0x000000736f100000,0x000000736f200000)]
  0x000002481ad99800 JavaThread "jar transforms Thread 7" [_thread_blocked, id=123188, stack(0x000000736f200000,0x000000736f300000)]
  0x000002481ad9e000 JavaThread "jar transforms Thread 8" [_thread_blocked, id=122480, stack(0x000000736f300000,0x000000736f400000)]
  0x000002481ad9b000 JavaThread "Memory manager" [_thread_blocked, id=123976, stack(0x000000736f400000,0x000000736f500000)]
  0x000002481ad98800 JavaThread "build event listener" [_thread_blocked, id=124064, stack(0x000000736f500000,0x000000736f600000)]
  0x000002481ad9c000 JavaThread "pool-3-thread-1" [_thread_blocked, id=124692, stack(0x000000736f600000,0x000000736f700000)]
  0x000002481ad9c800 JavaThread "build event listener" [_thread_blocked, id=124696, stack(0x000000736f700000,0x000000736f800000)]
  0x000002481ad9d800 JavaThread "included builds" [_thread_blocked, id=124700, stack(0x000000736f800000,0x000000736f900000)]
  0x000002481ad9f000 JavaThread "Execution worker for ':'" [_thread_blocked, id=124704, stack(0x000000736f900000,0x000000736fa00000)]
  0x000002481ada0000 JavaThread "Execution worker for ':' Thread 2" [_thread_blocked, id=124708, stack(0x000000736fa00000,0x000000736fb00000)]
  0x000002481ad9a000 JavaThread "Execution worker for ':' Thread 3" [_thread_blocked, id=124712, stack(0x000000736fb00000,0x000000736fc00000)]
  0x000002481ada4000 JavaThread "Execution worker for ':' Thread 4" [_thread_blocked, id=124716, stack(0x000000736fc00000,0x000000736fd00000)]
  0x000002481ada4800 JavaThread "Execution worker for ':' Thread 5" [_thread_blocked, id=124720, stack(0x000000736fd00000,0x000000736fe00000)]
  0x000002481ada0800 JavaThread "Execution worker for ':' Thread 6" [_thread_blocked, id=124724, stack(0x000000736fe00000,0x000000736ff00000)]
  0x000002481ada1800 JavaThread "Execution worker for ':' Thread 7" [_thread_blocked, id=124728, stack(0x000000736ff00000,0x0000007370000000)]
  0x000002481ada5800 JavaThread "Cache worker for execution history cache (C:\Users\Jaca\Desktop\Proyectos\AcademyApp\Flutter\acdemy\android\.gradle\7.4\executionHistory)" [_thread_blocked, id=124732, stack(0x0000007370000000,0x0000007370100000)]
  0x000002481ada6800 JavaThread "Exec process" [_thread_in_native, id=124812, stack(0x0000007370100000,0x0000007370200000)]
  0x000002481ada7000 JavaThread "Exec process Thread 2" [_thread_in_native, id=124832, stack(0x0000007370200000,0x0000007370300000)]
  0x000002481ada2800 JavaThread "Exec process Thread 3" [_thread_in_native, id=124836, stack(0x0000007370300000,0x0000007370400000)]

Other Threads:
  0x0000024816040800 VMThread "VM Thread" [stack: 0x0000007367200000,0x0000007367300000] [id=121400]
  0x0000024816228000 WatcherThread [stack: 0x0000007367c00000,0x0000007367d00000] [id=117952]
  0x000002487a6ee000 GCTaskThread "GC Thread#0" [stack: 0x0000007366d00000,0x0000007366e00000] [id=123460]
  0x0000024816e44800 GCTaskThread "GC Thread#1" [stack: 0x0000007367d00000,0x0000007367e00000] [id=123416]
  0x0000024817290000 GCTaskThread "GC Thread#2" [stack: 0x0000007368800000,0x0000007368900000] [id=122936]
  0x0000024818638800 GCTaskThread "GC Thread#3" [stack: 0x0000007368900000,0x0000007368a00000] [id=123444]
  0x0000024818639000 GCTaskThread "GC Thread#4" [stack: 0x0000007368a00000,0x0000007368b00000] [id=122380]
  0x00000248182de800 GCTaskThread "GC Thread#5" [stack: 0x0000007368b00000,0x0000007368c00000] [id=122408]
  0x00000248182df000 GCTaskThread "GC Thread#6" [stack: 0x0000007368c00000,0x0000007368d00000] [id=123312]
  0x0000024817a53800 GCTaskThread "GC Thread#7" [stack: 0x0000007368d00000,0x0000007368e00000] [id=120176]
  0x000002487a712800 ConcurrentGCThread "G1 Main Marker" [stack: 0x0000007366e00000,0x0000007366f00000] [id=114104]
  0x000002487a715000 ConcurrentGCThread "G1 Conc#0" [stack: 0x0000007366f00000,0x0000007367000000] [id=123688]
  0x0000024818656800 ConcurrentGCThread "G1 Conc#1" [stack: 0x0000007369100000,0x0000007369200000] [id=123124]
  0x000002487a7ae000 ConcurrentGCThread "G1 Refine#0" [stack: 0x0000007367000000,0x0000007367100000] [id=122112]
  0x0000024815660800 ConcurrentGCThread "G1 Young RemSet Sampling" [stack: 0x0000007367100000,0x0000007367200000] [id=120972]

Threads with active compile tasks:
C2 CompilerThread0  20664 9371       4       org.gradle.internal.logging.text.AbstractLineChoppingStyledTextOutput::doAppend (43 bytes)

VM state:not at safepoint (normal execution)

VM Mutex/Monitor currently owned by a thread: None

Heap address: 0x00000000a0000000, size: 1536 MB, Compressed Oops mode: 32-bit
Narrow klass base: 0x0000000000000000, Narrow klass shift: 3
Compressed class space size: 1073741824 Address: 0x0000000100000000

Heap:
 garbage-first heap   total 145408K, used 97262K [0x00000000a0000000, 0x0000000100000000)
  region size 1024K, 7 young (7168K), 2 survivors (2048K)
 Metaspace       used 89084K, capacity 91648K, committed 91724K, reserved 1128448K
  class space    used 11652K, capacity 12583K, committed 12620K, reserved 1048576K
Heap Regions: E=young(eden), S=young(survivor), O=old, HS=humongous(starts), HC=humongous(continues), CS=collection set, F=free, A=archive, TAMS=top-at-mark-start (previous, next)
|   0|0x00000000a0000000, 0x00000000a0100000, 0x00000000a0100000|100%| O|  |TAMS 0x00000000a0100000, 0x00000000a0000000| Untracked 
|   1|0x00000000a0100000, 0x00000000a0200000, 0x00000000a0200000|100%| O|  |TAMS 0x00000000a0200000, 0x00000000a0100000| Untracked 
|   2|0x00000000a0200000, 0x00000000a0300000, 0x00000000a0300000|100%| O|  |TAMS 0x00000000a0300000, 0x00000000a0200000| Untracked 
|   3|0x00000000a0300000, 0x00000000a0400000, 0x00000000a0400000|100%|HS|  |TAMS 0x00000000a0400000, 0x00000000a0300000| Complete 
|   4|0x00000000a0400000, 0x00000000a0500000, 0x00000000a0500000|100%|HC|  |TAMS 0x00000000a0500000, 0x00000000a0400000| Complete 
|   5|0x00000000a0500000, 0x00000000a0600000, 0x00000000a0600000|100%|HC|  |TAMS 0x00000000a0600000, 0x00000000a0500000| Complete 
|   6|0x00000000a0600000, 0x00000000a0700000, 0x00000000a0700000|100%| O|  |TAMS 0x00000000a0700000, 0x00000000a0600000| Untracked 
|   7|0x00000000a0700000, 0x00000000a0800000, 0x00000000a0800000|100%| O|  |TAMS 0x00000000a0800000, 0x00000000a0700000| Untracked 
|   8|0x00000000a0800000, 0x00000000a0900000, 0x00000000a0900000|100%| O|  |TAMS 0x00000000a0900000, 0x00000000a0800000| Untracked 
|   9|0x00000000a0900000, 0x00000000a0a00000, 0x00000000a0a00000|100%| O|  |TAMS 0x00000000a0a00000, 0x00000000a0900000| Untracked 
|  10|0x00000000a0a00000, 0x00000000a0b00000, 0x00000000a0b00000|100%| O|  |TAMS 0x00000000a0b00000, 0x00000000a0a00000| Untracked 
|  11|0x00000000a0b00000, 0x00000000a0c00000, 0x00000000a0c00000|100%| O|  |TAMS 0x00000000a0c00000, 0x00000000a0b00000| Untracked 
|  12|0x00000000a0c00000, 0x00000000a0d00000, 0x00000000a0d00000|100%| O|  |TAMS 0x00000000a0d00000, 0x00000000a0c00000| Untracked 
|  13|0x00000000a0d00000, 0x00000000a0e00000, 0x00000000a0e00000|100%| O|  |TAMS 0x00000000a0e00000, 0x00000000a0d00000| Untracked 
|  14|0x00000000a0e00000, 0x00000000a0f00000, 0x00000000a0f00000|100%| O|  |TAMS 0x00000000a0f00000, 0x00000000a0e00000| Untracked 
|  15|0x00000000a0f00000, 0x00000000a1000000, 0x00000000a1000000|100%| O|  |TAMS 0x00000000a1000000, 0x00000000a0f00000| Untracked 
|  16|0x00000000a1000000, 0x00000000a1100000, 0x00000000a1100000|100%| O|  |TAMS 0x00000000a1100000, 0x00000000a1000000| Untracked 
|  17|0x00000000a1100000, 0x00000000a1200000, 0x00000000a1200000|100%| O|  |TAMS 0x00000000a1200000, 0x00000000a1100000| Untracked 
|  18|0x00000000a1200000, 0x00000000a1300000, 0x00000000a1300000|100%| O|  |TAMS 0x00000000a1300000, 0x00000000a1200000| Untracked 
|  19|0x00000000a1300000, 0x00000000a1400000, 0x00000000a1400000|100%| O|  |TAMS 0x00000000a1400000, 0x00000000a1300000| Untracked 
|  20|0x00000000a1400000, 0x00000000a1500000, 0x00000000a1500000|100%| O|  |TAMS 0x00000000a1500000, 0x00000000a1400000| Untracked 
|  21|0x00000000a1500000, 0x00000000a1600000, 0x00000000a1600000|100%| O|  |TAMS 0x00000000a1600000, 0x00000000a1500000| Untracked 
|  22|0x00000000a1600000, 0x00000000a1700000, 0x00000000a1700000|100%| O|  |TAMS 0x00000000a1700000, 0x00000000a1600000| Untracked 
|  23|0x00000000a1700000, 0x00000000a1800000, 0x00000000a1800000|100%| O|  |TAMS 0x00000000a1800000, 0x00000000a1700000| Untracked 
|  24|0x00000000a1800000, 0x00000000a1900000, 0x00000000a1900000|100%| O|  |TAMS 0x00000000a1900000, 0x00000000a1800000| Untracked 
|  25|0x00000000a1900000, 0x00000000a1a00000, 0x00000000a1a00000|100%| O|  |TAMS 0x00000000a1a00000, 0x00000000a1900000| Untracked 
|  26|0x00000000a1a00000, 0x00000000a1b00000, 0x00000000a1b00000|100%|HS|  |TAMS 0x00000000a1b00000, 0x00000000a1a00000| Complete 
|  27|0x00000000a1b00000, 0x00000000a1c00000, 0x00000000a1c00000|100%|HS|  |TAMS 0x00000000a1c00000, 0x00000000a1b00000| Complete 
|  28|0x00000000a1c00000, 0x00000000a1d00000, 0x00000000a1d00000|100%|HS|  |TAMS 0x00000000a1d00000, 0x00000000a1c00000| Complete 
|  29|0x00000000a1d00000, 0x00000000a1e00000, 0x00000000a1e00000|100%|HS|  |TAMS 0x00000000a1e00000, 0x00000000a1d00000| Complete 
|  30|0x00000000a1e00000, 0x00000000a1f00000, 0x00000000a1f00000|100%|HS|  |TAMS 0x00000000a1f00000, 0x00000000a1e00000| Complete 
|  31|0x00000000a1f00000, 0x00000000a2000000, 0x00000000a2000000|100%|HC|  |TAMS 0x00000000a2000000, 0x00000000a1f00000| Complete 
|  32|0x00000000a2000000, 0x00000000a2100000, 0x00000000a2100000|100%|HC|  |TAMS 0x00000000a2100000, 0x00000000a2000000| Complete 
|  33|0x00000000a2100000, 0x00000000a2200000, 0x00000000a2200000|100%|HS|  |TAMS 0x00000000a2200000, 0x00000000a2100000| Complete 
|  34|0x00000000a2200000, 0x00000000a2300000, 0x00000000a2300000|100%|HC|  |TAMS 0x00000000a2300000, 0x00000000a2200000| Complete 
|  35|0x00000000a2300000, 0x00000000a2400000, 0x00000000a2400000|100%| O|  |TAMS 0x00000000a2400000, 0x00000000a2300000| Untracked 
|  36|0x00000000a2400000, 0x00000000a2500000, 0x00000000a2500000|100%| O|  |TAMS 0x00000000a2500000, 0x00000000a2400000| Untracked 
|  37|0x00000000a2500000, 0x00000000a2600000, 0x00000000a2600000|100%| O|  |TAMS 0x00000000a2600000, 0x00000000a2500000| Untracked 
|  38|0x00000000a2600000, 0x00000000a2700000, 0x00000000a2700000|100%| O|  |TAMS 0x00000000a2700000, 0x00000000a2600000| Untracked 
|  39|0x00000000a2700000, 0x00000000a2800000, 0x00000000a2800000|100%| O|  |TAMS 0x00000000a2800000, 0x00000000a2700000| Untracked 
|  40|0x00000000a2800000, 0x00000000a2900000, 0x00000000a2900000|100%| O|  |TAMS 0x00000000a2900000, 0x00000000a2800000| Untracked 
|  41|0x00000000a2900000, 0x00000000a2a00000, 0x00000000a2a00000|100%| O|  |TAMS 0x00000000a2a00000, 0x00000000a2900000| Untracked 
|  42|0x00000000a2a00000, 0x00000000a2b00000, 0x00000000a2b00000|100%| O|  |TAMS 0x00000000a2b00000, 0x00000000a2a00000| Untracked 
|  43|0x00000000a2b00000, 0x00000000a2c00000, 0x00000000a2c00000|100%| O|  |TAMS 0x00000000a2c00000, 0x00000000a2b00000| Untracked 
|  44|0x00000000a2c00000, 0x00000000a2d00000, 0x00000000a2d00000|100%| O|  |TAMS 0x00000000a2d00000, 0x00000000a2c00000| Untracked 
|  45|0x00000000a2d00000, 0x00000000a2e00000, 0x00000000a2e00000|100%| O|  |TAMS 0x00000000a2e00000, 0x00000000a2d00000| Untracked 
|  46|0x00000000a2e00000, 0x00000000a2f00000, 0x00000000a2f00000|100%| O|  |TAMS 0x00000000a2f00000, 0x00000000a2e00000| Untracked 
|  47|0x00000000a2f00000, 0x00000000a3000000, 0x00000000a3000000|100%| O|  |TAMS 0x00000000a3000000, 0x00000000a2f00000| Untracked 
|  48|0x00000000a3000000, 0x00000000a3100000, 0x00000000a3100000|100%| O|  |TAMS 0x00000000a3100000, 0x00000000a3000000| Untracked 
|  49|0x00000000a3100000, 0x00000000a3200000, 0x00000000a3200000|100%| O|  |TAMS 0x00000000a3200000, 0x00000000a3100000| Untracked 
|  50|0x00000000a3200000, 0x00000000a3300000, 0x00000000a3300000|100%| O|  |TAMS 0x00000000a3300000, 0x00000000a3200000| Untracked 
|  51|0x00000000a3300000, 0x00000000a3400000, 0x00000000a3400000|100%| O|  |TAMS 0x00000000a3400000, 0x00000000a3300000| Untracked 
|  52|0x00000000a3400000, 0x00000000a3500000, 0x00000000a3500000|100%| O|  |TAMS 0x00000000a3500000, 0x00000000a3400000| Untracked 
|  53|0x00000000a3500000, 0x00000000a3600000, 0x00000000a3600000|100%| O|  |TAMS 0x00000000a3600000, 0x00000000a3500000| Untracked 
|  54|0x00000000a3600000, 0x00000000a3700000, 0x00000000a3700000|100%| O|  |TAMS 0x00000000a3700000, 0x00000000a3600000| Untracked 
|  55|0x00000000a3700000, 0x00000000a3800000, 0x00000000a3800000|100%| O|  |TAMS 0x00000000a3800000, 0x00000000a3700000| Untracked 
|  56|0x00000000a3800000, 0x00000000a3900000, 0x00000000a3900000|100%|HS|  |TAMS 0x00000000a3900000, 0x00000000a3800000| Complete 
|  57|0x00000000a3900000, 0x00000000a3a00000, 0x00000000a3a00000|100%|HS|  |TAMS 0x00000000a3a00000, 0x00000000a3900000| Complete 
|  58|0x00000000a3a00000, 0x00000000a3b00000, 0x00000000a3b00000|100%|HC|  |TAMS 0x00000000a3b00000, 0x00000000a3a00000| Complete 
|  59|0x00000000a3b00000, 0x00000000a3c00000, 0x00000000a3c00000|100%| O|  |TAMS 0x00000000a3c00000, 0x00000000a3b00000| Untracked 
|  60|0x00000000a3c00000, 0x00000000a3d00000, 0x00000000a3d00000|100%| O|  |TAMS 0x00000000a3d00000, 0x00000000a3c00000| Untracked 
|  61|0x00000000a3d00000, 0x00000000a3e00000, 0x00000000a3e00000|100%| O|  |TAMS 0x00000000a3e00000, 0x00000000a3d00000| Untracked 
|  62|0x00000000a3e00000, 0x00000000a3f00000, 0x00000000a3f00000|100%| O|  |TAMS 0x00000000a3f00000, 0x00000000a3e00000| Untracked 
|  63|0x00000000a3f00000, 0x00000000a4000000, 0x00000000a4000000|100%| O|  |TAMS 0x00000000a4000000, 0x00000000a3f00000| Untracked 
|  64|0x00000000a4000000, 0x00000000a4100000, 0x00000000a4100000|100%| O|  |TAMS 0x00000000a4100000, 0x00000000a4000000| Untracked 
|  65|0x00000000a4100000, 0x00000000a4200000, 0x00000000a4200000|100%| O|  |TAMS 0x00000000a4200000, 0x00000000a4100000| Untracked 
|  66|0x00000000a4200000, 0x00000000a4300000, 0x00000000a4300000|100%| O|  |TAMS 0x00000000a4300000, 0x00000000a4200000| Untracked 
|  67|0x00000000a4300000, 0x00000000a4400000, 0x00000000a4400000|100%| O|  |TAMS 0x00000000a4400000, 0x00000000a4300000| Untracked 
|  68|0x00000000a4400000, 0x00000000a4500000, 0x00000000a4500000|100%| O|  |TAMS 0x00000000a4500000, 0x00000000a4400000| Untracked 
|  69|0x00000000a4500000, 0x00000000a4600000, 0x00000000a4600000|100%| O|  |TAMS 0x00000000a4600000, 0x00000000a4500000| Untracked 
|  70|0x00000000a4600000, 0x00000000a4700000, 0x00000000a4700000|100%| O|  |TAMS 0x00000000a4700000, 0x00000000a4600000| Untracked 
|  71|0x00000000a4700000, 0x00000000a4800000, 0x00000000a4800000|100%| O|  |TAMS 0x00000000a4800000, 0x00000000a4700000| Untracked 
|  72|0x00000000a4800000, 0x00000000a4900000, 0x00000000a4900000|100%| O|  |TAMS 0x00000000a4900000, 0x00000000a4800000| Untracked 
|  73|0x00000000a4900000, 0x00000000a4a00000, 0x00000000a4a00000|100%| O|  |TAMS 0x00000000a4a00000, 0x00000000a4900000| Untracked 
|  74|0x00000000a4a00000, 0x00000000a4b00000, 0x00000000a4b00000|100%| O|  |TAMS 0x00000000a4b00000, 0x00000000a4a00000| Untracked 
|  75|0x00000000a4b00000, 0x00000000a4c00000, 0x00000000a4c00000|100%| O|  |TAMS 0x00000000a4c00000, 0x00000000a4b00000| Untracked 
|  76|0x00000000a4c00000, 0x00000000a4d00000, 0x00000000a4d00000|100%| O|  |TAMS 0x00000000a4d00000, 0x00000000a4c00000| Untracked 
|  77|0x00000000a4d00000, 0x00000000a4e00000, 0x00000000a4e00000|100%| O|  |TAMS 0x00000000a4e00000, 0x00000000a4d00000| Untracked 
|  78|0x00000000a4e00000, 0x00000000a4f00000, 0x00000000a4f00000|100%| O|  |TAMS 0x00000000a4f00000, 0x00000000a4e00000| Untracked 
|  79|0x00000000a4f00000, 0x00000000a5000000, 0x00000000a5000000|100%| O|  |TAMS 0x00000000a5000000, 0x00000000a4f00000| Untracked 
|  80|0x00000000a5000000, 0x00000000a5100000, 0x00000000a5100000|100%| O|  |TAMS 0x00000000a5100000, 0x00000000a5000000| Untracked 
|  81|0x00000000a5100000, 0x00000000a5200000, 0x00000000a5200000|100%| O|  |TAMS 0x00000000a5200000, 0x00000000a5100000| Untracked 
|  82|0x00000000a5200000, 0x00000000a5300000, 0x00000000a5300000|100%| O|  |TAMS 0x00000000a5300000, 0x00000000a5200000| Untracked 
|  83|0x00000000a5300000, 0x00000000a5400000, 0x00000000a5400000|100%| O|  |TAMS 0x00000000a5400000, 0x00000000a5300000| Untracked 
|  84|0x00000000a5400000, 0x00000000a5500000, 0x00000000a5500000|100%| O|  |TAMS 0x00000000a5500000, 0x00000000a5400000| Untracked 
|  85|0x00000000a5500000, 0x00000000a5600000, 0x00000000a5600000|100%| O|  |TAMS 0x00000000a5528400, 0x00000000a5500000| Untracked 
|  86|0x00000000a5600000, 0x00000000a5700000, 0x00000000a5700000|100%| O|  |TAMS 0x00000000a5600000, 0x00000000a5600000| Untracked 
|  87|0x00000000a5700000, 0x00000000a5800000, 0x00000000a5800000|100%| O|  |TAMS 0x00000000a5700000, 0x00000000a5700000| Untracked 
|  88|0x00000000a5800000, 0x00000000a5900000, 0x00000000a5900000|100%| O|  |TAMS 0x00000000a5800000, 0x00000000a5800000| Untracked 
|  89|0x00000000a5900000, 0x00000000a5900000, 0x00000000a5a00000|  0%| F|  |TAMS 0x00000000a5900000, 0x00000000a5900000| Untracked 
|  90|0x00000000a5a00000, 0x00000000a5a00000, 0x00000000a5b00000|  0%| F|  |TAMS 0x00000000a5a00000, 0x00000000a5a00000| Untracked 
|  91|0x00000000a5b00000, 0x00000000a5b00000, 0x00000000a5c00000|  0%| F|  |TAMS 0x00000000a5b00000, 0x00000000a5b00000| Untracked 
|  92|0x00000000a5c00000, 0x00000000a5c00000, 0x00000000a5d00000|  0%| F|  |TAMS 0x00000000a5c00000, 0x00000000a5c00000| Untracked 
|  93|0x00000000a5d00000, 0x00000000a5d00000, 0x00000000a5e00000|  0%| F|  |TAMS 0x00000000a5d00000, 0x00000000a5d00000| Untracked 
|  94|0x00000000a5e00000, 0x00000000a5e00000, 0x00000000a5f00000|  0%| F|  |TAMS 0x00000000a5e00000, 0x00000000a5e00000| Untracked 
|  95|0x00000000a5f00000, 0x00000000a5f00000, 0x00000000a6000000|  0%| F|  |TAMS 0x00000000a5f00000, 0x00000000a5f00000| Untracked 
|  96|0x00000000a6000000, 0x00000000a6000000, 0x00000000a6100000|  0%| F|  |TAMS 0x00000000a6000000, 0x00000000a6000000| Untracked 
|  97|0x00000000a6100000, 0x00000000a6100000, 0x00000000a6200000|  0%| F|  |TAMS 0x00000000a6100000, 0x00000000a6100000| Untracked 
|  98|0x00000000a6200000, 0x00000000a6200000, 0x00000000a6300000|  0%| F|  |TAMS 0x00000000a6200000, 0x00000000a6200000| Untracked 
|  99|0x00000000a6300000, 0x00000000a6300000, 0x00000000a6400000|  0%| F|  |TAMS 0x00000000a6300000, 0x00000000a6300000| Untracked 
| 100|0x00000000a6400000, 0x00000000a6400000, 0x00000000a6500000|  0%| F|  |TAMS 0x00000000a6400000, 0x00000000a6400000| Untracked 
| 101|0x00000000a6500000, 0x00000000a6500000, 0x00000000a6600000|  0%| F|  |TAMS 0x00000000a6500000, 0x00000000a6500000| Untracked 
| 102|0x00000000a6600000, 0x00000000a6600000, 0x00000000a6700000|  0%| F|  |TAMS 0x00000000a6600000, 0x00000000a6600000| Untracked 
| 103|0x00000000a6700000, 0x00000000a6700000, 0x00000000a6800000|  0%| F|  |TAMS 0x00000000a6700000, 0x00000000a6700000| Untracked 
| 104|0x00000000a6800000, 0x00000000a6800000, 0x00000000a6900000|  0%| F|  |TAMS 0x00000000a6800000, 0x00000000a6800000| Untracked 
| 105|0x00000000a6900000, 0x00000000a6900000, 0x00000000a6a00000|  0%| F|  |TAMS 0x00000000a6900000, 0x00000000a6900000| Untracked 
| 106|0x00000000a6a00000, 0x00000000a6a00000, 0x00000000a6b00000|  0%| F|  |TAMS 0x00000000a6a00000, 0x00000000a6a00000| Untracked 
| 107|0x00000000a6b00000, 0x00000000a6b00000, 0x00000000a6c00000|  0%| F|  |TAMS 0x00000000a6b00000, 0x00000000a6b00000| Untracked 
| 108|0x00000000a6c00000, 0x00000000a6c00000, 0x00000000a6d00000|  0%| F|  |TAMS 0x00000000a6c00000, 0x00000000a6c00000| Untracked 
| 109|0x00000000a6d00000, 0x00000000a6d00000, 0x00000000a6e00000|  0%| F|  |TAMS 0x00000000a6d00000, 0x00000000a6d00000| Untracked 
| 110|0x00000000a6e00000, 0x00000000a6e00000, 0x00000000a6f00000|  0%| F|  |TAMS 0x00000000a6e00000, 0x00000000a6e00000| Untracked 
| 111|0x00000000a6f00000, 0x00000000a6f00000, 0x00000000a7000000|  0%| F|  |TAMS 0x00000000a6f00000, 0x00000000a6f00000| Untracked 
| 112|0x00000000a7000000, 0x00000000a7000000, 0x00000000a7100000|  0%| F|  |TAMS 0x00000000a7000000, 0x00000000a7000000| Untracked 
| 113|0x00000000a7100000, 0x00000000a7100000, 0x00000000a7200000|  0%| F|  |TAMS 0x00000000a7100000, 0x00000000a7100000| Untracked 
| 114|0x00000000a7200000, 0x00000000a72fb848, 0x00000000a7300000| 98%| S|CS|TAMS 0x00000000a7200000, 0x00000000a7200000| Complete 
| 115|0x00000000a7300000, 0x00000000a7400000, 0x00000000a7400000|100%| S|CS|TAMS 0x00000000a7300000, 0x00000000a7300000| Complete 
| 116|0x00000000a7400000, 0x00000000a7400000, 0x00000000a7500000|  0%| F|  |TAMS 0x00000000a7400000, 0x00000000a7400000| Untracked 
| 117|0x00000000a7500000, 0x00000000a7500000, 0x00000000a7600000|  0%| F|  |TAMS 0x00000000a7500000, 0x00000000a7500000| Untracked 
| 118|0x00000000a7600000, 0x00000000a7600000, 0x00000000a7700000|  0%| F|  |TAMS 0x00000000a7600000, 0x00000000a7600000| Untracked 
| 119|0x00000000a7700000, 0x00000000a7700000, 0x00000000a7800000|  0%| F|  |TAMS 0x00000000a7700000, 0x00000000a7700000| Untracked 
| 120|0x00000000a7800000, 0x00000000a7800000, 0x00000000a7900000|  0%| F|  |TAMS 0x00000000a7800000, 0x00000000a7800000| Untracked 
| 121|0x00000000a7900000, 0x00000000a7900000, 0x00000000a7a00000|  0%| F|  |TAMS 0x00000000a7900000, 0x00000000a7900000| Untracked 
| 122|0x00000000a7a00000, 0x00000000a7a00000, 0x00000000a7b00000|  0%| F|  |TAMS 0x00000000a7a00000, 0x00000000a7a00000| Untracked 
| 123|0x00000000a7b00000, 0x00000000a7b00000, 0x00000000a7c00000|  0%| F|  |TAMS 0x00000000a7b00000, 0x00000000a7b00000| Untracked 
| 124|0x00000000a7c00000, 0x00000000a7c00000, 0x00000000a7d00000|  0%| F|  |TAMS 0x00000000a7c00000, 0x00000000a7c00000| Untracked 
| 125|0x00000000a7d00000, 0x00000000a7d00000, 0x00000000a7e00000|  0%| F|  |TAMS 0x00000000a7d00000, 0x00000000a7d00000| Untracked 
| 126|0x00000000a7e00000, 0x00000000a7e00000, 0x00000000a7f00000|  0%| F|  |TAMS 0x00000000a7e00000, 0x00000000a7e00000| Untracked 
| 127|0x00000000a7f00000, 0x00000000a7f00000, 0x00000000a8000000|  0%| F|  |TAMS 0x00000000a7f00000, 0x00000000a7f00000| Untracked 
| 128|0x00000000a8000000, 0x00000000a8000000, 0x00000000a8100000|  0%| F|  |TAMS 0x00000000a8000000, 0x00000000a8000000| Untracked 
| 129|0x00000000a8100000, 0x00000000a8100000, 0x00000000a8200000|  0%| F|  |TAMS 0x00000000a8100000, 0x00000000a8100000| Untracked 
| 130|0x00000000a8200000, 0x00000000a8200000, 0x00000000a8300000|  0%| F|  |TAMS 0x00000000a8200000, 0x00000000a8200000| Untracked 
| 131|0x00000000a8300000, 0x00000000a8300000, 0x00000000a8400000|  0%| F|  |TAMS 0x00000000a8300000, 0x00000000a8300000| Untracked 
| 132|0x00000000a8400000, 0x00000000a8400000, 0x00000000a8500000|  0%| F|  |TAMS 0x00000000a8400000, 0x00000000a8400000| Untracked 
| 133|0x00000000a8500000, 0x00000000a8500000, 0x00000000a8600000|  0%| F|  |TAMS 0x00000000a8500000, 0x00000000a8500000| Untracked 
| 134|0x00000000a8600000, 0x00000000a8600000, 0x00000000a8700000|  0%| F|  |TAMS 0x00000000a8600000, 0x00000000a8600000| Untracked 
| 135|0x00000000a8700000, 0x00000000a8700000, 0x00000000a8800000|  0%| F|  |TAMS 0x00000000a8700000, 0x00000000a8700000| Untracked 
| 136|0x00000000a8800000, 0x00000000a8800000, 0x00000000a8900000|  0%| F|  |TAMS 0x00000000a8800000, 0x00000000a8800000| Untracked 
| 137|0x00000000a8900000, 0x00000000a89d7c00, 0x00000000a8a00000| 84%| E|  |TAMS 0x00000000a8900000, 0x00000000a8900000| Complete 
| 138|0x00000000a8a00000, 0x00000000a8b00000, 0x00000000a8b00000|100%| E|CS|TAMS 0x00000000a8a00000, 0x00000000a8a00000| Complete 
| 139|0x00000000a8b00000, 0x00000000a8c00000, 0x00000000a8c00000|100%| E|CS|TAMS 0x00000000a8b00000, 0x00000000a8b00000| Complete 
| 140|0x00000000a8c00000, 0x00000000a8d00000, 0x00000000a8d00000|100%| E|CS|TAMS 0x00000000a8c00000, 0x00000000a8c00000| Complete 
| 141|0x00000000a8d00000, 0x00000000a8e00000, 0x00000000a8e00000|100%| E|CS|TAMS 0x00000000a8d00000, 0x00000000a8d00000| Complete 

Card table byte_map: [0x000002480f740000,0x000002480fa40000] _byte_map_base: 0x000002480f240000

Marking Bits (Prev, Next): (CMBitMap*) 0x000002487a70bee0, (CMBitMap*) 0x000002487a70bea8
 Prev Bits: [0x0000024811540000, 0x0000024812d40000)
 Next Bits: [0x000002480fd40000, 0x0000024811540000)

Polling page: 0x000002487f970000

Metaspace:

Usage:
  Non-class:     77.21 MB capacity,    75.62 MB ( 98%) used,     1.36 MB (  2%) free+waste,   242.25 KB ( <1%) overhead. 
      Class:     12.29 MB capacity,    11.38 MB ( 93%) used,   817.21 KB (  6%) free+waste,   113.25 KB ( <1%) overhead. 
       Both:     89.50 MB capacity,    87.00 MB ( 97%) used,     2.16 MB (  2%) free+waste,   355.50 KB ( <1%) overhead. 

Virtual space:
  Non-class space:       78.00 MB reserved,      77.25 MB (>99%) committed 
      Class space:        1.00 GB reserved,      12.32 MB (  1%) committed 
             Both:        1.08 GB reserved,      89.57 MB (  8%) committed 

Chunk freelists:
   Non-Class:  39.00 KB
       Class:  0 bytes
        Both:  39.00 KB

MaxMetaspaceSize: 17179869184.00 GB
CompressedClassSpaceSize: 1.00 GB

CodeHeap 'non-profiled nmethods': size=120000Kb used=4435Kb max_used=4435Kb free=115564Kb
 bounds [0x0000024807ad0000, 0x0000024807f30000, 0x000002480f000000]
CodeHeap 'profiled nmethods': size=120000Kb used=19175Kb max_used=19175Kb free=100824Kb
 bounds [0x00000248005a0000, 0x0000024801860000, 0x0000024807ad0000]
CodeHeap 'non-nmethods': size=5760Kb used=2284Kb max_used=2329Kb free=3475Kb
 bounds [0x0000024800000000, 0x0000024800270000, 0x00000248005a0000]
 total_blobs=10056 nmethods=9172 adapters=795
 compilation: enabled
              stopped_count=0, restarted_count=0
 full_count=0

Compilation events (20 events):
Event: 17.997 Thread 0x0000024816097000 nmethod 9358 0x0000024801856e10 code [0x0000024801856fe0, 0x0000024801857228]
Event: 17.997 Thread 0x0000024816097000 9359       3       sun.management.MemoryPoolImpl::getType (15 bytes)
Event: 17.997 Thread 0x0000024816097000 nmethod 9359 0x0000024801857310 code [0x00000248018574c0, 0x0000024801857618]
Event: 18.710 Thread 0x0000024816094800 9360       4       java.util.concurrent.TimeUnit::toNanos (45 bytes)
Event: 18.711 Thread 0x0000024816094800 nmethod 9360 0x0000024807f23710 code [0x0000024807f238a0, 0x0000024807f23978]
Event: 20.632 Thread 0x0000024816094800 9361       4       org.gradle.internal.logging.text.AbstractLineChoppingStyledTextOutput$1::execute (9 bytes)
Event: 20.633 Thread 0x0000024816097000 9364       3       org.gradle.internal.logging.text.AbstractStyledTextOutput::style (20 bytes)
Event: 20.633 Thread 0x0000024816097000 nmethod 9364 0x0000024801857690 code [0x0000024801857860, 0x0000024801857ac8]
Event: 20.633 Thread 0x0000024816097000 9365       3       org.gradle.internal.io.LineBufferingOutputStream::write (59 bytes)
Event: 20.634 Thread 0x0000024816097000 nmethod 9365 0x0000024801857b90 code [0x0000024801857e60, 0x0000024801858c38]
Event: 20.634 Thread 0x0000024816097000 9366       3       org.gradle.internal.io.StreamByteBuffer$StreamByteBufferOutputStream::write (22 bytes)
Event: 20.634 Thread 0x0000024816097000 nmethod 9366 0x0000024801859190 code [0x0000024801859360, 0x00000248018595c8]
Event: 20.634 Thread 0x0000024816097000 9367       3       org.gradle.internal.io.StreamByteBuffer$StreamByteBufferChunk::write (32 bytes)
Event: 20.634 Thread 0x0000024816097000 nmethod 9367 0x0000024801859790 code [0x0000024801859940, 0x0000024801859ad8]
Event: 20.634 Thread 0x0000024816097000 9368       3       org.gradle.internal.io.LineBufferingOutputStream::endsWithLineSeparator (27 bytes)
Event: 20.634 Thread 0x0000024816097000 nmethod 9368 0x0000024801859b90 code [0x0000024801859d40, 0x0000024801859ed8]
Event: 20.634 Thread 0x0000024816097000 9369       1       org.gradle.internal.logging.events.RenderableOutputEvent::getBuildOperationId (5 bytes)
Event: 20.634 Thread 0x0000024816097000 nmethod 9369 0x0000024807f23a10 code [0x0000024807f23bc0, 0x0000024807f23c78]
Event: 20.639 Thread 0x0000024816094800 nmethod 9361 0x0000024807f23d10 code [0x0000024807f23f20, 0x0000024807f246f0]
Event: 20.639 Thread 0x0000024816094800 9371       4       org.gradle.internal.logging.text.AbstractLineChoppingStyledTextOutput::doAppend (43 bytes)

GC Heap History (20 events):
Event: 12.964 GC heap before
{Heap before GC invocations=26 (full 0):
 garbage-first heap   total 120832K, used 98612K [0x00000000a0000000, 0x0000000100000000)
  region size 1024K, 30 young (30720K), 4 survivors (4096K)
 Metaspace       used 71621K, capacity 73513K, committed 73804K, reserved 1114112K
  class space    used 9100K, capacity 9742K, committed 9804K, reserved 1048576K
}
Event: 12.968 GC heap after
{Heap after GC invocations=27 (full 0):
 garbage-first heap   total 120832K, used 73397K [0x00000000a0000000, 0x0000000100000000)
  region size 1024K, 4 young (4096K), 4 survivors (4096K)
 Metaspace       used 71621K, capacity 73513K, committed 73804K, reserved 1114112K
  class space    used 9100K, capacity 9742K, committed 9804K, reserved 1048576K
}
Event: 13.466 GC heap before
{Heap before GC invocations=28 (full 0):
 garbage-first heap   total 120832K, used 100021K [0x00000000a0000000, 0x0000000100000000)
  region size 1024K, 30 young (30720K), 4 survivors (4096K)
 Metaspace       used 74501K, capacity 76481K, committed 76620K, reserved 1116160K
  class space    used 9627K, capacity 10304K, committed 10316K, reserved 1048576K
}
Event: 13.470 GC heap after
{Heap after GC invocations=29 (full 0):
 garbage-first heap   total 120832K, used 74862K [0x00000000a0000000, 0x0000000100000000)
  region size 1024K, 3 young (3072K), 3 survivors (3072K)
 Metaspace       used 74501K, capacity 76481K, committed 76620K, reserved 1116160K
  class space    used 9627K, capacity 10304K, committed 10316K, reserved 1048576K
}
Event: 13.720 GC heap before
{Heap before GC invocations=29 (full 0):
 garbage-first heap   total 120832K, used 99438K [0x00000000a0000000, 0x0000000100000000)
  region size 1024K, 28 young (28672K), 3 survivors (3072K)
 Metaspace       used 75764K, capacity 77785K, committed 77900K, reserved 1116160K
  class space    used 9794K, capacity 10458K, committed 10572K, reserved 1048576K
}
Event: 13.726 GC heap after
{Heap after GC invocations=30 (full 0):
 garbage-first heap   total 120832K, used 77011K [0x00000000a0000000, 0x0000000100000000)
  region size 1024K, 4 young (4096K), 4 survivors (4096K)
 Metaspace       used 75764K, capacity 77785K, committed 77900K, reserved 1116160K
  class space    used 9794K, capacity 10458K, committed 10572K, reserved 1048576K
}
Event: 13.949 GC heap before
{Heap before GC invocations=31 (full 0):
 garbage-first heap   total 120832K, used 101587K [0x00000000a0000000, 0x0000000100000000)
  region size 1024K, 28 young (28672K), 4 survivors (4096K)
 Metaspace       used 76628K, capacity 78691K, committed 78924K, reserved 1118208K
  class space    used 9959K, capacity 10719K, committed 10828K, reserved 1048576K
}
Event: 13.954 GC heap after
{Heap after GC invocations=32 (full 0):
 garbage-first heap   total 120832K, used 79359K [0x00000000a0000000, 0x0000000100000000)
  region size 1024K, 4 young (4096K), 4 survivors (4096K)
 Metaspace       used 76628K, capacity 78691K, committed 78924K, reserved 1118208K
  class space    used 9959K, capacity 10719K, committed 10828K, reserved 1048576K
}
Event: 14.196 GC heap before
{Heap before GC invocations=32 (full 0):
 garbage-first heap   total 120832K, used 101887K [0x00000000a0000000, 0x0000000100000000)
  region size 1024K, 26 young (26624K), 4 survivors (4096K)
 Metaspace       used 77565K, capacity 79738K, committed 79820K, reserved 1118208K
  class space    used 10099K, capacity 10910K, committed 10956K, reserved 1048576K
}
Event: 14.202 GC heap after
{Heap after GC invocations=33 (full 0):
 garbage-first heap   total 120832K, used 81885K [0x00000000a0000000, 0x0000000100000000)
  region size 1024K, 3 young (3072K), 3 survivors (3072K)
 Metaspace       used 77565K, capacity 79738K, committed 79820K, reserved 1118208K
  class space    used 10099K, capacity 10910K, committed 10956K, reserved 1048576K
}
Event: 14.509 GC heap before
{Heap before GC invocations=34 (full 0):
 garbage-first heap   total 120832K, used 102365K [0x00000000a0000000, 0x0000000100000000)
  region size 1024K, 23 young (23552K), 3 survivors (3072K)
 Metaspace       used 79323K, capacity 81477K, committed 81612K, reserved 1120256K
  class space    used 10359K, capacity 11142K, committed 11212K, reserved 1048576K
}
Event: 14.513 GC heap after
{Heap after GC invocations=35 (full 0):
 garbage-first heap   total 145408K, used 82922K [0x00000000a0000000, 0x0000000100000000)
  region size 1024K, 2 young (2048K), 2 survivors (2048K)
 Metaspace       used 79323K, capacity 81477K, committed 81612K, reserved 1120256K
  class space    used 10359K, capacity 11142K, committed 11212K, reserved 1048576K
}
Event: 15.032 GC heap before
{Heap before GC invocations=35 (full 0):
 garbage-first heap   total 145408K, used 113642K [0x00000000a0000000, 0x0000000100000000)
  region size 1024K, 32 young (32768K), 2 survivors (2048K)
 Metaspace       used 83119K, capacity 85366K, committed 85452K, reserved 1122304K
  class space    used 10877K, capacity 11677K, committed 11724K, reserved 1048576K
}
Event: 15.037 GC heap after
{Heap after GC invocations=36 (full 0):
 garbage-first heap   total 145408K, used 84542K [0x00000000a0000000, 0x0000000100000000)
  region size 1024K, 3 young (3072K), 3 survivors (3072K)
 Metaspace       used 83119K, capacity 85366K, committed 85452K, reserved 1122304K
  class space    used 10877K, capacity 11677K, committed 11724K, reserved 1048576K
}
Event: 15.417 GC heap before
{Heap before GC invocations=37 (full 0):
 garbage-first heap   total 145408K, used 115262K [0x00000000a0000000, 0x0000000100000000)
  region size 1024K, 33 young (33792K), 3 survivors (3072K)
 Metaspace       used 85063K, capacity 87259K, committed 87500K, reserved 1124352K
  class space    used 11115K, capacity 11938K, committed 11980K, reserved 1048576K
}
Event: 15.421 GC heap after
{Heap after GC invocations=38 (full 0):
 garbage-first heap   total 145408K, used 87392K [0x00000000a0000000, 0x0000000100000000)
  region size 1024K, 5 young (5120K), 5 survivors (5120K)
 Metaspace       used 85063K, capacity 87259K, committed 87500K, reserved 1124352K
  class space    used 11115K, capacity 11938K, committed 11980K, reserved 1048576K
}
Event: 15.771 GC heap before
{Heap before GC invocations=38 (full 0):
 garbage-first heap   total 145408K, used 116064K [0x00000000a0000000, 0x0000000100000000)
  region size 1024K, 34 young (34816K), 5 survivors (5120K)
 Metaspace       used 88093K, capacity 90497K, committed 90700K, reserved 1128448K
  class space    used 11480K, capacity 12348K, committed 12364K, reserved 1048576K
}
Event: 15.777 GC heap after
{Heap after GC invocations=39 (full 0):
 garbage-first heap   total 145408K, used 91484K [0x00000000a0000000, 0x0000000100000000)
  region size 1024K, 5 young (5120K), 5 survivors (5120K)
 Metaspace       used 88093K, capacity 90497K, committed 90700K, reserved 1128448K
  class space    used 11480K, capacity 12348K, committed 12364K, reserved 1048576K
}
Event: 16.227 GC heap before
{Heap before GC invocations=40 (full 0):
 garbage-first heap   total 145408K, used 117084K [0x00000000a0000000, 0x0000000100000000)
  region size 1024K, 31 young (31744K), 5 survivors (5120K)
 Metaspace       used 88886K, capacity 91452K, committed 91724K, reserved 1128448K
  class space    used 11630K, capacity 12537K, committed 12620K, reserved 1048576K
}
Event: 16.232 GC heap after
{Heap after GC invocations=41 (full 0):
 garbage-first heap   total 145408K, used 93166K [0x00000000a0000000, 0x0000000100000000)
  region size 1024K, 2 young (2048K), 2 survivors (2048K)
 Metaspace       used 88886K, capacity 91452K, committed 91724K, reserved 1128448K
  class space    used 11630K, capacity 12537K, committed 12620K, reserved 1048576K
}

Deoptimization events (20 events):
Event: 16.142 Thread 0x000002481ad9a000 DEOPT PACKING pc=0x00000248009fcc1b sp=0x000000736fbfb7e0
Event: 16.142 Thread 0x000002481ad9a000 DEOPT UNPACKING pc=0x00000248000276ce sp=0x000000736fbfad20 mode 0
Event: 16.143 Thread 0x000002481ad9a000 DEOPT PACKING pc=0x0000024801617db8 sp=0x000000736fbfbdf0
Event: 16.143 Thread 0x000002481ad9a000 DEOPT UNPACKING pc=0x00000248000276ce sp=0x000000736fbfb2f8 mode 0
Event: 16.143 Thread 0x000002481ad9a000 DEOPT PACKING pc=0x00000248009fcc1b sp=0x000000736fbfb7d0
Event: 16.143 Thread 0x000002481ad9a000 DEOPT UNPACKING pc=0x00000248000276ce sp=0x000000736fbfad10 mode 0
Event: 16.143 Thread 0x000002481ad9a000 DEOPT PACKING pc=0x0000024801617db8 sp=0x000000736fbfbde0
Event: 16.143 Thread 0x000002481ad9a000 DEOPT UNPACKING pc=0x00000248000276ce sp=0x000000736fbfb2e8 mode 0
Event: 16.144 Thread 0x000002481ad9a000 DEOPT PACKING pc=0x0000024801617db8 sp=0x000000736fbfbde0
Event: 16.144 Thread 0x000002481ad9a000 DEOPT UNPACKING pc=0x00000248000276ce sp=0x000000736fbfb2e8 mode 0
Event: 16.144 Thread 0x000002481ad9a000 DEOPT PACKING pc=0x00000248009fcc1b sp=0x000000736fbfb7d0
Event: 16.144 Thread 0x000002481ad9a000 DEOPT UNPACKING pc=0x00000248000276ce sp=0x000000736fbfad10 mode 0
Event: 16.144 Thread 0x000002481ad9a000 DEOPT PACKING pc=0x0000024801617db8 sp=0x000000736fbfbde0
Event: 16.144 Thread 0x000002481ad9a000 DEOPT UNPACKING pc=0x00000248000276ce sp=0x000000736fbfb2e8 mode 0
Event: 16.145 Thread 0x000002481ad9a000 DEOPT PACKING pc=0x0000024801617db8 sp=0x000000736fbfbde0
Event: 16.145 Thread 0x000002481ad9a000 DEOPT UNPACKING pc=0x00000248000276ce sp=0x000000736fbfb2e8 mode 0
Event: 16.146 Thread 0x000002481ad9a000 DEOPT PACKING pc=0x00000248009fcc1b sp=0x000000736fbfb7d0
Event: 16.146 Thread 0x000002481ad9a000 DEOPT UNPACKING pc=0x00000248000276ce sp=0x000000736fbfad10 mode 0
Event: 16.146 Thread 0x000002481ad9a000 DEOPT PACKING pc=0x0000024801617db8 sp=0x000000736fbfbde0
Event: 16.146 Thread 0x000002481ad9a000 DEOPT UNPACKING pc=0x00000248000276ce sp=0x000000736fbfb2e8 mode 0

Classes redefined (0 events):
No events

Internal exceptions (20 events):
Event: 16.234 Thread 0x000002481ad9a000 Exception <a 'java/lang/ClassNotFoundException'{0x00000000a8d6cc38}: org/gradle/process/internal/DefaultExecActionBeanInfo> (0x00000000a8d6cc38) thrown at [./src/hotspot/share/classfile/systemDictionary.cpp, line 231]
Event: 16.234 Thread 0x000002481ad9a000 Exception <a 'java/lang/ClassNotFoundException'{0x00000000a8d9e4c8}: org/gradle/process/internal/DefaultExecHandleBuilderBeanInfo> (0x00000000a8d9e4c8) thrown at [./src/hotspot/share/classfile/systemDictionary.cpp, line 231]
Event: 16.235 Thread 0x000002481ad9a000 Exception <a 'java/lang/ClassNotFoundException'{0x00000000a8dd03d0}: org/gradle/process/internal/AbstractExecHandleBuilderBeanInfo> (0x00000000a8dd03d0) thrown at [./src/hotspot/share/classfile/systemDictionary.cpp, line 231]
Event: 16.235 Thread 0x000002481ad9a000 Exception <a 'java/lang/ClassNotFoundException'{0x00000000a8c02ff0}: org/gradle/process/internal/DefaultProcessForkOptionsBeanInfo> (0x00000000a8c02ff0) thrown at [./src/hotspot/share/classfile/systemDictionary.cpp, line 231]
Event: 16.236 Thread 0x000002481ad9a000 Exception <a 'java/lang/ClassNotFoundException'{0x00000000a8c35a78}: org/gradle/process/internal/DefaultProcessForkOptionsCustomizer> (0x00000000a8c35a78) thrown at [./src/hotspot/share/classfile/systemDictionary.cpp, line 231]
Event: 16.238 Thread 0x000002481ad9a000 Exception <a 'java/lang/ClassNotFoundException'{0x00000000a8c74f20}: org/gradle/process/internal/AbstractExecHandleBuilderCustomizer> (0x00000000a8c74f20) thrown at [./src/hotspot/share/classfile/systemDictionary.cpp, line 231]
Event: 16.239 Thread 0x000002481ad9a000 Exception <a 'java/lang/ClassNotFoundException'{0x00000000a8cb8790}: org/gradle/process/internal/DefaultExecHandleBuilderCustomizer> (0x00000000a8cb8790) thrown at [./src/hotspot/share/classfile/systemDictionary.cpp, line 231]
Event: 16.240 Thread 0x000002481ad9a000 Exception <a 'java/lang/ClassNotFoundException'{0x00000000a8b13d50}: org/gradle/process/internal/DefaultExecActionCustomizer> (0x00000000a8b13d50) thrown at [./src/hotspot/share/classfile/systemDictionary.cpp, line 231]
Event: 16.241 Thread 0x000002481ad9a000 Exception <a 'java/lang/ClassNotFoundException'{0x00000000a8b4faf0}: org/gradle/process/internal/DefaultExecAction_DecoratedCustomizer> (0x00000000a8b4faf0) thrown at [./src/hotspot/share/classfile/systemDictionary.cpp, line 231]
Event: 16.244 Thread 0x000002481ad9a000 Exception <a 'java/lang/ClassNotFoundException'{0x00000000a8ba7c90}: org/gradle/api/logging/LogLevelBeanInfo> (0x00000000a8ba7c90) thrown at [./src/hotspot/share/classfile/systemDictionary.cpp, line 231]
Event: 16.245 Thread 0x000002481ad9a000 Exception <a 'java/lang/ClassNotFoundException'{0x00000000a8bd0fb8}: org/gradle/api/logging/LogLevelCustomizer> (0x00000000a8bd0fb8) thrown at [./src/hotspot/share/classfile/systemDictionary.cpp, line 231]
Event: 16.249 Thread 0x000002481ad9a000 Exception <a 'java/lang/ClassNotFoundException'{0x00000000a8a40740}: org/gradle/internal/logging/services/DefaultLoggingManagerBeanInfo> (0x00000000a8a40740) thrown at [./src/hotspot/share/classfile/systemDictionary.cpp, line 231]
Event: 16.249 Thread 0x000002481ad9a000 Exception <a 'java/lang/ClassNotFoundException'{0x00000000a8a73758}: org/gradle/internal/logging/services/DefaultLoggingManagerCustomizer> (0x00000000a8a73758) thrown at [./src/hotspot/share/classfile/systemDictionary.cpp, line 231]
Event: 16.253 Thread 0x000002481ad9a000 Exception <a 'java/lang/ClassNotFoundException'{0x00000000a8aad308}: java/lang/BooleanBeanInfo> (0x00000000a8aad308) thrown at [./src/hotspot/share/classfile/systemDictionary.cpp, line 231]
Event: 16.253 Thread 0x000002481ad9a000 Exception <a 'java/lang/ClassNotFoundException'{0x00000000a8ab6da8}: java/lang/BooleanCustomizer> (0x00000000a8ab6da8) thrown at [./src/hotspot/share/classfile/systemDictionary.cpp, line 231]
Event: 16.267 Thread 0x000002481ada6800 Exception <a 'java/lang/NoSuchMethodError'{0x00000000a893e5f0}: 'void java.lang.invoke.DirectMethodHandle$Holder.invokeStatic(java.lang.Object, long)'> (0x00000000a893e5f0) thrown at [./src/hotspot/share/interpreter/linkResolver.cpp, line 773]
Event: 16.268 Thread 0x000002481ada6800 Exception <a 'java/lang/NoSuchMethodError'{0x00000000a89437f8}: 'java.lang.Object java.lang.invoke.DirectMethodHandle$Holder.invokeStatic(java.lang.Object, long)'> (0x00000000a89437f8) thrown at [./src/hotspot/share/interpreter/linkResolver.cpp, line 773]
Event: 16.270 Thread 0x000002481ada6800 Exception <a 'java/lang/NoSuchMethodError'{0x00000000a8951870}: 'java.lang.Object java.lang.invoke.DirectMethodHandle$Holder.invokeStaticInit(java.lang.Object, java.lang.Object, long, java.lang.Object)'> (0x00000000a8951870) thrown at [./src/hotspot/share/interpreter/linkResolver.cpp, line 773]
Event: 16.271 Thread 0x000002481ada6800 Exception <a 'java/lang/NoSuchMethodError'{0x00000000a8957b88}: 'java.lang.Object java.lang.invoke.DirectMethodHandle$Holder.invokeStatic(java.lang.Object, java.lang.Object, long)'> (0x00000000a8957b88) thrown at [./src/hotspot/share/interpreter/linkResolver.cpp, line 773]
Event: 16.272 Thread 0x000002481ada6800 Exception <a 'java/lang/NoSuchMethodError'{0x00000000a895de58}: 'java.lang.Object java.lang.invoke.Invokers$Holder.linkToTargetMethod(java.lang.Object, long, java.lang.Object)'> (0x00000000a895de58) thrown at [./src/hotspot/share/interpreter/linkResolver.cpp, line 773]

Events (20 events):
Event: 16.272 loading class java/lang/ProcessImpl$2
Event: 16.273 loading class java/lang/ProcessImpl$2 done
Event: 16.273 loading class java/lang/Process$PipeInputStream
Event: 16.273 loading class java/lang/Process$PipeInputStream done
Event: 16.273 Executing VM operation: Deoptimize
Event: 16.274 Executing VM operation: Deoptimize done
Event: 16.274 loading class org/gradle/process/internal/streams/ExecOutputHandleRunner
Event: 16.274 loading class org/gradle/process/internal/streams/ExecOutputHandleRunner done
Event: 16.276 Thread 0x000002481ada7000 Thread added: 0x000002481ada7000
Event: 16.276 Thread 0x000002481ada2800 Thread added: 0x000002481ada2800
Event: 20.631 loading class org/gradle/internal/logging/events/StyledTextOutputEvent$Span
Event: 20.631 loading class org/gradle/internal/logging/events/StyledTextOutputEvent$Span done
Event: 20.631 loading class org/gradle/internal/logging/events/operations/StyledTextBuildOperationProgressDetails$Span
Event: 20.631 loading class org/gradle/internal/logging/events/operations/StyledTextBuildOperationProgressDetails$Span done
Event: 20.631 loading class org/gradle/internal/operations/logging/StyledTextBuildOperationProgressDetails$Span
Event: 20.631 loading class org/gradle/internal/operations/logging/StyledTextBuildOperationProgressDetails$Span done
Event: 20.631 Executing VM operation: RevokeBias
Event: 20.631 Executing VM operation: RevokeBias done
Event: 20.632 Executing VM operation: RevokeBias
Event: 20.632 Executing VM operation: RevokeBias done


Dynamic libraries:
0x00007ff7cfcb0000 - 0x00007ff7cfcba000 	C:\Program Files\Android\Android Studio\jre\bin\java.exe
0x00007ffce71a0000 - 0x00007ffce73a9000 	C:\WINDOWS\SYSTEM32\ntdll.dll
0x00007ffce5cc0000 - 0x00007ffce5d7d000 	C:\WINDOWS\System32\KERNEL32.DLL
0x00007ffce49b0000 - 0x00007ffce4d2c000 	C:\WINDOWS\System32\KERNELBASE.dll
0x00007ffce4890000 - 0x00007ffce49a1000 	C:\WINDOWS\System32\ucrtbase.dll
0x00007ffcb7d50000 - 0x00007ffcb7d69000 	C:\Program Files\Android\Android Studio\jre\bin\jli.dll
0x00007ffce6fb0000 - 0x00007ffce715d000 	C:\WINDOWS\System32\USER32.dll
0x00007ffce4d30000 - 0x00007ffce4d56000 	C:\WINDOWS\System32\win32u.dll
0x00007ffce5090000 - 0x00007ffce50b9000 	C:\WINDOWS\System32\GDI32.dll
0x00007ffce4d60000 - 0x00007ffce4e79000 	C:\WINDOWS\System32\gdi32full.dll
0x00007ffce47f0000 - 0x00007ffce488d000 	C:\WINDOWS\System32\msvcp_win.dll
0x00007ffcb3560000 - 0x00007ffcb3577000 	C:\Program Files\Android\Android Studio\jre\bin\VCRUNTIME140.dll
0x00007ffcd16c0000 - 0x00007ffcd1965000 	C:\WINDOWS\WinSxS\amd64_microsoft.windows.common-controls_6595b64144ccf1df_6.0.22000.120_none_9d947278b86cc467\COMCTL32.dll
0x00007ffce6110000 - 0x00007ffce61b3000 	C:\WINDOWS\System32\msvcrt.dll
0x00007ffce5d80000 - 0x00007ffce5db1000 	C:\WINDOWS\System32\IMM32.DLL
0x00007ffcac290000 - 0x00007ffcac32d000 	C:\Program Files\Android\Android Studio\jre\bin\msvcp140.dll
0x00007ffc75030000 - 0x00007ffc75aff000 	C:\Program Files\Android\Android Studio\jre\bin\server\jvm.dll
0x00007ffce5890000 - 0x00007ffce593e000 	C:\WINDOWS\System32\ADVAPI32.dll
0x00007ffce6440000 - 0x00007ffce64de000 	C:\WINDOWS\System32\sechost.dll
0x00007ffce50c0000 - 0x00007ffce51e0000 	C:\WINDOWS\System32\RPCRT4.dll
0x00007ffce61e0000 - 0x00007ffce61e8000 	C:\WINDOWS\System32\PSAPI.DLL
0x00007ffcde9c0000 - 0x00007ffcde9f3000 	C:\WINDOWS\SYSTEM32\WINMM.dll
0x00007ffcb7be0000 - 0x00007ffcb7be9000 	C:\WINDOWS\SYSTEM32\WSOCK32.dll
0x00007ffcdbb70000 - 0x00007ffcdbb7a000 	C:\WINDOWS\SYSTEM32\VERSION.dll
0x00007ffce5740000 - 0x00007ffce57af000 	C:\WINDOWS\System32\ws2_32.DLL
0x00007ffce3740000 - 0x00007ffce3758000 	C:\WINDOWS\SYSTEM32\kernel.appcore.dll
0x00007ffcb2ef0000 - 0x00007ffcb2f01000 	C:\Program Files\Android\Android Studio\jre\bin\verify.dll
0x00007ffce20a0000 - 0x00007ffce22c1000 	C:\WINDOWS\SYSTEM32\DBGHELP.DLL
0x00007ffccf970000 - 0x00007ffccf9a1000 	C:\WINDOWS\SYSTEM32\dbgcore.DLL
0x00007ffce4fb0000 - 0x00007ffce502f000 	C:\WINDOWS\System32\bcryptPrimitives.dll
0x00007ffcb24f0000 - 0x00007ffcb2519000 	C:\Program Files\Android\Android Studio\jre\bin\java.dll
0x00007ffce0910000 - 0x00007ffce091b000 	C:\Program Files\Android\Android Studio\jre\bin\jimage.dll
0x00007ffcb2010000 - 0x00007ffcb2028000 	C:\Program Files\Android\Android Studio\jre\bin\zip.dll
0x00007ffce64e0000 - 0x00007ffce6c98000 	C:\WINDOWS\System32\SHELL32.dll
0x00007ffce27a0000 - 0x00007ffce3008000 	C:\WINDOWS\SYSTEM32\windows.storage.dll
0x00007ffce5940000 - 0x00007ffce5cb9000 	C:\WINDOWS\System32\combase.dll
0x00007ffce2630000 - 0x00007ffce2796000 	C:\WINDOWS\SYSTEM32\wintypes.dll
0x00007ffce6ca0000 - 0x00007ffce6d8a000 	C:\WINDOWS\System32\SHCORE.dll
0x00007ffce5030000 - 0x00007ffce508d000 	C:\WINDOWS\System32\shlwapi.dll
0x00007ffce45b0000 - 0x00007ffce45d1000 	C:\WINDOWS\SYSTEM32\profapi.dll
0x00007ffcac270000 - 0x00007ffcac28a000 	C:\Program Files\Android\Android Studio\jre\bin\net.dll
0x00007ffcdd250000 - 0x00007ffcdd35c000 	C:\WINDOWS\SYSTEM32\WINHTTP.dll
0x00007ffce3c10000 - 0x00007ffce3c77000 	C:\WINDOWS\system32\mswsock.dll
0x00007ffcac250000 - 0x00007ffcac264000 	C:\Program Files\Android\Android Studio\jre\bin\nio.dll
0x00007ffcac220000 - 0x00007ffcac247000 	C:\Users\Jaca\.gradle\native\e1d6ef7f7dcc3fd88c89a11ec53ec762bb8ba0a96d01ffa2cd45eb1d1d8dd5c5\windows-amd64\native-platform.dll
0x00007ffcabfe0000 - 0x00007ffcac124000 	C:\Users\Jaca\.gradle\native\0d407fdbe67a94daf76414ababcb853783967236a71b16ec16e742cd7a986fd3\windows-amd64\native-platform-file-events.dll
0x00007ffcdf940000 - 0x00007ffcdf94a000 	C:\Program Files\Android\Android Studio\jre\bin\management.dll
0x00007ffcdc350000 - 0x00007ffcdc35c000 	C:\Program Files\Android\Android Studio\jre\bin\management_ext.dll
0x00007ffce3e50000 - 0x00007ffce3e68000 	C:\WINDOWS\SYSTEM32\CRYPTSP.dll
0x00007ffce36a0000 - 0x00007ffce36d5000 	C:\WINDOWS\system32\rsaenh.dll
0x00007ffce3d00000 - 0x00007ffce3d29000 	C:\WINDOWS\SYSTEM32\USERENV.dll
0x00007ffce3fe0000 - 0x00007ffce4007000 	C:\WINDOWS\SYSTEM32\bcrypt.dll
0x00007ffce3e70000 - 0x00007ffce3e7c000 	C:\WINDOWS\SYSTEM32\CRYPTBASE.dll
0x00007ffce3260000 - 0x00007ffce328d000 	C:\WINDOWS\SYSTEM32\IPHLPAPI.DLL
0x00007ffce60d0000 - 0x00007ffce60d9000 	C:\WINDOWS\System32\NSI.dll
0x00007ffcdca30000 - 0x00007ffcdca49000 	C:\WINDOWS\SYSTEM32\dhcpcsvc6.DLL
0x00007ffcde990000 - 0x00007ffcde9ae000 	C:\WINDOWS\SYSTEM32\dhcpcsvc.DLL
0x00007ffce32e0000 - 0x00007ffce33c8000 	C:\WINDOWS\SYSTEM32\DNSAPI.dll

dbghelp: loaded successfully - version: 4.0.5 - missing functions: none
symbol engine: initialized successfully - sym options: 0x614 - pdb path: .;C:\Program Files\Android\Android Studio\jre\bin;C:\WINDOWS\SYSTEM32;C:\WINDOWS\WinSxS\amd64_microsoft.windows.common-controls_6595b64144ccf1df_6.0.22000.120_none_9d947278b86cc467;C:\Program Files\Android\Android Studio\jre\bin\server;C:\Users\Jaca\.gradle\native\e1d6ef7f7dcc3fd88c89a11ec53ec762bb8ba0a96d01ffa2cd45eb1d1d8dd5c5\windows-amd64;C:\Users\Jaca\.gradle\native\0d407fdbe67a94daf76414ababcb853783967236a71b16ec16e742cd7a986fd3\windows-amd64

VM Arguments:
jvm_args: --add-opens=java.base/java.util=ALL-UNNAMED --add-opens=java.base/java.lang=ALL-UNNAMED --add-opens=java.base/java.lang.invoke=ALL-UNNAMED --add-opens=java.base/java.util=ALL-UNNAMED --add-opens=java.prefs/java.util.prefs=ALL-UNNAMED --add-opens=java.prefs/java.util.prefs=ALL-UNNAMED --add-opens=java.base/java.nio.charset=ALL-UNNAMED --add-opens=java.base/java.net=ALL-UNNAMED --add-opens=java.base/java.util.concurrent.atomic=ALL-UNNAMED -Xmx1536M -Dfile.encoding=windows-1252 -Duser.country=US -Duser.language=en -Duser.variant 
java_command: org.gradle.launcher.daemon.bootstrap.GradleDaemon 7.4
java_class_path (initial): C:\Users\Jaca\.gradle\wrapper\dists\gradle-7.4-all\aadb4xli5jkdsnukm30eibyiu\gradle-7.4\lib\gradle-launcher-7.4.jar
Launcher Type: SUN_STANDARD

[Global flags]
     intx CICompilerCount                          = 4                                         {product} {ergonomic}
     uint ConcGCThreads                            = 2                                         {product} {ergonomic}
     uint G1ConcRefinementThreads                  = 8                                         {product} {ergonomic}
   size_t G1HeapRegionSize                         = 1048576                                   {product} {ergonomic}
    uintx GCDrainStackTargetSize                   = 64                                        {product} {ergonomic}
   size_t InitialHeapSize                          = 123731968                                 {product} {ergonomic}
   size_t MarkStackSize                            = 4194304                                   {product} {ergonomic}
   size_t MaxHeapSize                              = 1610612736                                {product} {command line}
   size_t MaxNewSize                               = 965738496                                 {product} {ergonomic}
   size_t MinHeapDeltaBytes                        = 1048576                                   {product} {ergonomic}
    uintx NonNMethodCodeHeapSize                   = 5836300                                {pd product} {ergonomic}
    uintx NonProfiledCodeHeapSize                  = 122910970                              {pd product} {ergonomic}
    uintx ProfiledCodeHeapSize                     = 122910970                              {pd product} {ergonomic}
    uintx ReservedCodeCacheSize                    = 251658240                              {pd product} {ergonomic}
     bool SegmentedCodeCache                       = true                                      {product} {ergonomic}
     bool UseCompressedClassPointers               = true                                 {lp64_product} {ergonomic}
     bool UseCompressedOops                        = true                                 {lp64_product} {ergonomic}
     bool UseG1GC                                  = true                                      {product} {ergonomic}
     bool UseLargePagesIndividualAllocation        = false                                  {pd product} {ergonomic}

Logging:
Log output configuration:
 #0: stdout all=warning uptime,level,tags
 #1: stderr all=off uptime,level,tags

Environment Variables:
JAVA_HOME=C:\Program Files\Android\Android Studio\jre
CLASSPATH=C:\Users\Jaca\Desktop\Proyectos\AcademyApp\Flutter\acdemy\android\\gradle\wrapper\gradle-wrapper.jar
PATH=C:\ProgramData\Oracle\Java\javapath;C:\Users\Jaca\Downloads\WINDOWS.X64_193000_db_home\bin;C:\Program Files\Microsoft MPI\Bin\;C:\Python310\Scripts\;C:\Python310\;C:\Program Files\Common Files\Oracle\Java\javapath;C:\Program Files (x86)\Common Files\Oracle\Java\javapath;C:\WINDOWS\system32;C:\WINDOWS;C:\WINDOWS\System32\Wbem;C:\WINDOWS\System32\WindowsPowerShell\v1.0\;C:\WINDOWS\System32\OpenSSH\;C:\Program Files\Git\cmd;C:\Program Files (x86)\GitExtensions\;C:\Program Files\nodejs\;C:\ProgramData\chocolatey\bin;C:\Program Files (x86)\WinMerge;C:\xampp\php\php.ini;C:\xampp\php\;C:\ProgramData\ComposerSetup\bin;C:\flutter\bin;C:\Program Files (x86)\Microsoft SQL Server\150\Tools\Binn\;C:\Program Files\Microsoft SQL Server\150\Tools\Binn\;C:\Program Files (x86)\Microsoft SQL Server\150\DTS\Binn\;C:\Program Files\Microsoft SQL Server\150\DTS\Binn\;C:\Program Files\Microsoft SQL Server\Client SDK\ODBC\170\Tools\Binn\;C:\Program Files\Azure Data Studio\bin;C:\Program Files\dotnet\;C:\Program Files\Microsoft SQL Server\130\Tools\Binn\;C:\Program Files (x86)\Microsoft SQL Server\110\DTS\Binn\;C:\Program Files (x86)\Microsoft SQL Server\120\DTS\Binn\;C:\Program Files (x86)\Microsoft SQL Server\130\DTS\Binn\;C:\Program Files (x86)\Microsoft SQL Server\140\DTS\Binn\;C:\WINDOWS\system32;C:\WINDOWS;C:\WINDOWS\System32\Wbem;C:\WINDOWS\System32\WindowsPowerShell\v1.0\;C:\WINDOWS\System32\OpenSSH\;C;C:\Program Files\Graphviz\bin;C:\Users\Jaca\AppData\Local\Microsoft\WindowsApps;C:\Users\Jaca\AppData\Local\Programs\Microsoft VS Code\bin;C:\Users\Jaca\AppData\Roaming\npm;C:\xampp\php\;C:\xampp\php\php.ini;C:\Users\Jaca\AppData\Roaming\Composer\vendor\bin;C:\flutter\bin;;C:\Program Files\Azure Data Studio\bin;C:\Program Files\JetBrains\PyCharm Community Edition 2021.3.3\bin;;C:\Program Files\JetBrains\IntelliJ IDEA Community Edition 2021.3.3\bin;;C:\Users\Jaca\.dotnet\tools;C:\flutter\bin\mingit\cmd
USERNAME=Jaca
OS=Windows_NT
PROCESSOR_IDENTIFIER=AMD64 Family 23 Model 96 Stepping 1, AuthenticAMD



---------------  S Y S T E M  ---------------

OS: Windows 10 , 64 bit Build 22000 (10.0.22000.708)
OS uptime: 0 days 11:55 hours
Hyper-V role detected

CPU:total 8 (initial active 8) (8 cores per cpu, 1 threads per core) family 23 model 96 stepping 1 microcode 0x0, cmov, cx8, fxsr, mmx, sse, sse2, sse3, ssse3, sse4.1, sse4.2, popcnt, avx, avx2, aes, clmul, mmxext, 3dnowpref, lzcnt, sse4a, tsc, tscinvbit, tscinv, bmi1, bmi2, adx, sha, 

Memory: 4k page, system-wide physical 7550M (114M free)
TotalPageFile size 30586M (AvailPageFile size 0M)
current process WorkingSet (physical memory assigned to process): 351M, peak: 391M
current process commit charge ("private bytes"): 414M, peak: 430M

vm_info: OpenJDK 64-Bit Server VM (11.0.10+0-b96-7249189) for windows-amd64 JRE (11.0.10+0-b96-7249189), built on Mar 31 2021 21:44:00 by "builder" with MS VC++ 14.0 (VS2015)

END.
